#
# There is insufficient memory for the Java Runtime Environment to continue.
# Native memory allocation (mmap) failed to map 65536 bytes. Error detail: Failed to commit metaspace.
# Possible reasons:
#   The system is out of physical RAM or swap space
#   This process is running with CompressedOops enabled, and the Java Heap may be blocking the growth of the native heap
# Possible solutions:
#   Reduce memory load on the system
#   Increase physical memory or swap space
#   Check if swap backing store is full
#   Decrease Java heap size (-Xmx/-Xms)
#   Decrease number of Java threads
#   Decrease Java thread stack sizes (-Xss)
#   Set larger code cache with -XX:ReservedCodeCacheSize=
#   JVM is running with Unscaled Compressed Oops mode in which the Java heap is
#     placed in the first 4GB address space. The Java Heap base address is the
#     maximum limit for the native heap growth. Please use -XX:HeapBaseMinAddress
#     to set the Java Heap base and to place the Java Heap above 4GB virtual address.
# This output file may be truncated or incomplete.
#
#  Out of Memory Error (virtualSpaceNode.cpp:113), pid=13980, tid=128584
#
# JRE version: Java(TM) SE Runtime Environment (24.0.2+12) (build 24.0.2+12-54)
# Java VM: Java HotSpot(TM) 64-Bit Server VM (24.0.2+12-54, mixed mode, sharing, tiered, compressed oops, compressed class ptrs, g1 gc, windows-amd64)
# No core dump will be written. Minidumps are not enabled by default on client versions of Windows
#

---------------  S U M M A R Y ------------

Command Line: --add-opens=java.base/java.lang=ALL-UNNAMED --add-opens=java.base/java.lang.invoke=ALL-UNNAMED --add-opens=java.base/java.util=ALL-UNNAMED --add-opens=java.prefs/java.util.prefs=ALL-UNNAMED --add-exports=jdk.compiler/com.sun.tools.javac.api=ALL-UNNAMED --add-exports=jdk.compiler/com.sun.tools.javac.util=ALL-UNNAMED --add-opens=java.base/java.util=ALL-UNNAMED --add-opens=java.prefs/java.util.prefs=ALL-UNNAMED --add-opens=java.base/java.nio.charset=ALL-UNNAMED --add-opens=java.base/java.net=ALL-UNNAMED --add-opens=java.base/java.util.concurrent=ALL-UNNAMED --add-opens=java.base/java.util.concurrent.atomic=ALL-UNNAMED --add-opens=java.xml/javax.xml.namespace=ALL-UNNAMED --enable-native-access=ALL-UNNAMED -XX:MaxMetaspaceSize=384m -XX:+HeapDumpOnOutOfMemoryError -Xms256m -Xmx512m -Dfile.encoding=UTF-8 -Duser.country=US -Duser.language=en -Duser.variant -javaagent:C:\Users\tangw\.gradle\wrapper\dists\gradle-9.0.0-bin\d6wjpkvcgsg3oed0qlfss3wgl\gradle-9.0.0\lib\agents\gradle-instrumentation-agent-9.0.0.jar org.gradle.launcher.daemon.bootstrap.GradleDaemon 9.0.0

Host: Intel(R) Core(TM) i5-10300H CPU @ 2.50GHz, 8 cores, 23G,  Windows 10 , 64 bit Build 19041 (10.0.19041.5915)
Time: Thu Feb 19 19:36:42 2026 SE Asia Standard Time elapsed time: 9.854741 seconds (0d 0h 0m 9s)

---------------  T H R E A D  ---------------

Current thread (0x000001e237698890):  VMThread "VM Thread"          [id=128584, stack(0x0000003af3e00000,0x0000003af3f00000) (1024K)]

Stack: [0x0000003af3e00000,0x0000003af3f00000]
Native frames: (J=compiled Java code, j=interpreted, Vv=VM code, C=native code)
V  [jvm.dll+0x730829]  (no source info available)
V  [jvm.dll+0x8d9da3]  (no source info available)
V  [jvm.dll+0x8dc28d]  (no source info available)
V  [jvm.dll+0x8dc903]  (no source info available)
V  [jvm.dll+0x2a9f56]  (no source info available)
V  [jvm.dll+0x8d595e]  (no source info available)
V  [jvm.dll+0x6cce45]  (no source info available)
V  [jvm.dll+0x20a64c]  (no source info available)
V  [jvm.dll+0x20a41e]  (no source info available)
V  [jvm.dll+0x6cfa67]  (no source info available)
V  [jvm.dll+0x6cf627]  (no source info available)
V  [jvm.dll+0x24c837]  (no source info available)
V  [jvm.dll+0x3be73f]  (no source info available)
V  [jvm.dll+0x8e29c2]  (no source info available)
V  [jvm.dll+0x8e3d0c]  (no source info available)
V  [jvm.dll+0x8e4278]  (no source info available)
V  [jvm.dll+0x8e4513]  (no source info available)
V  [jvm.dll+0x87d9eb]  (no source info available)
V  [jvm.dll+0x72ef45]  (no source info available)
C  [ucrtbase.dll+0x21bb2]  (no source info available)
C  [KERNEL32.DLL+0x17374]  (no source info available)
C  [ntdll.dll+0x4cc91]  (no source info available)

VM_Operation (0x0000003af54f7670): CollectForMetadataAllocation, mode: safepoint, requested by thread 0x000001e25103a710


---------------  P R O C E S S  ---------------

Threads class SMR info:
_java_thread_list=0x000001e252f51810, length=25, elements={
0x000001e21c525d80, 0x000001e2376a7400, 0x000001e2376a8d50, 0x000001e2376acb50,
0x000001e2376f0090, 0x000001e2376f1360, 0x000001e2376afe30, 0x000001e2376b48f0,
0x000001e2376bb490, 0x000001e237882b90, 0x000001e23792edf0, 0x000001e2527ed370,
0x000001e251f49ac0, 0x000001e252aa8250, 0x000001e25283b9e0, 0x000001e25103b5b0,
0x000001e25103ae60, 0x000001e25103a710, 0x000001e25103bd00, 0x000001e251039fc0,
0x000001e2510389d0, 0x000001e251039870, 0x000001e252d02520, 0x000001e252d02c70,
0x000001e252de3090
}

Java Threads: ( => current thread )
  0x000001e21c525d80 JavaThread "main"                              [_thread_blocked, id=23864, stack(0x0000003af3700000,0x0000003af3800000) (1024K)]
  0x000001e2376a7400 JavaThread "Reference Handler"          daemon [_thread_blocked, id=134664, stack(0x0000003af3f00000,0x0000003af4000000) (1024K)]
  0x000001e2376a8d50 JavaThread "Finalizer"                  daemon [_thread_blocked, id=134880, stack(0x0000003af4000000,0x0000003af4100000) (1024K)]
  0x000001e2376acb50 JavaThread "Signal Dispatcher"          daemon [_thread_blocked, id=16112, stack(0x0000003af4100000,0x0000003af4200000) (1024K)]
  0x000001e2376f0090 JavaThread "Attach Listener"            daemon [_thread_blocked, id=134288, stack(0x0000003af4200000,0x0000003af4300000) (1024K)]
  0x000001e2376f1360 JavaThread "Service Thread"             daemon [_thread_blocked, id=11472, stack(0x0000003af4300000,0x0000003af4400000) (1024K)]
  0x000001e2376afe30 JavaThread "Monitor Deflation Thread"   daemon [_thread_blocked, id=132568, stack(0x0000003af4400000,0x0000003af4500000) (1024K)]
  0x000001e2376b48f0 JavaThread "C2 CompilerThread0"         daemon [_thread_blocked, id=133892, stack(0x0000003af4500000,0x0000003af4600000) (1024K)]
  0x000001e2376bb490 JavaThread "C1 CompilerThread0"         daemon [_thread_blocked, id=17596, stack(0x0000003af4600000,0x0000003af4700000) (1024K)]
  0x000001e237882b90 JavaThread "Common-Cleaner"             daemon [_thread_blocked, id=18076, stack(0x0000003af4700000,0x0000003af4800000) (1024K)]
  0x000001e23792edf0 JavaThread "Notification Thread"        daemon [_thread_blocked, id=83160, stack(0x0000003af4800000,0x0000003af4900000) (1024K)]
  0x000001e2527ed370 JavaThread "Daemon health stats"               [_thread_blocked, id=135448, stack(0x0000003af4e00000,0x0000003af4f00000) (1024K)]
  0x000001e251f49ac0 JavaThread "Incoming local TCP Connector on port 17446"        [_thread_in_native, id=135620, stack(0x0000003af4f00000,0x0000003af5000000) (1024K)]
  0x000001e252aa8250 JavaThread "Daemon periodic checks"            [_thread_blocked, id=135688, stack(0x0000003af5000000,0x0000003af5100000) (1024K)]
  0x000001e25283b9e0 JavaThread "Daemon"                            [_thread_blocked, id=135696, stack(0x0000003af5200000,0x0000003af5300000) (1024K)]
  0x000001e25103b5b0 JavaThread "Handler for socket connection from /127.0.0.1:17446 to /127.0.0.1:17447"        [_thread_in_native, id=135700, stack(0x0000003af5300000,0x0000003af5400000) (1024K)]
  0x000001e25103ae60 JavaThread "Cancel handler"                    [_thread_blocked, id=135712, stack(0x0000003af5100000,0x0000003af5200000) (1024K)]
  0x000001e25103a710 JavaThread "Daemon worker"                     [_thread_blocked, id=135732, stack(0x0000003af5400000,0x0000003af5500000) (1024K)]
  0x000001e25103bd00 JavaThread "Asynchronous log dispatcher for DefaultDaemonConnection: socket connection from /127.0.0.1:17446 to /127.0.0.1:17447"        [_thread_blocked, id=135752, stack(0x0000003af5500000,0x0000003af5600000) (1024K)]
  0x000001e251039fc0 JavaThread "Stdin handler"                     [_thread_blocked, id=135764, stack(0x0000003af5600000,0x0000003af5700000) (1024K)]
  0x000001e2510389d0 JavaThread "Daemon client event forwarder"        [_thread_blocked, id=135772, stack(0x0000003af5700000,0x0000003af5800000) (1024K)]
  0x000001e251039870 JavaThread "Cache worker for journal cache (C:\Users\tangw\.gradle\caches\journal-1)"        [_thread_blocked, id=136068, stack(0x0000003af5800000,0x0000003af5900000) (1024K)]
  0x000001e252d02520 JavaThread "File lock request listener"        [_thread_in_native, id=136072, stack(0x0000003af5900000,0x0000003af5a00000) (1024K)]
  0x000001e252d02c70 JavaThread "Cache worker for file hash cache (C:\Users\tangw\.gradle\caches\9.0.0\fileHashes)"        [_thread_blocked, id=136092, stack(0x0000003af5a00000,0x0000003af5b00000) (1024K)]
  0x000001e252de3090 JavaThread "C2 CompilerThread1"         daemon [_thread_blocked, id=126480, stack(0x0000003af5d00000,0x0000003af5e00000) (1024K)]
Total: 25

Other Threads:
=>0x000001e237698890 VMThread "VM Thread"                           [id=128584, stack(0x0000003af3e00000,0x0000003af3f00000) (1024K)]
  0x000001e237564900 WatcherThread "VM Periodic Task Thread"        [id=133728, stack(0x0000003af3d00000,0x0000003af3e00000) (1024K)]
  0x000001e21c552eb0 WorkerThread "GC Thread#0"                     [id=31296, stack(0x0000003af3800000,0x0000003af3900000) (1024K)]
  0x000001e251e3b340 WorkerThread "GC Thread#1"                     [id=116472, stack(0x0000003af4900000,0x0000003af4a00000) (1024K)]
  0x000001e251e3b6f0 WorkerThread "GC Thread#2"                     [id=115824, stack(0x0000003af4a00000,0x0000003af4b00000) (1024K)]
  0x000001e251dc5200 WorkerThread "GC Thread#3"                     [id=122868, stack(0x0000003af4b00000,0x0000003af4c00000) (1024K)]
  0x000001e251dc55b0 WorkerThread "GC Thread#4"                     [id=134284, stack(0x0000003af4c00000,0x0000003af4d00000) (1024K)]
  0x000001e251dc5960 WorkerThread "GC Thread#5"                     [id=133648, stack(0x0000003af4d00000,0x0000003af4e00000) (1024K)]
  0x000001e252a595b0 WorkerThread "GC Thread#6"                     [id=136128, stack(0x0000003af5b00000,0x0000003af5c00000) (1024K)]
  0x000001e252a58e50 WorkerThread "GC Thread#7"                     [id=136132, stack(0x0000003af5c00000,0x0000003af5d00000) (1024K)]
  0x000001e21c558cb0 ConcurrentGCThread "G1 Main Marker"            [id=85776, stack(0x0000003af3900000,0x0000003af3a00000) (1024K)]
  0x000001e21c559d80 WorkerThread "G1 Conc#0"                       [id=92276, stack(0x0000003af3a00000,0x0000003af3b00000) (1024K)]
  0x000001e252a59d10 WorkerThread "G1 Conc#1"                       [id=135648, stack(0x0000003af5e00000,0x0000003af5f00000) (1024K)]
  0x000001e21c5ed330 ConcurrentGCThread "G1 Refine#0"               [id=133732, stack(0x0000003af3b00000,0x0000003af3c00000) (1024K)]
  0x000001e21c5edc60 ConcurrentGCThread "G1 Service"                [id=131648, stack(0x0000003af3c00000,0x0000003af3d00000) (1024K)]
Total: 15

Threads with active compile tasks:
Total: 0

VM state: at safepoint (normal execution)

VM Mutex/Monitor currently owned by a thread:  ([mutex/lock_event])
[0x00007ffb361c24f0] Metaspace_lock - owner thread: 0x000001e237698890
[0x00007ffb361c44f0] Threads_lock - owner thread: 0x000001e237698890
[0x00007ffb361c45f0] Heap_lock - owner thread: 0x000001e25103a710

Heap address: 0x00000000e0000000, size: 512 MB, Compressed Oops mode: 32-bit

CDS archive(s) mapped at: [0x000001e238000000-0x000001e238d40000-0x000001e238d40000), size 13893632, SharedBaseAddress: 0x000001e238000000, ArchiveRelocationMode: 1.
Compressed class space mapped at: 0x000001e239000000-0x000001e24d000000, reserved size: 335544320
UseCompressedClassPointers 1, UseCompactObjectHeaders 0
Narrow klass pointer bits 32, Max shift 3
Narrow klass base: 0x000001e238000000, Narrow klass shift: 0
Encoding Range: [0x000001e238000000 - 0x000001e338000000), (4294967296 bytes)
Klass Range:    [0x000001e238000000 - 0x000001e24d000000), (352321536 bytes)
Klass ID Range:  [8 - 352321529) (352321521)

GC Precious Log:
 CardTable entry size: 512
 Card Set container configuration: InlinePtr #cards 5 size 8 Array Of Cards #cards 10 size 36 Howl #buckets 4 coarsen threshold 1843 Howl Bitmap #cards 512 size 80 coarsen threshold 460 Card regions per heap region 1 cards per card region 2048
 CPUs: 8 total, 8 available
 Memory: 24412M
 Large Page Support: Disabled
 NUMA Support: Disabled
 Compressed Oops: Enabled (32-bit)
 Heap Region Size: 1M
 Heap Min Capacity: 256M
 Heap Initial Capacity: 256M
 Heap Max Capacity: 512M
 Pre-touch: Disabled
 Parallel Workers: 8
 Concurrent Workers: 2
 Concurrent Refinement Workers: 8
 Periodic GC: Disabled

Heap:
 garbage-first heap   total reserved 524288K, committed 264192K, used 24328K [0x00000000e0000000, 0x0000000100000000)
  region size 1024K, 3 young (3072K), 3 survivors (3072K)
 Metaspace       used 20933K, committed 21504K, reserved 393216K
  class space    used 2175K, committed 2432K, reserved 327680K

Heap Regions: E=young(eden), S=young(survivor), O=old, HS=humongous(starts), HC=humongous(continues), CS=collection set, F=free, TAMS=top-at-mark-start, PB=parsable bottom
|   0|0x00000000e0000000, 0x00000000e0100000, 0x00000000e0100000|100%|HS|  |TAMS 0x00000000e0100000| PB 0x00000000e0000000| Complete |  0
|   1|0x00000000e0100000, 0x00000000e0200000, 0x00000000e0200000|100%|HC|  |TAMS 0x00000000e0200000| PB 0x00000000e0100000| Complete |  0
|   2|0x00000000e0200000, 0x00000000e0300000, 0x00000000e0300000|100%|HC|  |TAMS 0x00000000e0300000| PB 0x00000000e0200000| Complete |  0
|   3|0x00000000e0300000, 0x00000000e0400000, 0x00000000e0400000|100%| O|  |TAMS 0x00000000e0400000| PB 0x00000000e0300000| Untracked |  0
|   4|0x00000000e0400000, 0x00000000e0500000, 0x00000000e0500000|100%|HS|  |TAMS 0x00000000e0500000| PB 0x00000000e0400000| Complete |  0
|   5|0x00000000e0500000, 0x00000000e0500000, 0x00000000e0600000|  0%| F|  |TAMS 0x00000000e0500000| PB 0x00000000e0500000| Untracked |  0
|   6|0x00000000e0600000, 0x00000000e0700000, 0x00000000e0700000|100%| O|  |TAMS 0x00000000e061b5f0| PB 0x00000000e0600000| Untracked |  0
|   7|0x00000000e0700000, 0x00000000e0700000, 0x00000000e0800000|  0%| F|  |TAMS 0x00000000e0700000| PB 0x00000000e0700000| Untracked |  0
|   8|0x00000000e0800000, 0x00000000e0900000, 0x00000000e0900000|100%| O|  |TAMS 0x00000000e0800000| PB 0x00000000e0800000| Untracked |  0
|   9|0x00000000e0900000, 0x00000000e0a00000, 0x00000000e0a00000|100%| O|  |TAMS 0x00000000e0900000| PB 0x00000000e0900000| Untracked |  0
|  10|0x00000000e0a00000, 0x00000000e0b00000, 0x00000000e0b00000|100%| O|  |TAMS 0x00000000e0a00000| PB 0x00000000e0a00000| Untracked |  0
|  11|0x00000000e0b00000, 0x00000000e0c00000, 0x00000000e0c00000|100%| O|  |TAMS 0x00000000e0b00000| PB 0x00000000e0b00000| Untracked |  0
|  12|0x00000000e0c00000, 0x00000000e0d00000, 0x00000000e0d00000|100%| O|  |TAMS 0x00000000e0c00000| PB 0x00000000e0c00000| Untracked |  0
|  13|0x00000000e0d00000, 0x00000000e0e00000, 0x00000000e0e00000|100%| O|  |TAMS 0x00000000e0d00000| PB 0x00000000e0d00000| Untracked |  0
|  14|0x00000000e0e00000, 0x00000000e0f00000, 0x00000000e0f00000|100%| O|  |TAMS 0x00000000e0e00000| PB 0x00000000e0e00000| Untracked |  0
|  15|0x00000000e0f00000, 0x00000000e1000000, 0x00000000e1000000|100%| O|  |TAMS 0x00000000e0f00000| PB 0x00000000e0f00000| Untracked |  0
|  16|0x00000000e1000000, 0x00000000e1100000, 0x00000000e1100000|100%| O|  |TAMS 0x00000000e1000000| PB 0x00000000e1000000| Untracked |  0
|  17|0x00000000e1100000, 0x00000000e1200000, 0x00000000e1200000|100%| O|  |TAMS 0x00000000e1100000| PB 0x00000000e1100000| Untracked |  0
|  18|0x00000000e1200000, 0x00000000e1300000, 0x00000000e1300000|100%| O|  |TAMS 0x00000000e1200000| PB 0x00000000e1200000| Untracked |  0
|  19|0x00000000e1300000, 0x00000000e1400000, 0x00000000e1400000|100%| O|  |TAMS 0x00000000e1300000| PB 0x00000000e1300000| Untracked |  0
|  20|0x00000000e1400000, 0x00000000e1500000, 0x00000000e1500000|100%| O|  |TAMS 0x00000000e1400000| PB 0x00000000e1400000| Untracked |  0
|  21|0x00000000e1500000, 0x00000000e1600000, 0x00000000e1600000|100%| O|  |TAMS 0x00000000e1500000| PB 0x00000000e1500000| Untracked |  0
|  22|0x00000000e1600000, 0x00000000e160c330, 0x00000000e1700000|  4%| O|  |TAMS 0x00000000e1600000| PB 0x00000000e1600000| Untracked |  0
|  23|0x00000000e1700000, 0x00000000e1700000, 0x00000000e1800000|  0%| F|  |TAMS 0x00000000e1700000| PB 0x00000000e1700000| Untracked |  0
|  24|0x00000000e1800000, 0x00000000e1800000, 0x00000000e1900000|  0%| F|  |TAMS 0x00000000e1800000| PB 0x00000000e1800000| Untracked |  0
|  25|0x00000000e1900000, 0x00000000e1900000, 0x00000000e1a00000|  0%| F|  |TAMS 0x00000000e1900000| PB 0x00000000e1900000| Untracked |  0
|  26|0x00000000e1a00000, 0x00000000e1a00000, 0x00000000e1b00000|  0%| F|  |TAMS 0x00000000e1a00000| PB 0x00000000e1a00000| Untracked |  0
|  27|0x00000000e1b00000, 0x00000000e1b00000, 0x00000000e1c00000|  0%| F|  |TAMS 0x00000000e1b00000| PB 0x00000000e1b00000| Untracked |  0
|  28|0x00000000e1c00000, 0x00000000e1c00000, 0x00000000e1d00000|  0%| F|  |TAMS 0x00000000e1c00000| PB 0x00000000e1c00000| Untracked |  0
|  29|0x00000000e1d00000, 0x00000000e1d00000, 0x00000000e1e00000|  0%| F|  |TAMS 0x00000000e1d00000| PB 0x00000000e1d00000| Untracked |  0
|  30|0x00000000e1e00000, 0x00000000e1e00000, 0x00000000e1f00000|  0%| F|  |TAMS 0x00000000e1e00000| PB 0x00000000e1e00000| Untracked |  0
|  31|0x00000000e1f00000, 0x00000000e1f00000, 0x00000000e2000000|  0%| F|  |TAMS 0x00000000e1f00000| PB 0x00000000e1f00000| Untracked |  0
|  32|0x00000000e2000000, 0x00000000e2000000, 0x00000000e2100000|  0%| F|  |TAMS 0x00000000e2000000| PB 0x00000000e2000000| Untracked |  0
|  33|0x00000000e2100000, 0x00000000e2100000, 0x00000000e2200000|  0%| F|  |TAMS 0x00000000e2100000| PB 0x00000000e2100000| Untracked |  0
|  34|0x00000000e2200000, 0x00000000e2200000, 0x00000000e2300000|  0%| F|  |TAMS 0x00000000e2200000| PB 0x00000000e2200000| Untracked |  0
|  35|0x00000000e2300000, 0x00000000e2300000, 0x00000000e2400000|  0%| F|  |TAMS 0x00000000e2300000| PB 0x00000000e2300000| Untracked |  0
|  36|0x00000000e2400000, 0x00000000e2400000, 0x00000000e2500000|  0%| F|  |TAMS 0x00000000e2400000| PB 0x00000000e2400000| Untracked |  0
|  37|0x00000000e2500000, 0x00000000e2500000, 0x00000000e2600000|  0%| F|  |TAMS 0x00000000e2500000| PB 0x00000000e2500000| Untracked |  0
|  38|0x00000000e2600000, 0x00000000e2600000, 0x00000000e2700000|  0%| F|  |TAMS 0x00000000e2600000| PB 0x00000000e2600000| Untracked |  0
|  39|0x00000000e2700000, 0x00000000e2700000, 0x00000000e2800000|  0%| F|  |TAMS 0x00000000e2700000| PB 0x00000000e2700000| Untracked |  0
|  40|0x00000000e2800000, 0x00000000e2800000, 0x00000000e2900000|  0%| F|  |TAMS 0x00000000e2800000| PB 0x00000000e2800000| Untracked |  0
|  41|0x00000000e2900000, 0x00000000e2900000, 0x00000000e2a00000|  0%| F|  |TAMS 0x00000000e2900000| PB 0x00000000e2900000| Untracked |  0
|  42|0x00000000e2a00000, 0x00000000e2a00000, 0x00000000e2b00000|  0%| F|  |TAMS 0x00000000e2a00000| PB 0x00000000e2a00000| Untracked |  0
|  43|0x00000000e2b00000, 0x00000000e2b00000, 0x00000000e2c00000|  0%| F|  |TAMS 0x00000000e2b00000| PB 0x00000000e2b00000| Untracked |  0
|  44|0x00000000e2c00000, 0x00000000e2c00000, 0x00000000e2d00000|  0%| F|  |TAMS 0x00000000e2c00000| PB 0x00000000e2c00000| Untracked |  0
|  45|0x00000000e2d00000, 0x00000000e2d00000, 0x00000000e2e00000|  0%| F|  |TAMS 0x00000000e2d00000| PB 0x00000000e2d00000| Untracked |  0
|  46|0x00000000e2e00000, 0x00000000e2e00000, 0x00000000e2f00000|  0%| F|  |TAMS 0x00000000e2e00000| PB 0x00000000e2e00000| Untracked |  0
|  47|0x00000000e2f00000, 0x00000000e2f00000, 0x00000000e3000000|  0%| F|  |TAMS 0x00000000e2f00000| PB 0x00000000e2f00000| Untracked |  0
|  48|0x00000000e3000000, 0x00000000e3000000, 0x00000000e3100000|  0%| F|  |TAMS 0x00000000e3000000| PB 0x00000000e3000000| Untracked |  0
|  49|0x00000000e3100000, 0x00000000e3100000, 0x00000000e3200000|  0%| F|  |TAMS 0x00000000e3100000| PB 0x00000000e3100000| Untracked |  0
|  50|0x00000000e3200000, 0x00000000e3200000, 0x00000000e3300000|  0%| F|  |TAMS 0x00000000e3200000| PB 0x00000000e3200000| Untracked |  0
|  51|0x00000000e3300000, 0x00000000e3300000, 0x00000000e3400000|  0%| F|  |TAMS 0x00000000e3300000| PB 0x00000000e3300000| Untracked |  0
|  52|0x00000000e3400000, 0x00000000e3400000, 0x00000000e3500000|  0%| F|  |TAMS 0x00000000e3400000| PB 0x00000000e3400000| Untracked |  0
|  53|0x00000000e3500000, 0x00000000e3500000, 0x00000000e3600000|  0%| F|  |TAMS 0x00000000e3500000| PB 0x00000000e3500000| Untracked |  0
|  54|0x00000000e3600000, 0x00000000e3600000, 0x00000000e3700000|  0%| F|  |TAMS 0x00000000e3600000| PB 0x00000000e3600000| Untracked |  0
|  55|0x00000000e3700000, 0x00000000e3700000, 0x00000000e3800000|  0%| F|  |TAMS 0x00000000e3700000| PB 0x00000000e3700000| Untracked |  0
|  56|0x00000000e3800000, 0x00000000e3800000, 0x00000000e3900000|  0%| F|  |TAMS 0x00000000e3800000| PB 0x00000000e3800000| Untracked |  0
|  57|0x00000000e3900000, 0x00000000e3900000, 0x00000000e3a00000|  0%| F|  |TAMS 0x00000000e3900000| PB 0x00000000e3900000| Untracked |  0
|  58|0x00000000e3a00000, 0x00000000e3a00000, 0x00000000e3b00000|  0%| F|  |TAMS 0x00000000e3a00000| PB 0x00000000e3a00000| Untracked |  0
|  59|0x00000000e3b00000, 0x00000000e3b00000, 0x00000000e3c00000|  0%| F|  |TAMS 0x00000000e3b00000| PB 0x00000000e3b00000| Untracked |  0
|  60|0x00000000e3c00000, 0x00000000e3c00000, 0x00000000e3d00000|  0%| F|  |TAMS 0x00000000e3c00000| PB 0x00000000e3c00000| Untracked |  0
|  61|0x00000000e3d00000, 0x00000000e3d00000, 0x00000000e3e00000|  0%| F|  |TAMS 0x00000000e3d00000| PB 0x00000000e3d00000| Untracked |  0
|  62|0x00000000e3e00000, 0x00000000e3e00000, 0x00000000e3f00000|  0%| F|  |TAMS 0x00000000e3e00000| PB 0x00000000e3e00000| Untracked |  0
|  63|0x00000000e3f00000, 0x00000000e3f00000, 0x00000000e4000000|  0%| F|  |TAMS 0x00000000e3f00000| PB 0x00000000e3f00000| Untracked |  0
|  64|0x00000000e4000000, 0x00000000e4000000, 0x00000000e4100000|  0%| F|  |TAMS 0x00000000e4000000| PB 0x00000000e4000000| Untracked |  0
|  65|0x00000000e4100000, 0x00000000e4100000, 0x00000000e4200000|  0%| F|  |TAMS 0x00000000e4100000| PB 0x00000000e4100000| Untracked |  0
|  66|0x00000000e4200000, 0x00000000e4200000, 0x00000000e4300000|  0%| F|  |TAMS 0x00000000e4200000| PB 0x00000000e4200000| Untracked |  0
|  67|0x00000000e4300000, 0x00000000e4300000, 0x00000000e4400000|  0%| F|  |TAMS 0x00000000e4300000| PB 0x00000000e4300000| Untracked |  0
|  68|0x00000000e4400000, 0x00000000e4400000, 0x00000000e4500000|  0%| F|  |TAMS 0x00000000e4400000| PB 0x00000000e4400000| Untracked |  0
|  69|0x00000000e4500000, 0x00000000e4500000, 0x00000000e4600000|  0%| F|  |TAMS 0x00000000e4500000| PB 0x00000000e4500000| Untracked |  0
|  70|0x00000000e4600000, 0x00000000e4600000, 0x00000000e4700000|  0%| F|  |TAMS 0x00000000e4600000| PB 0x00000000e4600000| Untracked |  0
|  71|0x00000000e4700000, 0x00000000e4700000, 0x00000000e4800000|  0%| F|  |TAMS 0x00000000e4700000| PB 0x00000000e4700000| Untracked |  0
|  72|0x00000000e4800000, 0x00000000e4800000, 0x00000000e4900000|  0%| F|  |TAMS 0x00000000e4800000| PB 0x00000000e4800000| Untracked |  0
|  73|0x00000000e4900000, 0x00000000e4900000, 0x00000000e4a00000|  0%| F|  |TAMS 0x00000000e4900000| PB 0x00000000e4900000| Untracked |  0
|  74|0x00000000e4a00000, 0x00000000e4a00000, 0x00000000e4b00000|  0%| F|  |TAMS 0x00000000e4a00000| PB 0x00000000e4a00000| Untracked |  0
|  75|0x00000000e4b00000, 0x00000000e4b00000, 0x00000000e4c00000|  0%| F|  |TAMS 0x00000000e4b00000| PB 0x00000000e4b00000| Untracked |  0
|  76|0x00000000e4c00000, 0x00000000e4c00000, 0x00000000e4d00000|  0%| F|  |TAMS 0x00000000e4c00000| PB 0x00000000e4c00000| Untracked |  0
|  77|0x00000000e4d00000, 0x00000000e4d00000, 0x00000000e4e00000|  0%| F|  |TAMS 0x00000000e4d00000| PB 0x00000000e4d00000| Untracked |  0
|  78|0x00000000e4e00000, 0x00000000e4e00000, 0x00000000e4f00000|  0%| F|  |TAMS 0x00000000e4e00000| PB 0x00000000e4e00000| Untracked |  0
|  79|0x00000000e4f00000, 0x00000000e4f00000, 0x00000000e5000000|  0%| F|  |TAMS 0x00000000e4f00000| PB 0x00000000e4f00000| Untracked |  0
|  80|0x00000000e5000000, 0x00000000e5000000, 0x00000000e5100000|  0%| F|  |TAMS 0x00000000e5000000| PB 0x00000000e5000000| Untracked |  0
|  81|0x00000000e5100000, 0x00000000e5100000, 0x00000000e5200000|  0%| F|  |TAMS 0x00000000e5100000| PB 0x00000000e5100000| Untracked |  0
|  82|0x00000000e5200000, 0x00000000e5200000, 0x00000000e5300000|  0%| F|  |TAMS 0x00000000e5200000| PB 0x00000000e5200000| Untracked |  0
|  83|0x00000000e5300000, 0x00000000e5300000, 0x00000000e5400000|  0%| F|  |TAMS 0x00000000e5300000| PB 0x00000000e5300000| Untracked |  0
|  84|0x00000000e5400000, 0x00000000e5400000, 0x00000000e5500000|  0%| F|  |TAMS 0x00000000e5400000| PB 0x00000000e5400000| Untracked |  0
|  85|0x00000000e5500000, 0x00000000e5500000, 0x00000000e5600000|  0%| F|  |TAMS 0x00000000e5500000| PB 0x00000000e5500000| Untracked |  0
|  86|0x00000000e5600000, 0x00000000e5600000, 0x00000000e5700000|  0%| F|  |TAMS 0x00000000e5600000| PB 0x00000000e5600000| Untracked |  0
|  87|0x00000000e5700000, 0x00000000e5700000, 0x00000000e5800000|  0%| F|  |TAMS 0x00000000e5700000| PB 0x00000000e5700000| Untracked |  0
|  88|0x00000000e5800000, 0x00000000e5800000, 0x00000000e5900000|  0%| F|  |TAMS 0x00000000e5800000| PB 0x00000000e5800000| Untracked |  0
|  89|0x00000000e5900000, 0x00000000e5900000, 0x00000000e5a00000|  0%| F|  |TAMS 0x00000000e5900000| PB 0x00000000e5900000| Untracked |  0
|  90|0x00000000e5a00000, 0x00000000e5a00000, 0x00000000e5b00000|  0%| F|  |TAMS 0x00000000e5a00000| PB 0x00000000e5a00000| Untracked |  0
|  91|0x00000000e5b00000, 0x00000000e5b00000, 0x00000000e5c00000|  0%| F|  |TAMS 0x00000000e5b00000| PB 0x00000000e5b00000| Untracked |  0
|  92|0x00000000e5c00000, 0x00000000e5c00000, 0x00000000e5d00000|  0%| F|  |TAMS 0x00000000e5c00000| PB 0x00000000e5c00000| Untracked |  0
|  93|0x00000000e5d00000, 0x00000000e5d00000, 0x00000000e5e00000|  0%| F|  |TAMS 0x00000000e5d00000| PB 0x00000000e5d00000| Untracked |  0
|  94|0x00000000e5e00000, 0x00000000e5e00000, 0x00000000e5f00000|  0%| F|  |TAMS 0x00000000e5e00000| PB 0x00000000e5e00000| Untracked |  0
|  95|0x00000000e5f00000, 0x00000000e5f00000, 0x00000000e6000000|  0%| F|  |TAMS 0x00000000e5f00000| PB 0x00000000e5f00000| Untracked |  0
|  96|0x00000000e6000000, 0x00000000e6000000, 0x00000000e6100000|  0%| F|  |TAMS 0x00000000e6000000| PB 0x00000000e6000000| Untracked |  0
|  97|0x00000000e6100000, 0x00000000e6100000, 0x00000000e6200000|  0%| F|  |TAMS 0x00000000e6100000| PB 0x00000000e6100000| Untracked |  0
|  98|0x00000000e6200000, 0x00000000e6200000, 0x00000000e6300000|  0%| F|  |TAMS 0x00000000e6200000| PB 0x00000000e6200000| Untracked |  0
|  99|0x00000000e6300000, 0x00000000e6300000, 0x00000000e6400000|  0%| F|  |TAMS 0x00000000e6300000| PB 0x00000000e6300000| Untracked |  0
| 100|0x00000000e6400000, 0x00000000e6400000, 0x00000000e6500000|  0%| F|  |TAMS 0x00000000e6400000| PB 0x00000000e6400000| Untracked |  0
| 101|0x00000000e6500000, 0x00000000e6500000, 0x00000000e6600000|  0%| F|  |TAMS 0x00000000e6500000| PB 0x00000000e6500000| Untracked |  0
| 102|0x00000000e6600000, 0x00000000e6600000, 0x00000000e6700000|  0%| F|  |TAMS 0x00000000e6600000| PB 0x00000000e6600000| Untracked |  0
| 103|0x00000000e6700000, 0x00000000e6700000, 0x00000000e6800000|  0%| F|  |TAMS 0x00000000e6700000| PB 0x00000000e6700000| Untracked |  0
| 104|0x00000000e6800000, 0x00000000e6800000, 0x00000000e6900000|  0%| F|  |TAMS 0x00000000e6800000| PB 0x00000000e6800000| Untracked |  0
| 105|0x00000000e6900000, 0x00000000e6900000, 0x00000000e6a00000|  0%| F|  |TAMS 0x00000000e6900000| PB 0x00000000e6900000| Untracked |  0
| 106|0x00000000e6a00000, 0x00000000e6a00000, 0x00000000e6b00000|  0%| F|  |TAMS 0x00000000e6a00000| PB 0x00000000e6a00000| Untracked |  0
| 107|0x00000000e6b00000, 0x00000000e6b00000, 0x00000000e6c00000|  0%| F|  |TAMS 0x00000000e6b00000| PB 0x00000000e6b00000| Untracked |  0
| 108|0x00000000e6c00000, 0x00000000e6c00000, 0x00000000e6d00000|  0%| F|  |TAMS 0x00000000e6c00000| PB 0x00000000e6c00000| Untracked |  0
| 109|0x00000000e6d00000, 0x00000000e6d00000, 0x00000000e6e00000|  0%| F|  |TAMS 0x00000000e6d00000| PB 0x00000000e6d00000| Untracked |  0
| 110|0x00000000e6e00000, 0x00000000e6e00000, 0x00000000e6f00000|  0%| F|  |TAMS 0x00000000e6e00000| PB 0x00000000e6e00000| Untracked |  0
| 111|0x00000000e6f00000, 0x00000000e6f00000, 0x00000000e7000000|  0%| F|  |TAMS 0x00000000e6f00000| PB 0x00000000e6f00000| Untracked |  0
| 112|0x00000000e7000000, 0x00000000e7000000, 0x00000000e7100000|  0%| F|  |TAMS 0x00000000e7000000| PB 0x00000000e7000000| Untracked |  0
| 113|0x00000000e7100000, 0x00000000e7100000, 0x00000000e7200000|  0%| F|  |TAMS 0x00000000e7100000| PB 0x00000000e7100000| Untracked |  0
| 114|0x00000000e7200000, 0x00000000e7200000, 0x00000000e7300000|  0%| F|  |TAMS 0x00000000e7200000| PB 0x00000000e7200000| Untracked |  0
| 115|0x00000000e7300000, 0x00000000e7300000, 0x00000000e7400000|  0%| F|  |TAMS 0x00000000e7300000| PB 0x00000000e7300000| Untracked |  0
| 116|0x00000000e7400000, 0x00000000e7400000, 0x00000000e7500000|  0%| F|  |TAMS 0x00000000e7400000| PB 0x00000000e7400000| Untracked |  0
| 117|0x00000000e7500000, 0x00000000e7500000, 0x00000000e7600000|  0%| F|  |TAMS 0x00000000e7500000| PB 0x00000000e7500000| Untracked |  0
| 118|0x00000000e7600000, 0x00000000e7600000, 0x00000000e7700000|  0%| F|  |TAMS 0x00000000e7600000| PB 0x00000000e7600000| Untracked |  0
| 119|0x00000000e7700000, 0x00000000e7700000, 0x00000000e7800000|  0%| F|  |TAMS 0x00000000e7700000| PB 0x00000000e7700000| Untracked |  0
| 120|0x00000000e7800000, 0x00000000e7800000, 0x00000000e7900000|  0%| F|  |TAMS 0x00000000e7800000| PB 0x00000000e7800000| Untracked |  0
| 121|0x00000000e7900000, 0x00000000e7900000, 0x00000000e7a00000|  0%| F|  |TAMS 0x00000000e7900000| PB 0x00000000e7900000| Untracked |  0
| 122|0x00000000e7a00000, 0x00000000e7a00000, 0x00000000e7b00000|  0%| F|  |TAMS 0x00000000e7a00000| PB 0x00000000e7a00000| Untracked |  0
| 123|0x00000000e7b00000, 0x00000000e7b00000, 0x00000000e7c00000|  0%| F|  |TAMS 0x00000000e7b00000| PB 0x00000000e7b00000| Untracked |  0
| 124|0x00000000e7c00000, 0x00000000e7c00000, 0x00000000e7d00000|  0%| F|  |TAMS 0x00000000e7c00000| PB 0x00000000e7c00000| Untracked |  0
| 125|0x00000000e7d00000, 0x00000000e7d00000, 0x00000000e7e00000|  0%| F|  |TAMS 0x00000000e7d00000| PB 0x00000000e7d00000| Untracked |  0
| 126|0x00000000e7e00000, 0x00000000e7e00000, 0x00000000e7f00000|  0%| F|  |TAMS 0x00000000e7e00000| PB 0x00000000e7e00000| Untracked |  0
| 127|0x00000000e7f00000, 0x00000000e7f00000, 0x00000000e8000000|  0%| F|  |TAMS 0x00000000e7f00000| PB 0x00000000e7f00000| Untracked |  0
| 128|0x00000000e8000000, 0x00000000e8000000, 0x00000000e8100000|  0%| F|  |TAMS 0x00000000e8000000| PB 0x00000000e8000000| Untracked |  0
| 129|0x00000000e8100000, 0x00000000e8100000, 0x00000000e8200000|  0%| F|  |TAMS 0x00000000e8100000| PB 0x00000000e8100000| Untracked |  0
| 130|0x00000000e8200000, 0x00000000e8200000, 0x00000000e8300000|  0%| F|  |TAMS 0x00000000e8200000| PB 0x00000000e8200000| Untracked |  0
| 131|0x00000000e8300000, 0x00000000e8300000, 0x00000000e8400000|  0%| F|  |TAMS 0x00000000e8300000| PB 0x00000000e8300000| Untracked |  0
| 132|0x00000000e8400000, 0x00000000e8400000, 0x00000000e8500000|  0%| F|  |TAMS 0x00000000e8400000| PB 0x00000000e8400000| Untracked |  0
| 133|0x00000000e8500000, 0x00000000e8500000, 0x00000000e8600000|  0%| F|  |TAMS 0x00000000e8500000| PB 0x00000000e8500000| Untracked |  0
| 134|0x00000000e8600000, 0x00000000e8600000, 0x00000000e8700000|  0%| F|  |TAMS 0x00000000e8600000| PB 0x00000000e8600000| Untracked |  0
| 135|0x00000000e8700000, 0x00000000e8700000, 0x00000000e8800000|  0%| F|  |TAMS 0x00000000e8700000| PB 0x00000000e8700000| Untracked |  0
| 136|0x00000000e8800000, 0x00000000e8800000, 0x00000000e8900000|  0%| F|  |TAMS 0x00000000e8800000| PB 0x00000000e8800000| Untracked |  0
| 137|0x00000000e8900000, 0x00000000e8900000, 0x00000000e8a00000|  0%| F|  |TAMS 0x00000000e8900000| PB 0x00000000e8900000| Untracked |  0
| 138|0x00000000e8a00000, 0x00000000e8a00000, 0x00000000e8b00000|  0%| F|  |TAMS 0x00000000e8a00000| PB 0x00000000e8a00000| Untracked |  0
| 139|0x00000000e8b00000, 0x00000000e8b00000, 0x00000000e8c00000|  0%| F|  |TAMS 0x00000000e8b00000| PB 0x00000000e8b00000| Untracked |  0
| 140|0x00000000e8c00000, 0x00000000e8c00000, 0x00000000e8d00000|  0%| F|  |TAMS 0x00000000e8c00000| PB 0x00000000e8c00000| Untracked |  0
| 141|0x00000000e8d00000, 0x00000000e8d00000, 0x00000000e8e00000|  0%| F|  |TAMS 0x00000000e8d00000| PB 0x00000000e8d00000| Untracked |  0
| 142|0x00000000e8e00000, 0x00000000e8e00000, 0x00000000e8f00000|  0%| F|  |TAMS 0x00000000e8e00000| PB 0x00000000e8e00000| Untracked |  0
| 143|0x00000000e8f00000, 0x00000000e8f00000, 0x00000000e9000000|  0%| F|  |TAMS 0x00000000e8f00000| PB 0x00000000e8f00000| Untracked |  0
| 144|0x00000000e9000000, 0x00000000e9000000, 0x00000000e9100000|  0%| F|  |TAMS 0x00000000e9000000| PB 0x00000000e9000000| Untracked |  0
| 145|0x00000000e9100000, 0x00000000e9100000, 0x00000000e9200000|  0%| F|  |TAMS 0x00000000e9100000| PB 0x00000000e9100000| Untracked |  0
| 146|0x00000000e9200000, 0x00000000e9200000, 0x00000000e9300000|  0%| F|  |TAMS 0x00000000e9200000| PB 0x00000000e9200000| Untracked |  0
| 147|0x00000000e9300000, 0x00000000e9300000, 0x00000000e9400000|  0%| F|  |TAMS 0x00000000e9300000| PB 0x00000000e9300000| Untracked |  0
| 148|0x00000000e9400000, 0x00000000e9400000, 0x00000000e9500000|  0%| F|  |TAMS 0x00000000e9400000| PB 0x00000000e9400000| Untracked |  0
| 149|0x00000000e9500000, 0x00000000e9500000, 0x00000000e9600000|  0%| F|  |TAMS 0x00000000e9500000| PB 0x00000000e9500000| Untracked |  0
| 150|0x00000000e9600000, 0x00000000e9600000, 0x00000000e9700000|  0%| F|  |TAMS 0x00000000e9600000| PB 0x00000000e9600000| Untracked |  0
| 151|0x00000000e9700000, 0x00000000e9700000, 0x00000000e9800000|  0%| F|  |TAMS 0x00000000e9700000| PB 0x00000000e9700000| Untracked |  0
| 152|0x00000000e9800000, 0x00000000e9800000, 0x00000000e9900000|  0%| F|  |TAMS 0x00000000e9800000| PB 0x00000000e9800000| Untracked |  0
| 153|0x00000000e9900000, 0x00000000e9900000, 0x00000000e9a00000|  0%| F|  |TAMS 0x00000000e9900000| PB 0x00000000e9900000| Untracked |  0
| 154|0x00000000e9a00000, 0x00000000e9a00000, 0x00000000e9b00000|  0%| F|  |TAMS 0x00000000e9a00000| PB 0x00000000e9a00000| Untracked |  0
| 155|0x00000000e9b00000, 0x00000000e9b00000, 0x00000000e9c00000|  0%| F|  |TAMS 0x00000000e9b00000| PB 0x00000000e9b00000| Untracked |  0
| 156|0x00000000e9c00000, 0x00000000e9c00000, 0x00000000e9d00000|  0%| F|  |TAMS 0x00000000e9c00000| PB 0x00000000e9c00000| Untracked |  0
| 157|0x00000000e9d00000, 0x00000000e9d00000, 0x00000000e9e00000|  0%| F|  |TAMS 0x00000000e9d00000| PB 0x00000000e9d00000| Untracked |  0
| 158|0x00000000e9e00000, 0x00000000e9e00000, 0x00000000e9f00000|  0%| F|  |TAMS 0x00000000e9e00000| PB 0x00000000e9e00000| Untracked |  0
| 159|0x00000000e9f00000, 0x00000000e9f00000, 0x00000000ea000000|  0%| F|  |TAMS 0x00000000e9f00000| PB 0x00000000e9f00000| Untracked |  0
| 160|0x00000000ea000000, 0x00000000ea000000, 0x00000000ea100000|  0%| F|  |TAMS 0x00000000ea000000| PB 0x00000000ea000000| Untracked |  0
| 161|0x00000000ea100000, 0x00000000ea100000, 0x00000000ea200000|  0%| F|  |TAMS 0x00000000ea100000| PB 0x00000000ea100000| Untracked |  0
| 162|0x00000000ea200000, 0x00000000ea200000, 0x00000000ea300000|  0%| F|  |TAMS 0x00000000ea200000| PB 0x00000000ea200000| Untracked |  0
| 163|0x00000000ea300000, 0x00000000ea300000, 0x00000000ea400000|  0%| F|  |TAMS 0x00000000ea300000| PB 0x00000000ea300000| Untracked |  0
| 164|0x00000000ea400000, 0x00000000ea400000, 0x00000000ea500000|  0%| F|  |TAMS 0x00000000ea400000| PB 0x00000000ea400000| Untracked |  0
| 165|0x00000000ea500000, 0x00000000ea500000, 0x00000000ea600000|  0%| F|  |TAMS 0x00000000ea500000| PB 0x00000000ea500000| Untracked |  0
| 166|0x00000000ea600000, 0x00000000ea600000, 0x00000000ea700000|  0%| F|  |TAMS 0x00000000ea600000| PB 0x00000000ea600000| Untracked |  0
| 167|0x00000000ea700000, 0x00000000ea700000, 0x00000000ea800000|  0%| F|  |TAMS 0x00000000ea700000| PB 0x00000000ea700000| Untracked |  0
| 168|0x00000000ea800000, 0x00000000ea800000, 0x00000000ea900000|  0%| F|  |TAMS 0x00000000ea800000| PB 0x00000000ea800000| Untracked |  0
| 169|0x00000000ea900000, 0x00000000ea900000, 0x00000000eaa00000|  0%| F|  |TAMS 0x00000000ea900000| PB 0x00000000ea900000| Untracked |  0
| 170|0x00000000eaa00000, 0x00000000eaa00000, 0x00000000eab00000|  0%| F|  |TAMS 0x00000000eaa00000| PB 0x00000000eaa00000| Untracked |  0
| 171|0x00000000eab00000, 0x00000000eab00000, 0x00000000eac00000|  0%| F|  |TAMS 0x00000000eab00000| PB 0x00000000eab00000| Untracked |  0
| 172|0x00000000eac00000, 0x00000000eac00000, 0x00000000ead00000|  0%| F|  |TAMS 0x00000000eac00000| PB 0x00000000eac00000| Untracked |  0
| 173|0x00000000ead00000, 0x00000000ead00000, 0x00000000eae00000|  0%| F|  |TAMS 0x00000000ead00000| PB 0x00000000ead00000| Untracked |  0
| 174|0x00000000eae00000, 0x00000000eae00000, 0x00000000eaf00000|  0%| F|  |TAMS 0x00000000eae00000| PB 0x00000000eae00000| Untracked |  0
| 175|0x00000000eaf00000, 0x00000000eaf00000, 0x00000000eb000000|  0%| F|  |TAMS 0x00000000eaf00000| PB 0x00000000eaf00000| Untracked |  0
| 176|0x00000000eb000000, 0x00000000eb000000, 0x00000000eb100000|  0%| F|  |TAMS 0x00000000eb000000| PB 0x00000000eb000000| Untracked |  0
| 177|0x00000000eb100000, 0x00000000eb100000, 0x00000000eb200000|  0%| F|  |TAMS 0x00000000eb100000| PB 0x00000000eb100000| Untracked |  0
| 178|0x00000000eb200000, 0x00000000eb200000, 0x00000000eb300000|  0%| F|  |TAMS 0x00000000eb200000| PB 0x00000000eb200000| Untracked |  0
| 179|0x00000000eb300000, 0x00000000eb300000, 0x00000000eb400000|  0%| F|  |TAMS 0x00000000eb300000| PB 0x00000000eb300000| Untracked |  0
| 180|0x00000000eb400000, 0x00000000eb400000, 0x00000000eb500000|  0%| F|  |TAMS 0x00000000eb400000| PB 0x00000000eb400000| Untracked |  0
| 181|0x00000000eb500000, 0x00000000eb500000, 0x00000000eb600000|  0%| F|  |TAMS 0x00000000eb500000| PB 0x00000000eb500000| Untracked |  0
| 182|0x00000000eb600000, 0x00000000eb600000, 0x00000000eb700000|  0%| F|  |TAMS 0x00000000eb600000| PB 0x00000000eb600000| Untracked |  0
| 183|0x00000000eb700000, 0x00000000eb700000, 0x00000000eb800000|  0%| F|  |TAMS 0x00000000eb700000| PB 0x00000000eb700000| Untracked |  0
| 184|0x00000000eb800000, 0x00000000eb800000, 0x00000000eb900000|  0%| F|  |TAMS 0x00000000eb800000| PB 0x00000000eb800000| Untracked |  0
| 185|0x00000000eb900000, 0x00000000eb900000, 0x00000000eba00000|  0%| F|  |TAMS 0x00000000eb900000| PB 0x00000000eb900000| Untracked |  0
| 186|0x00000000eba00000, 0x00000000eba00000, 0x00000000ebb00000|  0%| F|  |TAMS 0x00000000eba00000| PB 0x00000000eba00000| Untracked |  0
| 187|0x00000000ebb00000, 0x00000000ebb00000, 0x00000000ebc00000|  0%| F|  |TAMS 0x00000000ebb00000| PB 0x00000000ebb00000| Untracked |  0
| 188|0x00000000ebc00000, 0x00000000ebc00000, 0x00000000ebd00000|  0%| F|  |TAMS 0x00000000ebc00000| PB 0x00000000ebc00000| Untracked |  0
| 189|0x00000000ebd00000, 0x00000000ebd00000, 0x00000000ebe00000|  0%| F|  |TAMS 0x00000000ebd00000| PB 0x00000000ebd00000| Untracked |  0
| 190|0x00000000ebe00000, 0x00000000ebe00000, 0x00000000ebf00000|  0%| F|  |TAMS 0x00000000ebe00000| PB 0x00000000ebe00000| Untracked |  0
| 191|0x00000000ebf00000, 0x00000000ebf00000, 0x00000000ec000000|  0%| F|  |TAMS 0x00000000ebf00000| PB 0x00000000ebf00000| Untracked |  0
| 192|0x00000000ec000000, 0x00000000ec000000, 0x00000000ec100000|  0%| F|  |TAMS 0x00000000ec000000| PB 0x00000000ec000000| Untracked |  0
| 193|0x00000000ec100000, 0x00000000ec100000, 0x00000000ec200000|  0%| F|  |TAMS 0x00000000ec100000| PB 0x00000000ec100000| Untracked |  0
| 194|0x00000000ec200000, 0x00000000ec200000, 0x00000000ec300000|  0%| F|  |TAMS 0x00000000ec200000| PB 0x00000000ec200000| Untracked |  0
| 195|0x00000000ec300000, 0x00000000ec300000, 0x00000000ec400000|  0%| F|  |TAMS 0x00000000ec300000| PB 0x00000000ec300000| Untracked |  0
| 196|0x00000000ec400000, 0x00000000ec400000, 0x00000000ec500000|  0%| F|  |TAMS 0x00000000ec400000| PB 0x00000000ec400000| Untracked |  0
| 197|0x00000000ec500000, 0x00000000ec500000, 0x00000000ec600000|  0%| F|  |TAMS 0x00000000ec500000| PB 0x00000000ec500000| Untracked |  0
| 198|0x00000000ec600000, 0x00000000ec600000, 0x00000000ec700000|  0%| F|  |TAMS 0x00000000ec600000| PB 0x00000000ec600000| Untracked |  0
| 199|0x00000000ec700000, 0x00000000ec700000, 0x00000000ec800000|  0%| F|  |TAMS 0x00000000ec700000| PB 0x00000000ec700000| Untracked |  0
| 200|0x00000000ec800000, 0x00000000ec800000, 0x00000000ec900000|  0%| F|  |TAMS 0x00000000ec800000| PB 0x00000000ec800000| Untracked |  0
| 201|0x00000000ec900000, 0x00000000ec900000, 0x00000000eca00000|  0%| F|  |TAMS 0x00000000ec900000| PB 0x00000000ec900000| Untracked |  0
| 202|0x00000000eca00000, 0x00000000eca00000, 0x00000000ecb00000|  0%| F|  |TAMS 0x00000000eca00000| PB 0x00000000eca00000| Untracked |  0
| 203|0x00000000ecb00000, 0x00000000ecb00000, 0x00000000ecc00000|  0%| F|  |TAMS 0x00000000ecb00000| PB 0x00000000ecb00000| Untracked |  0
| 204|0x00000000ecc00000, 0x00000000ecc00000, 0x00000000ecd00000|  0%| F|  |TAMS 0x00000000ecc00000| PB 0x00000000ecc00000| Untracked |  0
| 205|0x00000000ecd00000, 0x00000000ecd00000, 0x00000000ece00000|  0%| F|  |TAMS 0x00000000ecd00000| PB 0x00000000ecd00000| Untracked |  0
| 206|0x00000000ece00000, 0x00000000ece00000, 0x00000000ecf00000|  0%| F|  |TAMS 0x00000000ece00000| PB 0x00000000ece00000| Untracked |  0
| 207|0x00000000ecf00000, 0x00000000ecf00000, 0x00000000ed000000|  0%| F|  |TAMS 0x00000000ecf00000| PB 0x00000000ecf00000| Untracked |  0
| 208|0x00000000ed000000, 0x00000000ed000000, 0x00000000ed100000|  0%| F|  |TAMS 0x00000000ed000000| PB 0x00000000ed000000| Untracked |  0
| 209|0x00000000ed100000, 0x00000000ed100000, 0x00000000ed200000|  0%| F|  |TAMS 0x00000000ed100000| PB 0x00000000ed100000| Untracked |  0
| 210|0x00000000ed200000, 0x00000000ed200000, 0x00000000ed300000|  0%| F|  |TAMS 0x00000000ed200000| PB 0x00000000ed200000| Untracked |  0
| 211|0x00000000ed300000, 0x00000000ed300000, 0x00000000ed400000|  0%| F|  |TAMS 0x00000000ed300000| PB 0x00000000ed300000| Untracked |  0
| 212|0x00000000ed400000, 0x00000000ed400000, 0x00000000ed500000|  0%| F|  |TAMS 0x00000000ed400000| PB 0x00000000ed400000| Untracked |  0
| 213|0x00000000ed500000, 0x00000000ed500000, 0x00000000ed600000|  0%| F|  |TAMS 0x00000000ed500000| PB 0x00000000ed500000| Untracked |  0
| 214|0x00000000ed600000, 0x00000000ed600000, 0x00000000ed700000|  0%| F|  |TAMS 0x00000000ed600000| PB 0x00000000ed600000| Untracked |  0
| 215|0x00000000ed700000, 0x00000000ed700000, 0x00000000ed800000|  0%| F|  |TAMS 0x00000000ed700000| PB 0x00000000ed700000| Untracked |  0
| 216|0x00000000ed800000, 0x00000000ed800000, 0x00000000ed900000|  0%| F|  |TAMS 0x00000000ed800000| PB 0x00000000ed800000| Untracked |  0
| 217|0x00000000ed900000, 0x00000000ed998c58, 0x00000000eda00000| 59%| S|CS|TAMS 0x00000000ed900000| PB 0x00000000ed900000| Complete |  0
| 218|0x00000000eda00000, 0x00000000edb00000, 0x00000000edb00000|100%| S|CS|TAMS 0x00000000eda00000| PB 0x00000000eda00000| Complete |  0
| 219|0x00000000edb00000, 0x00000000edc00000, 0x00000000edc00000|100%| S|CS|TAMS 0x00000000edb00000| PB 0x00000000edb00000| Complete |  0
| 220|0x00000000edc00000, 0x00000000edc00000, 0x00000000edd00000|  0%| F|  |TAMS 0x00000000edc00000| PB 0x00000000edc00000| Untracked |  0
| 221|0x00000000edd00000, 0x00000000edd00000, 0x00000000ede00000|  0%| F|  |TAMS 0x00000000edd00000| PB 0x00000000edd00000| Untracked |  0
| 222|0x00000000ede00000, 0x00000000ede00000, 0x00000000edf00000|  0%| F|  |TAMS 0x00000000ede00000| PB 0x00000000ede00000| Untracked |  0
| 223|0x00000000edf00000, 0x00000000edf00000, 0x00000000ee000000|  0%| F|  |TAMS 0x00000000edf00000| PB 0x00000000edf00000| Untracked |  0
| 224|0x00000000ee000000, 0x00000000ee000000, 0x00000000ee100000|  0%| F|  |TAMS 0x00000000ee000000| PB 0x00000000ee000000| Untracked |  0
| 225|0x00000000ee100000, 0x00000000ee100000, 0x00000000ee200000|  0%| F|  |TAMS 0x00000000ee100000| PB 0x00000000ee100000| Untracked |  0
| 226|0x00000000ee200000, 0x00000000ee200000, 0x00000000ee300000|  0%| F|  |TAMS 0x00000000ee200000| PB 0x00000000ee200000| Untracked |  0
| 227|0x00000000ee300000, 0x00000000ee300000, 0x00000000ee400000|  0%| F|  |TAMS 0x00000000ee300000| PB 0x00000000ee300000| Untracked |  0
| 228|0x00000000ee400000, 0x00000000ee400000, 0x00000000ee500000|  0%| F|  |TAMS 0x00000000ee400000| PB 0x00000000ee400000| Untracked |  0
| 229|0x00000000ee500000, 0x00000000ee500000, 0x00000000ee600000|  0%| F|  |TAMS 0x00000000ee500000| PB 0x00000000ee500000| Untracked |  0
| 230|0x00000000ee600000, 0x00000000ee600000, 0x00000000ee700000|  0%| F|  |TAMS 0x00000000ee600000| PB 0x00000000ee600000| Untracked |  0
| 231|0x00000000ee700000, 0x00000000ee700000, 0x00000000ee800000|  0%| F|  |TAMS 0x00000000ee700000| PB 0x00000000ee700000| Untracked |  0
| 232|0x00000000ee800000, 0x00000000ee800000, 0x00000000ee900000|  0%| F|  |TAMS 0x00000000ee800000| PB 0x00000000ee800000| Untracked |  0
| 233|0x00000000ee900000, 0x00000000ee900000, 0x00000000eea00000|  0%| F|  |TAMS 0x00000000ee900000| PB 0x00000000ee900000| Untracked |  0
| 234|0x00000000eea00000, 0x00000000eea00000, 0x00000000eeb00000|  0%| F|  |TAMS 0x00000000eea00000| PB 0x00000000eea00000| Untracked |  0
| 235|0x00000000eeb00000, 0x00000000eeb00000, 0x00000000eec00000|  0%| F|  |TAMS 0x00000000eeb00000| PB 0x00000000eeb00000| Untracked |  0
| 236|0x00000000eec00000, 0x00000000eec00000, 0x00000000eed00000|  0%| F|  |TAMS 0x00000000eec00000| PB 0x00000000eec00000| Untracked |  0
| 237|0x00000000eed00000, 0x00000000eed00000, 0x00000000eee00000|  0%| F|  |TAMS 0x00000000eed00000| PB 0x00000000eed00000| Untracked |  0
| 238|0x00000000eee00000, 0x00000000eee00000, 0x00000000eef00000|  0%| F|  |TAMS 0x00000000eee00000| PB 0x00000000eee00000| Untracked |  0
| 239|0x00000000eef00000, 0x00000000eef00000, 0x00000000ef000000|  0%| F|  |TAMS 0x00000000eef00000| PB 0x00000000eef00000| Untracked |  0
| 240|0x00000000ef000000, 0x00000000ef000000, 0x00000000ef100000|  0%| F|  |TAMS 0x00000000ef000000| PB 0x00000000ef000000| Untracked |  0
| 241|0x00000000ef100000, 0x00000000ef100000, 0x00000000ef200000|  0%| F|  |TAMS 0x00000000ef100000| PB 0x00000000ef100000| Untracked |  0
| 242|0x00000000ef200000, 0x00000000ef200000, 0x00000000ef300000|  0%| F|  |TAMS 0x00000000ef200000| PB 0x00000000ef200000| Untracked |  0
| 243|0x00000000ef300000, 0x00000000ef300000, 0x00000000ef400000|  0%| F|  |TAMS 0x00000000ef300000| PB 0x00000000ef300000| Untracked |  0
| 244|0x00000000ef400000, 0x00000000ef400000, 0x00000000ef500000|  0%| F|  |TAMS 0x00000000ef400000| PB 0x00000000ef400000| Untracked |  0
| 245|0x00000000ef500000, 0x00000000ef500000, 0x00000000ef600000|  0%| F|  |TAMS 0x00000000ef500000| PB 0x00000000ef500000| Untracked |  0
| 246|0x00000000ef600000, 0x00000000ef600000, 0x00000000ef700000|  0%| F|  |TAMS 0x00000000ef600000| PB 0x00000000ef600000| Untracked |  0
| 247|0x00000000ef700000, 0x00000000ef700000, 0x00000000ef800000|  0%| F|  |TAMS 0x00000000ef700000| PB 0x00000000ef700000| Untracked |  0
| 248|0x00000000ef800000, 0x00000000ef800000, 0x00000000ef900000|  0%| F|  |TAMS 0x00000000ef800000| PB 0x00000000ef800000| Untracked |  0
| 249|0x00000000ef900000, 0x00000000ef900000, 0x00000000efa00000|  0%| F|  |TAMS 0x00000000ef900000| PB 0x00000000ef900000| Untracked |  0
| 250|0x00000000efa00000, 0x00000000efa00000, 0x00000000efb00000|  0%| F|  |TAMS 0x00000000efa00000| PB 0x00000000efa00000| Untracked |  0
| 251|0x00000000efb00000, 0x00000000efb00000, 0x00000000efc00000|  0%| F|  |TAMS 0x00000000efb00000| PB 0x00000000efb00000| Untracked |  0
| 252|0x00000000efc00000, 0x00000000efc00000, 0x00000000efd00000|  0%| F|  |TAMS 0x00000000efc00000| PB 0x00000000efc00000| Untracked |  0
| 253|0x00000000efd00000, 0x00000000efd00000, 0x00000000efe00000|  0%| F|  |TAMS 0x00000000efd00000| PB 0x00000000efd00000| Untracked |  0
| 254|0x00000000efe00000, 0x00000000efe00000, 0x00000000eff00000|  0%| F|  |TAMS 0x00000000efe00000| PB 0x00000000efe00000| Untracked |  0
| 255|0x00000000eff00000, 0x00000000eff00000, 0x00000000f0000000|  0%| F|  |TAMS 0x00000000eff00000| PB 0x00000000eff00000| Untracked |  0
| 510|0x00000000ffe00000, 0x00000000fff00000, 0x00000000fff00000|100%| O|  |TAMS 0x00000000fff00000| PB 0x00000000ffe00000| Untracked |  0
| 511|0x00000000fff00000, 0x00000000fff1d248, 0x0000000100000000| 11%| O|  |TAMS 0x00000000fff1d248| PB 0x00000000fff00000| Untracked |  0

Card table byte_map: [0x000001e234330000,0x000001e234430000] _byte_map_base: 0x000001e233c30000

Marking Bits: (CMBitMap*) 0x000001e21c553370
 Bits: [0x000001e234430000, 0x000001e234c30000)

Polling page: 0x000001e21a3b0000

Metaspace:

Usage:
  Non-class:     18.32 MB used.
      Class:      2.12 MB used.
       Both:     20.44 MB used.

Virtual space:
  Non-class space:       64.00 MB reserved,      18.62 MB ( 29%) committed,  1 nodes.
      Class space:      320.00 MB reserved,       2.38 MB ( <1%) committed,  1 nodes.
             Both:      384.00 MB reserved,      21.00 MB (  5%) committed. 

Chunk freelists:
   Non-Class:  12.92 MB
       Class:  13.50 MB
        Both:  26.42 MB

MaxMetaspaceSize: 384.00 MB
CompressedClassSpaceSize: 320.00 MB
Initial GC threshold: 21.00 MB
Current GC threshold: 21.31 MB
CDS: on
 - commit_granule_bytes: 65536.
 - commit_granule_words: 8192.
 - virtual_space_node_default_size: 8388608.
 - enlarge_chunks_in_place: 1.
UseCompressedClassPointers 1, UseCompactObjectHeaders 0
Narrow klass pointer bits 32, Max shift 3
Narrow klass base: 0x000001e238000000, Narrow klass shift: 0
Encoding Range: [0x000001e238000000 - 0x000001e338000000), (4294967296 bytes)
Klass Range:    [0x000001e238000000 - 0x000001e24d000000), (352321536 bytes)
Klass ID Range:  [8 - 352321529) (352321521)


Internal statistics:

num_allocs_failed_limit: 3.
num_arena_births: 924.
num_arena_deaths: 0.
num_vsnodes_births: 2.
num_vsnodes_deaths: 0.
num_space_committed: 336.
num_space_uncommitted: 0.
num_chunks_returned_to_freelist: 3.
num_chunks_taken_from_freelist: 1695.
num_chunk_merges: 3.
num_chunk_splits: 1126.
num_chunks_enlarged: 767.
num_inconsistent_stats: 0.

CodeHeap 'non-profiled nmethods': size=120064Kb used=1506Kb max_used=1506Kb free=118557Kb
 bounds [0x000001e22c890000, 0x000001e22cb00000, 0x000001e233dd0000]
CodeHeap 'profiled nmethods': size=120000Kb used=5676Kb max_used=5676Kb free=114323Kb
 bounds [0x000001e224dd0000, 0x000001e225360000, 0x000001e22c300000]
CodeHeap 'non-nmethods': size=5696Kb used=1427Kb max_used=1498Kb free=4268Kb
 bounds [0x000001e22c300000, 0x000001e22c570000, 0x000001e22c890000]
CodeCache: size=245760Kb, used=8609Kb, max_used=8680Kb, free=237148Kb
 total_blobs=3909, nmethods=3307, adapters=507, full_count=0
Compilation: enabled, stopped_count=0, restarted_count=0

Compilation events (20 events):
Event: 9.815 Thread 0x000001e252de3090 nmethod 3296 0x000001e22ca08108 code [0x000001e22ca08200, 0x000001e22ca08280]
Event: 9.815 Thread 0x000001e252de3090 3299       4       jdk.internal.perf.PerfCounter::getFindClasses (4 bytes)
Event: 9.815 Thread 0x000001e2376b48f0 nmethod 3298 0x000001e22ca08408 code [0x000001e22ca08500, 0x000001e22ca08570]
Event: 9.815 Thread 0x000001e252de3090 nmethod 3299 0x000001e22ca08708 code [0x000001e22ca08800, 0x000001e22ca08870]
Event: 9.819 Thread 0x000001e2376bb490 3300   !   3       java.util.concurrent.locks.AbstractQueuedSynchronizer$ConditionObject::newConditionNode (78 bytes)
Event: 9.819 Thread 0x000001e2376bb490 nmethod 3300 0x000001e225356608 code [0x000001e2253567e0, 0x000001e225357128]
Event: 9.819 Thread 0x000001e2376bb490 3301   !   3       java.util.concurrent.locks.AbstractQueuedSynchronizer::tryInitializeHead (66 bytes)
Event: 9.820 Thread 0x000001e2376bb490 nmethod 3301 0x000001e225357188 code [0x000001e2253572e0, 0x000001e225357868]
Event: 9.820 Thread 0x000001e2376bb490 3302       3       java.util.concurrent.locks.AbstractQueuedSynchronizer$ConditionNode::<init> (5 bytes)
Event: 9.820 Thread 0x000001e2376bb490 nmethod 3302 0x000001e225357908 code [0x000001e225357a20, 0x000001e225357be0]
Event: 9.833 Thread 0x000001e2376bb490 3303       3       org.gradle.internal.service.DefaultServiceRegistry::determineAccessScope (30 bytes)
Event: 9.834 Thread 0x000001e2376bb490 nmethod 3303 0x000001e225357c08 code [0x000001e225357de0, 0x000001e225358a28]
Event: 9.834 Thread 0x000001e2376bb490 3304       3       org.gradle.internal.service.DefaultServiceRegistry$FactoryMethodService::<init> (17 bytes)
Event: 9.834 Thread 0x000001e2376bb490 nmethod 3304 0x000001e225358b08 code [0x000001e225358c40, 0x000001e225358e00]
Event: 9.834 Thread 0x000001e2376bb490 3305       3       org.gradle.internal.service.DefaultServiceRegistry$FactoryMethodService::serviceTypesOf (42 bytes)
Event: 9.835 Thread 0x000001e2376bb490 nmethod 3305 0x000001e225358e88 code [0x000001e225359100, 0x000001e22535a5f8]
Event: 9.835 Thread 0x000001e2376bb490 3306   !   3       jdk.proxy1.$Proxy2::value (28 bytes)
Event: 9.835 Thread 0x000001e2376bb490 nmethod 3306 0x000001e22535a708 code [0x000001e22535a840, 0x000001e22535ac20]
Event: 9.835 Thread 0x000001e2376bb490 3307       3       org.gradle.internal.service.DefaultServiceRegistry$FactoryMethodService::<init> (34 bytes)
Event: 9.836 Thread 0x000001e2376bb490 nmethod 3307 0x000001e22535ac88 code [0x000001e22535ade0, 0x000001e22535b240]

GC Heap History (6 events):
Event: 2.315 GC heap before
{Heap before GC invocations=0 (full 0):
 garbage-first heap   total reserved 524288K, committed 264192K, used 51316K [0x00000000e0000000, 0x0000000100000000)
  region size 1024K, 47 young (48128K), 0 survivors (0K)
 Metaspace       used 4590K, committed 4864K, reserved 393216K
  class space    used 407K, committed 512K, reserved 327680K
}
Event: 2.320 GC heap after
{Heap after GC invocations=1 (full 0):
 garbage-first heap   total reserved 524288K, committed 264192K, used 11193K [0x00000000e0000000, 0x0000000100000000)
  region size 1024K, 6 young (6144K), 6 survivors (6144K)
 Metaspace       used 4590K, committed 4864K, reserved 393216K
  class space    used 407K, committed 512K, reserved 327680K
}
Event: 7.756 GC heap before
{Heap before GC invocations=1 (full 0):
 garbage-first heap   total reserved 524288K, committed 264192K, used 122809K [0x00000000e0000000, 0x0000000100000000)
  region size 1024K, 113 young (115712K), 6 survivors (6144K)
 Metaspace       used 15614K, committed 16128K, reserved 393216K
  class space    used 1620K, committed 1856K, reserved 327680K
}
Event: 7.798 GC heap after
{Heap after GC invocations=2 (full 0):
 garbage-first heap   total reserved 524288K, committed 264192K, used 21730K [0x00000000e0000000, 0x0000000100000000)
  region size 1024K, 15 young (15360K), 15 survivors (15360K)
 Metaspace       used 15614K, committed 16128K, reserved 393216K
  class space    used 1620K, committed 1856K, reserved 327680K
}
Event: 9.843 GC heap before
{Heap before GC invocations=2 (full 0):
 garbage-first heap   total reserved 524288K, committed 264192K, used 58594K [0x00000000e0000000, 0x0000000100000000)
  region size 1024K, 51 young (52224K), 15 survivors (15360K)
 Metaspace       used 20933K, committed 21504K, reserved 393216K
  class space    used 2175K, committed 2432K, reserved 327680K
}
Event: 9.853 GC heap after
{Heap after GC invocations=3 (full 0):
 garbage-first heap   total reserved 524288K, committed 264192K, used 24328K [0x00000000e0000000, 0x0000000100000000)
  region size 1024K, 3 young (3072K), 3 survivors (3072K)
 Metaspace       used 20933K, committed 21504K, reserved 393216K
  class space    used 2175K, committed 2432K, reserved 327680K
}

Dll operation events (15 events):
Event: 0.017 Loaded shared library C:\Program Files\Java\jdk-24\bin\java.dll
Event: 0.058 Loaded shared library C:\Program Files\Java\jdk-24\bin\jsvml.dll
Event: 0.112 Loaded shared library C:\Program Files\Java\jdk-24\bin\zip.dll
Event: 0.118 Loaded shared library C:\Program Files\Java\jdk-24\bin\instrument.dll
Event: 0.122 Loaded shared library C:\Program Files\Java\jdk-24\bin\net.dll
Event: 0.126 Loaded shared library C:\Program Files\Java\jdk-24\bin\nio.dll
Event: 0.130 Loaded shared library C:\Program Files\Java\jdk-24\bin\zip.dll
Event: 0.630 Loaded shared library C:\Program Files\Java\jdk-24\bin\jimage.dll
Event: 1.291 Loaded shared library C:\Program Files\Java\jdk-24\bin\verify.dll
Event: 1.337 Loaded shared library C:\Users\tangw\.gradle\native\1def1411415f61bf3af743bc5b6707747c0891f09f0c88961ee8f79bc544acac\windows-amd64\native-platform.dll
Event: 1.380 Loaded shared library C:\Users\tangw\.gradle\native\0.2.8\x86_64-windows-gnu\gradle-fileevents.dll
Event: 4.792 Loaded shared library C:\Program Files\Java\jdk-24\bin\management.dll
Event: 4.799 Loaded shared library C:\Program Files\Java\jdk-24\bin\management_ext.dll
Event: 5.258 Loaded shared library C:\Program Files\Java\jdk-24\bin\extnet.dll
Event: 5.807 Loaded shared library C:\Program Files\Java\jdk-24\bin\sunmscapi.dll

Deoptimization events (20 events):
Event: 7.474 Thread 0x000001e25103a710 Uncommon trap: trap_request=0xffffff4d fr.pc=0x000001e22c9146a4 relative=0x0000000000000424
Event: 7.475 Thread 0x000001e25103a710 Uncommon trap: reason=unstable_if action=reinterpret pc=0x000001e22c9146a4 method=java.util.regex.Matcher.match(II)Z @ 76 c2
Event: 7.475 Thread 0x000001e25103a710 DEOPT PACKING pc=0x000001e22c9146a4 sp=0x0000003af54fac40
Event: 7.475 Thread 0x000001e25103a710 DEOPT UNPACKING pc=0x000001e22c416e82 sp=0x0000003af54fabf8 mode 2
Event: 7.815 Thread 0x000001e25103a710 Uncommon trap: trap_request=0xffffff4d fr.pc=0x000001e22c8b5bd4 relative=0x0000000000000b74
Event: 7.815 Thread 0x000001e25103a710 Uncommon trap: reason=unstable_if action=reinterpret pc=0x000001e22c8b5bd4 method=java.io.WinNTFileSystem.resolve(Ljava/lang/String;Ljava/lang/String;)Ljava/lang/String; @ 42 c2
Event: 7.815 Thread 0x000001e25103a710 DEOPT PACKING pc=0x000001e22c8b5bd4 sp=0x0000003af54fb640
Event: 7.815 Thread 0x000001e25103a710 DEOPT UNPACKING pc=0x000001e22c416e82 sp=0x0000003af54fb5b8 mode 2
Event: 7.818 Thread 0x000001e25103a710 Uncommon trap: trap_request=0xffffff4d fr.pc=0x000001e22c8bf448 relative=0x0000000000000588
Event: 7.818 Thread 0x000001e25103a710 Uncommon trap: reason=unstable_if action=reinterpret pc=0x000001e22c8bf448 method=java.io.File.getName()Ljava/lang/String; @ 16 c2
Event: 7.818 Thread 0x000001e25103a710 DEOPT PACKING pc=0x000001e22c8bf448 sp=0x0000003af54fb610
Event: 7.818 Thread 0x000001e25103a710 DEOPT UNPACKING pc=0x000001e22c416e82 sp=0x0000003af54fb5e0 mode 2
Event: 8.317 Thread 0x000001e25103a710 Uncommon trap: trap_request=0xffffff4d fr.pc=0x000001e22c92d1d0 relative=0x0000000000000610
Event: 8.317 Thread 0x000001e25103a710 Uncommon trap: reason=unstable_if action=reinterpret pc=0x000001e22c92d1d0 method=java.util.ArrayList.grow(I)[Ljava/lang/Object; @ 17 c2
Event: 8.317 Thread 0x000001e25103a710 DEOPT PACKING pc=0x000001e22c92d1d0 sp=0x0000003af54fd410
Event: 8.317 Thread 0x000001e25103a710 DEOPT UNPACKING pc=0x000001e22c416e82 sp=0x0000003af54fd2a8 mode 2
Event: 9.461 Thread 0x000001e25103a710 Uncommon trap: trap_request=0xffffff4d fr.pc=0x000001e22c9f3390 relative=0x0000000000006af0
Event: 9.461 Thread 0x000001e25103a710 Uncommon trap: reason=unstable_if action=reinterpret pc=0x000001e22c9f3390 method=jdk.internal.loader.Resource.getBytes()[B @ 35 c2
Event: 9.461 Thread 0x000001e25103a710 DEOPT PACKING pc=0x000001e22c9f3390 sp=0x0000003af54f8320
Event: 9.461 Thread 0x000001e25103a710 DEOPT UNPACKING pc=0x000001e22c416e82 sp=0x0000003af54f81f0 mode 2

Classes loaded (20 events):
Event: 9.405 Loading class java/lang/Override
Event: 9.406 Loading class java/lang/Override done
Event: 9.516 Loading class java/util/concurrent/atomic/AtomicReferenceFieldUpdater
Event: 9.516 Loading class java/util/concurrent/atomic/AtomicReferenceFieldUpdater done
Event: 9.516 Loading class java/util/concurrent/atomic/AtomicReferenceFieldUpdater$AtomicReferenceFieldUpdaterImpl
Event: 9.517 Loading class java/util/concurrent/atomic/AtomicReferenceFieldUpdater$AtomicReferenceFieldUpdaterImpl done
Event: 9.517 Loading class sun/reflect/misc/ReflectUtil
Event: 9.517 Loading class sun/reflect/misc/ReflectUtil done
Event: 9.556 Loading class java/io/ObjectOutputStream
Event: 9.556 Loading class java/io/ObjectOutput
Event: 9.556 Loading class java/io/ObjectOutput done
Event: 9.556 Loading class java/io/ObjectStreamConstants
Event: 9.556 Loading class java/io/ObjectStreamConstants done
Event: 9.557 Loading class java/io/ObjectOutputStream done
Event: 9.557 Loading class java/io/ObjectInputStream
Event: 9.558 Loading class java/io/ObjectInput
Event: 9.558 Loading class java/io/ObjectInput done
Event: 9.558 Loading class java/io/ObjectInputStream done
Event: 9.711 Loading class java/lang/invoke/BoundMethodHandle$Species_LLLLLLLLLLLLLLLLLLLLLLLL
Event: 9.711 Loading class java/lang/invoke/BoundMethodHandle$Species_LLLLLLLLLLLLLLLLLLLLLLLL done

Classes unloaded (0 events):
No events

Classes redefined (0 events):
No events

Internal exceptions (20 events):
Event: 8.255 Thread 0x000001e25103a710 Exception <a 'java/lang/NoSuchMethodError'{0x00000000efa24758}: 'int java.lang.invoke.DirectMethodHandle$Holder.invokeStatic(java.lang.Object, java.lang.Object, java.lang.Object, java.lang.Object)'> (0x00000000efa24758) 
thrown [s\open\src\hotspot\share\interpreter\linkResolver.cpp, line 805]
Event: 8.451 Thread 0x000001e25103a710 Exception <a 'java/lang/NoSuchMethodError'{0x00000000ef8307e8}: 'java.lang.Object java.lang.invoke.DelegatingMethodHandle$Holder.reinvoke_L(java.lang.Object, java.lang.Object, java.lang.Object, java.lang.Object, java.lang.Object, java.lang.Object, java.lang.Object, java.lang.Object, java.lang.Object, java.lang.Object, java.lang.Object, java.lang.Object, java.lang.Object, java.lang.Object, java.lang.Object, java.lang.Object, java.lang.Object, java.lang.Object, java.lang.Object, java.lang.Object, java.lang.O
Event: 8.471 Thread 0x000001e25103a710 Exception <a 'java/lang/NoSuchMethodError'{0x00000000ef8e1ae0}: 'java.lang.Object java.lang.invoke.DirectMethodHandle$Holder.invokeStatic(java.lang.Object, java.lang.Object, java.lang.Object, java.lang.Object, java.lang.Object, java.lang.Object, java.lang.Object, java.lang.Object, java.lang.Object, java.lang.Object, java.lang.Object, java.lang.Object, java.lang.Object, java.lang.Object, java.lang.Object, java.lang.Object, java.lang.Object)'> (0x00000000ef8e1ae0) 
thrown [s\open\src\hotspot\share\interprete
Event: 8.484 Thread 0x000001e25103a710 Exception <a 'java/lang/NoSuchMethodError'{0x00000000ef713e48}: 'java.lang.Object java.lang.invoke.DirectMethodHandle$Holder.invokeStatic(java.lang.Object, java.lang.Object, java.lang.Object, java.lang.Object, java.lang.Object, java.lang.Object, java.lang.Object, java.lang.Object, java.lang.Object, java.lang.Object, java.lang.Object, java.lang.Object, java.lang.Object, java.lang.Object, java.lang.Object, java.lang.Object, java.lang.Object, java.lang.Object)'> (0x00000000ef713e48) 
thrown [s\open\src\hotspo
Event: 8.489 Thread 0x000001e25103a710 Exception <a 'java/lang/NoSuchMethodError'{0x00000000ef746d70}: 'java.lang.Object java.lang.invoke.DirectMethodHandle$Holder.invokeStatic(java.lang.Object, java.lang.Object, java.lang.Object, java.lang.Object, java.lang.Object, java.lang.Object, java.lang.Object, java.lang.Object, java.lang.Object, java.lang.Object, java.lang.Object, java.lang.Object, java.lang.Object, java.lang.Object, java.lang.Object, java.lang.Object, java.lang.Object, java.lang.Object, java.lang.Object)'> (0x00000000ef746d70) 
thrown 
Event: 8.499 Thread 0x000001e25103a710 Exception <a 'java/lang/NoSuchMethodError'{0x00000000ef77ae98}: 'java.lang.Object java.lang.invoke.DirectMethodHandle$Holder.invokeStatic(java.lang.Object, java.lang.Object, java.lang.Object, java.lang.Object, java.lang.Object, java.lang.Object, java.lang.Object, java.lang.Object, java.lang.Object, java.lang.Object, java.lang.Object, java.lang.Object, java.lang.Object, java.lang.Object, java.lang.Object, java.lang.Object, java.lang.Object, java.lang.Object, java.lang.Object, java.lang.Object)'> (0x00000000
Event: 8.535 Thread 0x000001e25103a710 Exception <a 'java/lang/NoSuchMethodError'{0x00000000ef7b0138}: 'java.lang.Object java.lang.invoke.DirectMethodHandle$Holder.invokeStatic(java.lang.Object, java.lang.Object, java.lang.Object, java.lang.Object, java.lang.Object, java.lang.Object, java.lang.Object, java.lang.Object, java.lang.Object, java.lang.Object, java.lang.Object, java.lang.Object, java.lang.Object, java.lang.Object, java.lang.Object, java.lang.Object, java.lang.Object, java.lang.Object, java.lang.Object, java.lang.Object, java.lang.Obj
Event: 8.540 Thread 0x000001e25103a710 Exception <a 'java/lang/NoSuchMethodError'{0x00000000ef7e5f30}: 'java.lang.Object java.lang.invoke.DirectMethodHandle$Holder.invokeStatic(java.lang.Object, java.lang.Object, java.lang.Object, java.lang.Object, java.lang.Object, java.lang.Object, java.lang.Object, java.lang.Object, java.lang.Object, java.lang.Object, java.lang.Object, java.lang.Object, java.lang.Object, java.lang.Object, java.lang.Object, java.lang.Object, java.lang.Object, java.lang.Object, java.lang.Object, java.lang.Object, java.lang.Obj
Event: 8.544 Thread 0x000001e25103a710 Exception <a 'java/lang/NoSuchMethodError'{0x00000000ef61cd80}: 'java.lang.Object java.lang.invoke.DirectMethodHandle$Holder.invokeStatic(java.lang.Object, java.lang.Object, java.lang.Object, java.lang.Object, java.lang.Object, java.lang.Object, java.lang.Object, java.lang.Object, java.lang.Object, java.lang.Object, java.lang.Object, java.lang.Object, java.lang.Object, java.lang.Object, java.lang.Object, java.lang.Object, java.lang.Object, java.lang.Object, java.lang.Object, java.lang.Object, java.lang.Obj
Event: 8.547 Thread 0x000001e25103a710 Exception <a 'java/lang/NoSuchMethodError'{0x00000000ef654720}: 'java.lang.Object java.lang.invoke.DirectMethodHandle$Holder.invokeStatic(java.lang.Object, java.lang.Object, java.lang.Object, java.lang.Object, java.lang.Object, java.lang.Object, java.lang.Object, java.lang.Object, java.lang.Object, java.lang.Object, java.lang.Object, java.lang.Object, java.lang.Object, java.lang.Object, java.lang.Object, java.lang.Object, java.lang.Object, java.lang.Object, java.lang.Object, java.lang.Object, java.lang.Obj
Event: 8.552 Thread 0x000001e25103a710 Exception <a 'java/lang/NoSuchMethodError'{0x00000000ef68d820}: 'java.lang.Object java.lang.invoke.DirectMethodHandle$Holder.invokeStatic(java.lang.Object, java.lang.Object, java.lang.Object, java.lang.Object, java.lang.Object, java.lang.Object, java.lang.Object, java.lang.Object, java.lang.Object, java.lang.Object, java.lang.Object, java.lang.Object, java.lang.Object, java.lang.Object, java.lang.Object, java.lang.Object, java.lang.Object, java.lang.Object, java.lang.Object, java.lang.Object, java.lang.Obj
Event: 8.556 Thread 0x000001e25103a710 Exception <a 'java/lang/NoSuchMethodError'{0x00000000ef6c78e8}: 'java.lang.Object java.lang.invoke.DirectMethodHandle$Holder.invokeStatic(java.lang.Object, java.lang.Object, java.lang.Object, java.lang.Object, java.lang.Object, java.lang.Object, java.lang.Object, java.lang.Object, java.lang.Object, java.lang.Object, java.lang.Object, java.lang.Object, java.lang.Object, java.lang.Object, java.lang.Object, java.lang.Object, java.lang.Object, java.lang.Object, java.lang.Object, java.lang.Object, java.lang.Obj
Event: 9.270 Thread 0x000001e25103a710 Exception <a 'java/lang/NoSuchMethodError'{0x00000000eedaea48}: 'java.lang.Object java.lang.invoke.DirectMethodHandle$Holder.invokeVirtual(java.lang.Object, java.lang.Object, java.lang.Object, java.lang.Object, java.lang.Object, java.lang.Object, java.lang.Object, java.lang.Object, java.lang.Object, java.lang.Object, java.lang.Object)'> (0x00000000eedaea48) 
thrown [s\open\src\hotspot\share\interpreter\linkResolver.cpp, line 805]
Event: 9.283 Thread 0x000001e25103a710 Exception <a 'java/lang/NoSuchMethodError'{0x00000000eec55098}: 'int java.lang.invoke.DirectMethodHandle$Holder.invokeStaticInit(java.lang.Object, java.lang.Object, java.lang.Object)'> (0x00000000eec55098) 
thrown [s\open\src\hotspot\share\interpreter\linkResolver.cpp, line 805]
Event: 9.531 Thread 0x000001e25103a710 Exception <a 'java/lang/IncompatibleClassChangeError'{0x00000000ee728158}: Found class java.lang.Object, but interface was expected> (0x00000000ee728158) 
thrown [s\open\src\hotspot\share\interpreter\linkResolver.cpp, line 872]
Event: 9.536 Thread 0x000001e25103a710 Exception <a 'java/lang/NoSuchMethodError'{0x00000000ee750390}: 'java.lang.Object java.lang.invoke.DirectMethodHandle$Holder.newInvokeSpecial(java.lang.Object, java.lang.Object, java.lang.Object, java.lang.Object, java.lang.Object, java.lang.Object, java.lang.Object, java.lang.Object, java.lang.Object, java.lang.Object)'> (0x00000000ee750390) 
thrown [s\open\src\hotspot\share\interpreter\linkResolver.cpp, line 805]
Event: 9.699 Thread 0x000001e25103a710 Exception <a 'java/lang/NoSuchMethodError'{0x00000000ee2a2078}: 'java.lang.Object java.lang.invoke.DirectMethodHandle$Holder.invokeVirtual(java.lang.Object, java.lang.Object, java.lang.Object, java.lang.Object, java.lang.Object, java.lang.Object, java.lang.Object, java.lang.Object, java.lang.Object, java.lang.Object, java.lang.Object, java.lang.Object, java.lang.Object, java.lang.Object, java.lang.Object, java.lang.Object, java.lang.Object, java.lang.Object, java.lang.Object, java.lang.Object, java.lang.Ob
Event: 9.700 Thread 0x000001e25103a710 Exception <a 'java/lang/NoSuchMethodError'{0x00000000ee2b6120}: 'java.lang.Object java.lang.invoke.DelegatingMethodHandle$Holder.reinvoke_L(java.lang.Object, java.lang.Object, java.lang.Object, java.lang.Object, java.lang.Object, java.lang.Object, java.lang.Object, java.lang.Object, java.lang.Object, java.lang.Object, java.lang.Object, java.lang.Object, java.lang.Object, java.lang.Object, java.lang.Object, java.lang.Object, java.lang.Object, java.lang.Object, java.lang.Object, java.lang.Object, java.lang.O
Event: 9.713 Thread 0x000001e25103a710 Exception <a 'java/lang/NoSuchMethodError'{0x00000000ee00e008}: 'java.lang.Object java.lang.invoke.DirectMethodHandle$Holder.invokeStatic(java.lang.Object, java.lang.Object, java.lang.Object, java.lang.Object, java.lang.Object, java.lang.Object, java.lang.Object, java.lang.Object, java.lang.Object, java.lang.Object, java.lang.Object, java.lang.Object, java.lang.Object, java.lang.Object, java.lang.Object, java.lang.Object, java.lang.Object, java.lang.Object, java.lang.Object, java.lang.Object, java.lang.Obj
Event: 9.807 Thread 0x000001e25103a710 Exception <a 'java/lang/NoSuchMethodError'{0x00000000ede8de70}: 'void java.lang.invoke.DirectMethodHandle$Holder.invokeVirtual(java.lang.Object, java.lang.Object, java.lang.Object, java.lang.Object, java.lang.Object)'> (0x00000000ede8de70) 
thrown [s\open\src\hotspot\share\interpreter\linkResolver.cpp, line 805]

VM Operations (20 events):
Event: 4.645 Executing VM operation: HandshakeAllThreads (Deoptimize) done
Event: 4.944 Executing VM operation: HandshakeAllThreads (Deoptimize)
Event: 4.944 Executing VM operation: HandshakeAllThreads (Deoptimize) done
Event: 5.279 Executing VM operation: HandshakeAllThreads (Deoptimize)
Event: 5.279 Executing VM operation: HandshakeAllThreads (Deoptimize) done
Event: 5.370 Executing VM operation: HandshakeAllThreads (Deoptimize)
Event: 5.370 Executing VM operation: HandshakeAllThreads (Deoptimize) done
Event: 5.549 Executing VM operation: HandshakeAllThreads (Deoptimize)
Event: 5.549 Executing VM operation: HandshakeAllThreads (Deoptimize) done
Event: 5.755 Executing VM operation: HandshakeAllThreads (Deoptimize)
Event: 5.755 Executing VM operation: HandshakeAllThreads (Deoptimize) done
Event: 6.676 Executing VM operation: HandshakeAllThreads (Deoptimize)
Event: 6.677 Executing VM operation: HandshakeAllThreads (Deoptimize) done
Event: 7.756 Executing VM operation: G1CollectForAllocation (G1 Evacuation Pause)
Event: 7.798 Executing VM operation: G1CollectForAllocation (G1 Evacuation Pause) done
Event: 8.566 Executing VM operation: HandshakeAllThreads (Deoptimize)
Event: 8.566 Executing VM operation: HandshakeAllThreads (Deoptimize) done
Event: 8.566 Executing VM operation: HandshakeAllThreads (Deoptimize)
Event: 8.567 Executing VM operation: HandshakeAllThreads (Deoptimize) done
Event: 9.843 Executing VM operation: CollectForMetadataAllocation (Metadata GC Threshold)

Memory protections (0 events):
No events

Nmethod flushes (0 events):
No events

Events (20 events):
Event: 4.629 Thread 0x000001e2376b48f0 Thread added: 0x000001e25275b850
Event: 4.849 Thread 0x000001e25275b850 Thread exited: 0x000001e25275b850
Event: 4.951 Thread 0x000001e21c525d80 Thread added: 0x000001e2527ed370
Event: 5.286 Thread 0x000001e2376bb490 Thread added: 0x000001e2512a5380
Event: 5.498 Thread 0x000001e2512a5380 Thread exited: 0x000001e2512a5380
Event: 5.582 Thread 0x000001e21c525d80 Thread added: 0x000001e251f49ac0
Event: 5.762 Thread 0x000001e21c525d80 Thread added: 0x000001e252aa8250
Event: 5.772 Thread 0x000001e2376bb490 Thread added: 0x000001e2529daad0
Event: 5.862 Thread 0x000001e251f49ac0 Thread added: 0x000001e25283b9e0
Event: 5.878 Thread 0x000001e25283b9e0 Thread added: 0x000001e25103b5b0
Event: 5.912 Thread 0x000001e2529daad0 Thread exited: 0x000001e2529daad0
Event: 5.942 Thread 0x000001e25283b9e0 Thread added: 0x000001e25103ae60
Event: 5.955 Thread 0x000001e25283b9e0 Thread added: 0x000001e25103a710
Event: 5.985 Thread 0x000001e25103a710 Thread added: 0x000001e25103bd00
Event: 6.015 Thread 0x000001e25103a710 Thread added: 0x000001e251039fc0
Event: 6.029 Thread 0x000001e25103a710 Thread added: 0x000001e2510389d0
Event: 7.124 Thread 0x000001e25103a710 Thread added: 0x000001e251039870
Event: 7.135 Thread 0x000001e25103a710 Thread added: 0x000001e252d02520
Event: 7.636 Thread 0x000001e25103a710 Thread added: 0x000001e252d02c70
Event: 8.441 Thread 0x000001e2376b48f0 Thread added: 0x000001e252de3090


Dynamic libraries:
0x00007ff63e570000 - 0x00007ff63e580000 	C:\Program Files\Java\jdk-24\bin\java.exe
0x00007ffba1510000 - 0x00007ffba1708000 	C:\Windows\SYSTEM32\ntdll.dll
0x00007ffb9f650000 - 0x00007ffb9f712000 	C:\Windows\System32\KERNEL32.DLL
0x00007ffb9f030000 - 0x00007ffb9f326000 	C:\Windows\System32\KERNELBASE.dll
0x00007ffb9ee90000 - 0x00007ffb9ef90000 	C:\Windows\System32\ucrtbase.dll
0x00007ffb8a630000 - 0x00007ffb8a646000 	C:\Program Files\Java\jdk-24\bin\jli.dll
0x00007ffb8a5d0000 - 0x00007ffb8a5eb000 	C:\Program Files\Java\jdk-24\bin\VCRUNTIME140.dll
0x00007ffba0ee0000 - 0x00007ffba1081000 	C:\Windows\System32\USER32.dll
0x00007ffb9f330000 - 0x00007ffb9f352000 	C:\Windows\System32\win32u.dll
0x00007ffb9f530000 - 0x00007ffb9f55b000 	C:\Windows\System32\GDI32.dll
0x00007ffb9f360000 - 0x00007ffb9f479000 	C:\Windows\System32\gdi32full.dll
0x00007ffb9ef90000 - 0x00007ffb9f02d000 	C:\Windows\System32\msvcp_win.dll
0x00007ffb8c520000 - 0x00007ffb8c7bb000 	C:\Windows\WinSxS\amd64_microsoft.windows.common-controls_6595b64144ccf1df_6.0.19041.6456_none_60b8a6cb71f64256\COMCTL32.dll
0x00007ffba05a0000 - 0x00007ffba063e000 	C:\Windows\System32\msvcrt.dll
0x00007ffb9fe90000 - 0x00007ffb9febf000 	C:\Windows\System32\IMM32.DLL
0x00007ffb98f10000 - 0x00007ffb98f1c000 	C:\Program Files\Java\jdk-24\bin\vcruntime140_1.dll
0x00007ffb386b0000 - 0x00007ffb3873e000 	C:\Program Files\Java\jdk-24\bin\msvcp140.dll
0x00007ffb35500000 - 0x00007ffb362a1000 	C:\Program Files\Java\jdk-24\bin\server\jvm.dll
0x00007ffba0640000 - 0x00007ffba06f1000 	C:\Windows\System32\ADVAPI32.dll
0x00007ffba0c30000 - 0x00007ffba0ccf000 	C:\Windows\System32\sechost.dll
0x00007ffba0dc0000 - 0x00007ffba0ee0000 	C:\Windows\System32\RPCRT4.dll
0x00007ffb9eba0000 - 0x00007ffb9ebc7000 	C:\Windows\System32\bcrypt.dll
0x00007ffba01d0000 - 0x00007ffba023b000 	C:\Windows\System32\WS2_32.dll
0x00007ffb9ea00000 - 0x00007ffb9ea4b000 	C:\Windows\SYSTEM32\POWRPROF.dll
0x00007ffb8cd10000 - 0x00007ffb8cd37000 	C:\Windows\SYSTEM32\WINMM.dll
0x00007ffb994a0000 - 0x00007ffb994aa000 	C:\Windows\SYSTEM32\VERSION.dll
0x00007ffb9e9e0000 - 0x00007ffb9e9f2000 	C:\Windows\SYSTEM32\UMPDC.dll
0x00007ffb9d370000 - 0x00007ffb9d382000 	C:\Windows\SYSTEM32\kernel.appcore.dll
0x00007ffb89e60000 - 0x00007ffb89e6a000 	C:\Program Files\Java\jdk-24\bin\jimage.dll
0x00007ffb9c8b0000 - 0x00007ffb9cab1000 	C:\Windows\SYSTEM32\DBGHELP.DLL
0x00007ffb84a20000 - 0x00007ffb84a54000 	C:\Windows\SYSTEM32\dbgcore.DLL
0x00007ffb9ee00000 - 0x00007ffb9ee82000 	C:\Windows\System32\bcryptPrimitives.dll
0x00007ffb6ffa0000 - 0x00007ffb6ffaf000 	C:\Program Files\Java\jdk-24\bin\instrument.dll
0x00007ffb74bf0000 - 0x00007ffb74c0e000 	C:\Program Files\Java\jdk-24\bin\java.dll
0x00007ffba1090000 - 0x00007ffba11bb000 	C:\Windows\System32\ole32.dll
0x00007ffba0240000 - 0x00007ffba0594000 	C:\Windows\System32\combase.dll
0x00007ffb9f720000 - 0x00007ffb9fe90000 	C:\Windows\System32\SHELL32.dll
0x00007ffb9cbb0000 - 0x00007ffb9d355000 	C:\Windows\SYSTEM32\windows.storage.dll
0x00007ffb9e4f0000 - 0x00007ffb9e51b000 	C:\Windows\SYSTEM32\Wldp.dll
0x00007ffba1370000 - 0x00007ffba143d000 	C:\Windows\System32\OLEAUT32.dll
0x00007ffb9fec0000 - 0x00007ffb9ff6d000 	C:\Windows\System32\SHCORE.dll
0x00007ffba1440000 - 0x00007ffba149b000 	C:\Windows\System32\shlwapi.dll
0x00007ffb9ead0000 - 0x00007ffb9eaf4000 	C:\Windows\SYSTEM32\profapi.dll
0x00007ffb35420000 - 0x00007ffb354f7000 	C:\Program Files\Java\jdk-24\bin\jsvml.dll
0x00007ffb72be0000 - 0x00007ffb72bf7000 	C:\Program Files\Java\jdk-24\bin\zip.dll
0x00007ffb83400000 - 0x00007ffb83410000 	C:\Program Files\Java\jdk-24\bin\net.dll
0x00007ffb9e250000 - 0x00007ffb9e2ba000 	C:\Windows\system32\mswsock.dll
0x00007ffb74b40000 - 0x00007ffb74b56000 	C:\Program Files\Java\jdk-24\bin\nio.dll
0x00007ffb72070000 - 0x00007ffb72080000 	C:\Program Files\Java\jdk-24\bin\verify.dll
0x00007ffb6fee0000 - 0x00007ffb6ff07000 	C:\Users\tangw\.gradle\native\1def1411415f61bf3af743bc5b6707747c0891f09f0c88961ee8f79bc544acac\windows-amd64\native-platform.dll
0x00007ffa95bc0000 - 0x00007ffa95c37000 	C:\Users\tangw\.gradle\native\0.2.8\x86_64-windows-gnu\gradle-fileevents.dll
0x00007ffb7d9c0000 - 0x00007ffb7d9ca000 	C:\Program Files\Java\jdk-24\bin\management.dll
0x00007ffb72580000 - 0x00007ffb7258b000 	C:\Program Files\Java\jdk-24\bin\management_ext.dll
0x00007ffba14c0000 - 0x00007ffba14c8000 	C:\Windows\System32\PSAPI.DLL
0x00007ffb9df10000 - 0x00007ffb9df4b000 	C:\Windows\SYSTEM32\IPHLPAPI.DLL
0x00007ffba0db0000 - 0x00007ffba0db8000 	C:\Windows\System32\NSI.dll
0x00007ffb71820000 - 0x00007ffb71829000 	C:\Program Files\Java\jdk-24\bin\extnet.dll
0x00007ffb9e450000 - 0x00007ffb9e468000 	C:\Windows\SYSTEM32\CRYPTSP.dll
0x00007ffb9db30000 - 0x00007ffb9db68000 	C:\Windows\system32\rsaenh.dll
0x00007ffb9ea50000 - 0x00007ffb9ea7e000 	C:\Windows\SYSTEM32\USERENV.dll
0x00007ffb9e440000 - 0x00007ffb9e44c000 	C:\Windows\SYSTEM32\CRYPTBASE.dll
0x00007ffb6ff10000 - 0x00007ffb6ff1e000 	C:\Program Files\Java\jdk-24\bin\sunmscapi.dll
0x00007ffb9ec20000 - 0x00007ffb9ed7d000 	C:\Windows\System32\CRYPT32.dll
0x00007ffb9e560000 - 0x00007ffb9e587000 	C:\Windows\SYSTEM32\ncrypt.dll
0x00007ffb9e520000 - 0x00007ffb9e55b000 	C:\Windows\SYSTEM32\NTASN1.dll
0x00007ffb80760000 - 0x00007ffb80767000 	C:\Windows\system32\wshunix.dll

JVMTI agents:
C:\Users\tangw\.gradle\wrapper\dists\gradle-9.0.0-bin\d6wjpkvcgsg3oed0qlfss3wgl\gradle-9.0.0\lib\agents\gradle-instrumentation-agent-9.0.0.jar path:C:\Program Files\Java\jdk-24\bin\instrument.dll, loaded, initialized, instrumentlib options:none

dbghelp: loaded successfully - version: 4.0.5 - missing functions: none
symbol engine: initialized successfully - sym options: 0x614 - pdb path: .;C:\Program Files\Java\jdk-24\bin;C:\Windows\SYSTEM32;C:\Windows\WinSxS\amd64_microsoft.windows.common-controls_6595b64144ccf1df_6.0.19041.6456_none_60b8a6cb71f64256;C:\Program Files\Java\jdk-24\bin\server;C:\Users\tangw\.gradle\native\1def1411415f61bf3af743bc5b6707747c0891f09f0c88961ee8f79bc544acac\windows-amd64;C:\Users\tangw\.gradle\native\0.2.8\x86_64-windows-gnu

VM Arguments:
jvm_args: --add-opens=java.base/java.lang=ALL-UNNAMED --add-opens=java.base/java.lang.invoke=ALL-UNNAMED --add-opens=java.base/java.util=ALL-UNNAMED --add-opens=java.prefs/java.util.prefs=ALL-UNNAMED --add-exports=jdk.compiler/com.sun.tools.javac.api=ALL-UNNAMED --add-exports=jdk.compiler/com.sun.tools.javac.util=ALL-UNNAMED --add-opens=java.base/java.util=ALL-UNNAMED --add-opens=java.prefs/java.util.prefs=ALL-UNNAMED --add-opens=java.base/java.nio.charset=ALL-UNNAMED --add-opens=java.base/java.net=ALL-UNNAMED --add-opens=java.base/java.util.concurrent=ALL-UNNAMED --add-opens=java.base/java.util.concurrent.atomic=ALL-UNNAMED --add-opens=java.xml/javax.xml.namespace=ALL-UNNAMED --enable-native-access=ALL-UNNAMED -XX:MaxMetaspaceSize=384m -XX:+HeapDumpOnOutOfMemoryError -Xms256m -Xmx512m -Dfile.encoding=UTF-8 -Duser.country=US -Duser.language=en -Duser.variant -javaagent:C:\Users\tangw\.gradle\wrapper\dists\gradle-9.0.0-bin\d6wjpkvcgsg3oed0qlfss3wgl\gradle-9.0.0\lib\agents\gradle-instrumentation-agent-9.0.0.jar 
java_command: org.gradle.launcher.daemon.bootstrap.GradleDaemon 9.0.0
java_class_path (initial): C:\Users\tangw\.gradle\wrapper\dists\gradle-9.0.0-bin\d6wjpkvcgsg3oed0qlfss3wgl\gradle-9.0.0\lib\gradle-daemon-main-9.0.0.jar
Launcher Type: SUN_STANDARD

[Global flags]
     intx CICompilerCount                          = 4                                         {product} {ergonomic}
   size_t CompressedClassSpaceSize                 = 335544320                                 {product} {ergonomic}
     uint ConcGCThreads                            = 2                                         {product} {ergonomic}
     uint G1ConcRefinementThreads                  = 8                                         {product} {ergonomic}
   size_t G1HeapRegionSize                         = 1048576                                   {product} {ergonomic}
     bool HeapDumpOnOutOfMemoryError               = true                                   {manageable} {command line}
   size_t InitialHeapSize                          = 268435456                                 {product} {command line}
   size_t MarkStackSize                            = 4194304                                   {product} {ergonomic}
   size_t MarkStackSizeMax                         = 536870912                                 {product} {ergonomic}
   size_t MaxHeapSize                              = 536870912                                 {product} {command line}
   size_t MaxMetaspaceSize                         = 402653184                                 {product} {command line}
   size_t MaxNewSize                               = 321912832                                 {product} {ergonomic}
   size_t MinHeapDeltaBytes                        = 1048576                                   {product} {ergonomic}
   size_t MinHeapSize                              = 268435456                                 {product} {command line}
    uintx NonNMethodCodeHeapSize                   = 5832704                                {pd product} {ergonomic}
    uintx NonProfiledCodeHeapSize                  = 122945536                              {pd product} {ergonomic}
    uintx ProfiledCodeHeapSize                     = 122880000                              {pd product} {ergonomic}
    uintx ReservedCodeCacheSize                    = 251658240                              {pd product} {ergonomic}
     bool SegmentedCodeCache                       = true                                      {product} {ergonomic}
   size_t SoftMaxHeapSize                          = 536870912                              {manageable} {ergonomic}
     bool UseCompressedOops                        = true                           {product lp64_product} {ergonomic}
     bool UseG1GC                                  = true                                      {product} {ergonomic}
     bool UseLargePagesIndividualAllocation        = false                                  {pd product} {ergonomic}

Logging:
Log output configuration:
 #0: stdout all=warning uptime,level,tags foldmultilines=false
 #1: stderr all=off uptime,level,tags foldmultilines=false

Environment Variables:
PATH=C:\Users\tangw\.pyenv\pyenv-win\bin;C:\Program Files\Common Files\Oracle\Java\javapath;C:\Program Files (x86)\Common Files\Oracle\Java\javapath;C:\Windows\system32;C:\Windows;C:\Windows\System32\Wbem;C:\Windows\System32\WindowsPowerShell\v1.0\;C:\Windows\System32\OpenSSH\;C:\Program Files (x86)\NVIDIA Corporation\PhysX\Common;C:\Program Files\NVIDIA Corporation\NVIDIA NvDLISR;C:\Windows\system32;C:\Windows;C:\Windows\System32\Wbem;C:\Windows\System32\WindowsPowerShell\v1.0\;C:\Windows\System32\OpenSSH\;C:\Program Files\Git\cmd;C:\Users\tangw\AppData\Local\Programs\Python\Python312;C:\Users\tangw\AppData\Local\Programs\Python\Python312\Scripts;C:\ProgramData\chocolatey\bin;C:\Users\tangw\AppData\Roaming\npm;C:\Program Files\Amazon\AWSCLIV2\;C:\Program Files\dotnet\;C:\Program Files (x86)\cloudflared\;C:\Program Files\NVIDIA Corporation\NVIDIA App\NvDLISR;C:\Program Files (x86)\NoteBook FanControl\;C:\Program Files\CMake\bin;C:\Program Files (x86)\Intel\oneAPI\compiler\2025.1\bin;C:\Program Files\Microsoft Visual Studio\2022\Community\Common7\IDE\;C:\Program Files (x86)\Windows Kits\10\Windows Performance Toolkit\;C:\msys64\mingw64\bin;C:\Program Files\Microsoft Visual Studio\2022\Community\VC\Tools\MSVC\14.44.35207\bin\Hostx64\x64;C:\Program Files\HDF_Group\HDF5\1.14.6\bin\;C:\Program Files (x86)\openmc\bin;C:\Program Files (x86)\njoy\bin;C:\swig;C:\swig\vcpkg;C:\Program Files\7-Zip;C:\Program Files\Vim\vim91;C:\Program Files\nodejs20\;C:\Program Files\Docker\Docker\resources\bin;C:\Program Files\GitHub CLI\;C:\Users\tangw\.pyenv\pyenv-win\bin;C:\Users\tangw\.pyenv\pyenv-win\shims;C:\Users\tangw\AppData\Local\Programs\Python\Launcher\;C:\Users\tangw\AppData\Local\Microsoft\WindowsApps;C:\Users\tangw\AppData\Local\Programs\Microsoft VS Code\bin;C:\Program Files (x86)\Nmap;C:\Users\tangw\AppData\Local\Microsoft\WinGet\Links;C:\Users\tangw\AppData\Roaming\npm;C:\Program Files\nodejs20;C:\Users\tangw\AppData\Local\Programs\mongosh\
USERNAME=admin
OS=Windows_NT
PROCESSOR_IDENTIFIER=Intel64 Family 6 Model 165 Stepping 2, GenuineIntel
TMP=C:\Users\tangw\AppData\Local\Temp
TEMP=C:\Users\tangw\AppData\Local\Temp




Periodic native trim disabled

---------------  S Y S T E M  ---------------

OS:
 Windows 10 , 64 bit Build 19041 (10.0.19041.5915)
OS uptime: 0 days 8:42 hours
Hyper-V role detected

CPU: total 8 (initial active 8) (4 cores per cpu, 2 threads per core) family 6 model 165 stepping 2 microcode 0xc8, cx8, cmov, fxsr, ht, mmx, 3dnowpref, sse, sse2, sse3, ssse3, sse4.1, sse4.2, popcnt, lzcnt, tsc, tscinvbit, avx, avx2, aes, erms, clmul, bmi1, bmi2, adx, fma, vzeroupper, clflush, clflushopt, hv, rdtscp, f16c
Processor Information for the first 8 processors :
  Max Mhz: 2496, Current Mhz: 2496, Mhz Limit: 2496

Memory: 4k page, system-wide physical 24412M (1264M free)
TotalPageFile size 35739M (AvailPageFile size 1076M)
current process WorkingSet (physical memory assigned to process): 261M, peak: 261M
current process commit charge ("private bytes"): 426M, peak: 440M

vm_info: Java HotSpot(TM) 64-Bit Server VM (24.0.2+12-54) for windows-amd64 JRE (24.0.2+12-54), built on 2025-07-08T12:10:27Z with MS VC++ 17.6 (VS2022)

END.
