#
# There is insufficient memory for the Java Runtime Environment to continue.
# Native memory allocation (mmap) failed to map 65536 bytes. Error detail: Failed to commit metaspace.
# Possible reasons:
#   The system is out of physical RAM or swap space
#   This process is running with CompressedOops enabled, and the Java Heap may be blocking the growth of the native heap
# Possible solutions:
#   Reduce memory load on the system
#   Increase physical memory or swap space
#   Check if swap backing store is full
#   Decrease Java heap size (-Xmx/-Xms)
#   Decrease number of Java threads
#   Decrease Java thread stack sizes (-Xss)
#   Set larger code cache with -XX:ReservedCodeCacheSize=
#   JVM is running with Unscaled Compressed Oops mode in which the Java heap is
#     placed in the first 4GB address space. The Java Heap base address is the
#     maximum limit for the native heap growth. Please use -XX:HeapBaseMinAddress
#     to set the Java Heap base and to place the Java Heap above 4GB virtual address.
# This output file may be truncated or incomplete.
#
#  Out of Memory Error (virtualSpaceNode.cpp:113), pid=11072, tid=134520
#
# JRE version: OpenJDK Runtime Environment Temurin-21.0.9+10 (21.0.9+10) (build 21.0.9+10-LTS)
# Java VM: OpenJDK 64-Bit Server VM Temurin-21.0.9+10 (21.0.9+10-LTS, mixed mode, sharing, tiered, compressed oops, compressed class ptrs, parallel gc, windows-amd64)
# No core dump will be written. Minidumps are not enabled by default on client versions of Windows
#

---------------  S U M M A R Y ------------

Command Line: --add-modules=ALL-SYSTEM --add-opens=java.base/java.util=ALL-UNNAMED --add-opens=java.base/java.lang=ALL-UNNAMED --add-opens=java.base/sun.nio.fs=ALL-UNNAMED -Declipse.application=org.eclipse.jdt.ls.core.id1 -Dosgi.bundles.defaultStartLevel=4 -Declipse.product=org.eclipse.jdt.ls.core.product -Djava.import.generatesMetadataFilesAtProjectRoot=false -DDetectVMInstallationsJob.disabled=true -Dfile.encoding=utf8 -XX:+UseParallelGC -XX:GCTimeRatio=4 -XX:AdaptiveSizePolicyWeight=90 -Dsun.zip.disableMemoryMapping=true -Xmx2G -Xms100m -Xlog:disable -javaagent:c:\Users\tangw\.vscode\extensions\redhat.java-1.52.0-win32-x64\lombok\lombok-1.18.39-4050.jar -XX:+HeapDumpOnOutOfMemoryError -XX:HeapDumpPath=c:\Users\tangw\AppData\Roaming\Code\User\workspaceStorage\43cfbb8d6b8d628d0c8d492a5cc49a36\redhat.java -Daether.dependencyCollector.impl=bf c:\Users\tangw\.vscode\extensions\redhat.java-1.52.0-win32-x64\server\plugins\org.eclipse.equinox.launcher_1.7.100.v20251111-0406.jar -configuration c:\Users\tangw\AppData\Roaming\Code\User\globalStorage\redhat.java\1.52.0\config_win -data c:\Users\tangw\AppData\Roaming\Code\User\workspaceStorage\43cfbb8d6b8d628d0c8d492a5cc49a36\redhat.java\jdt_ws --pipe=\\.\pipe\lsp-4aeb2a5034d37e62993f5d8d638cc221-sock

Host: Intel(R) Core(TM) i5-10300H CPU @ 2.50GHz, 8 cores, 23G,  Windows 10 , 64 bit Build 19041 (10.0.19041.5915)
Time: Thu Feb 19 19:36:12 2026 SE Asia Standard Time elapsed time: 1.960040 seconds (0d 0h 0m 1s)

---------------  T H R E A D  ---------------

Current thread (0x00000222849870a0):  JavaThread "main"             [_thread_in_vm, id=134520, stack(0x000000e9dee00000,0x000000e9def00000) (1024K)]

Stack: [0x000000e9dee00000,0x000000e9def00000]
Native frames: (J=compiled Java code, j=interpreted, Vv=VM code, C=native code)
V  [jvm.dll+0x6d6e29]
V  [jvm.dll+0x8b4b76]
V  [jvm.dll+0x8b712e]
V  [jvm.dll+0x8b7813]
V  [jvm.dll+0x283d86]
V  [jvm.dll+0x8b08be]
V  [jvm.dll+0x678824]
V  [jvm.dll+0x1e80ab]
V  [jvm.dll+0x1e7e6e]
V  [jvm.dll+0x67b122]
V  [jvm.dll+0x67af52]
V  [jvm.dll+0x6791fe]
V  [jvm.dll+0x26f054]
V  [jvm.dll+0x219d5f]
V  [jvm.dll+0x20f44e]
V  [jvm.dll+0x5b5a0f]
V  [jvm.dll+0x82dee6]
V  [jvm.dll+0x478438]
V  [jvm.dll+0x47e268]
C  [java.dll+0x17ec]

Java frames: (J=compiled Java code, j=interpreted, Vv=VM code)
j  java.lang.ClassLoader.defineClass1(Ljava/lang/ClassLoader;Ljava/lang/String;[BIILjava/security/ProtectionDomain;Ljava/lang/String;)Ljava/lang/Class;+0 java.base@21.0.9
j  java.lang.ClassLoader.defineClass(Ljava/lang/String;[BIILjava/security/ProtectionDomain;)Ljava/lang/Class;+27 java.base@21.0.9
j  java.security.SecureClassLoader.defineClass(Ljava/lang/String;[BIILjava/security/CodeSource;)Ljava/lang/Class;+12 java.base@21.0.9
j  java.net.URLClassLoader.defineClass(Ljava/lang/String;Ljdk/internal/loader/Resource;)Ljava/lang/Class;+220 java.base@21.0.9
j  java.net.URLClassLoader$1.run()Ljava/lang/Class;+43 java.base@21.0.9
j  java.net.URLClassLoader$1.run()Ljava/lang/Object;+1 java.base@21.0.9
j  java.security.AccessController.executePrivileged(Ljava/security/PrivilegedExceptionAction;Ljava/security/AccessControlContext;Ljava/lang/Class;)Ljava/lang/Object;+29 java.base@21.0.9
j  java.security.AccessController.doPrivileged(Ljava/security/PrivilegedExceptionAction;Ljava/security/AccessControlContext;)Ljava/lang/Object;+13 java.base@21.0.9
j  java.net.URLClassLoader.findClass(Ljava/lang/String;)Ljava/lang/Class;+13 java.base@21.0.9
j  java.lang.ClassLoader.loadClass(Ljava/lang/String;Z)Ljava/lang/Class;+69 java.base@21.0.9
J 997 c1 java.lang.ClassLoader.loadClass(Ljava/lang/String;)Ljava/lang/Class; java.base@21.0.9 (7 bytes) @ 0x0000022287d10f54 [0x0000022287d10e40+0x0000000000000114]
v  ~StubRoutines::call_stub 0x000002228f0b100d
j  org.eclipse.osgi.internal.framework.EquinoxConfiguration.<init>(Ljava/util/Map;Lorg/eclipse/osgi/internal/hookregistry/HookRegistry;)V+148
j  org.eclipse.osgi.internal.framework.EquinoxContainer.<init>(Ljava/util/Map;Lorg/osgi/framework/connect/ModuleConnector;)V+82
j  org.eclipse.osgi.launch.Equinox.<init>(Ljava/util/Map;Lorg/osgi/framework/connect/ModuleConnector;)V+10
j  org.eclipse.osgi.launch.Equinox.<init>(Ljava/util/Map;)V+3
j  org.eclipse.core.runtime.adaptor.EclipseStarter.startup([Ljava/lang/String;Ljava/lang/Runnable;)Lorg/osgi/framework/BundleContext;+28
j  org.eclipse.core.runtime.adaptor.EclipseStarter.run([Ljava/lang/String;Ljava/lang/Runnable;)Ljava/lang/Object;+21
j  java.lang.invoke.DirectMethodHandle$Holder.invokeStatic(Ljava/lang/Object;Ljava/lang/Object;Ljava/lang/Object;)Ljava/lang/Object;+11 java.base@21.0.9
j  java.lang.invoke.LambdaForm$MH+0x000002229d08a800.invoke(Ljava/lang/Object;Ljava/lang/Object;Ljava/lang/Object;Ljava/lang/Object;)Ljava/lang/Object;+54 java.base@21.0.9
j  java.lang.invoke.LambdaForm$MH+0x000002229d002c00.invokeExact_MT(Ljava/lang/Object;Ljava/lang/Object;Ljava/lang/Object;Ljava/lang/Object;Ljava/lang/Object;)Ljava/lang/Object;+22 java.base@21.0.9
j  jdk.internal.reflect.DirectMethodHandleAccessor.invokeImpl(Ljava/lang/Object;[Ljava/lang/Object;)Ljava/lang/Object;+72 java.base@21.0.9
j  jdk.internal.reflect.DirectMethodHandleAccessor.invoke(Ljava/lang/Object;[Ljava/lang/Object;)Ljava/lang/Object;+23 java.base@21.0.9
j  java.lang.reflect.Method.invoke(Ljava/lang/Object;[Ljava/lang/Object;)Ljava/lang/Object;+102 java.base@21.0.9
j  org.eclipse.equinox.launcher.Main.invokeFramework([Ljava/lang/String;[Ljava/net/URL;)V+155
j  org.eclipse.equinox.launcher.Main.basicRun([Ljava/lang/String;)V+191
j  org.eclipse.equinox.launcher.Main.run([Ljava/lang/String;)I+4
j  org.eclipse.equinox.launcher.Main.main([Ljava/lang/String;)V+10
v  ~StubRoutines::call_stub 0x000002228f0b100d

Compiled method (c1) 1992  997       3       java.lang.ClassLoader::loadClass (7 bytes)
 total in heap  [0x0000022287d10c90,0x0000022287d11080] = 1008
 relocation     [0x0000022287d10df0,0x0000022287d10e30] = 64
 main code      [0x0000022287d10e40,0x0000022287d10fd0] = 400
 stub code      [0x0000022287d10fd0,0x0000022287d11018] = 72
 metadata       [0x0000022287d11018,0x0000022287d11020] = 8
 scopes data    [0x0000022287d11020,0x0000022287d11038] = 24
 scopes pcs     [0x0000022287d11038,0x0000022287d11078] = 64
 dependencies   [0x0000022287d11078,0x0000022287d11080] = 8

[Constant Pool (empty)]

[MachCode]
[Entry Point]
  # {method} {0x000002229c0143f0} 'loadClass' '(Ljava/lang/String;)Ljava/lang/Class;' in 'java/lang/ClassLoader'
  # this:     rdx:rdx   = 'java/lang/ClassLoader'
  # parm0:    r8:r8     = 'java/lang/String'
  #           [sp+0x40]  (sp of caller)
  0x0000022287d10e40: 448b 5208 | 49bb 0000 | 009c 2202 | 0000 4d03 | d34c 3bd0 

  0x0000022287d10e54: ;   {runtime_call ic_miss_stub}
  0x0000022287d10e54: 0f85 26d6 | 3e07 660f | 1f44 0000 
[Verified Entry Point]
  0x0000022287d10e60: 8984 2400 | 80ff ff55 | 4883 ec30 | 4181 7f20 | 0100 0000 

  0x0000022287d10e74: ;   {runtime_call StubRoutines (final stubs)}
  0x0000022287d10e74: 7405 e865 

  0x0000022287d10e78: ;   {metadata(method data for {method} {0x000002229c0143f0} 'loadClass' '(Ljava/lang/String;)Ljava/lang/Class;' in 'java/lang/ClassLoader')}
  0x0000022287d10e78: 7b3d 0749 | b950 642a | de22 0200 | 0041 8bb1 | cc00 0000 | 83c6 0241 | 89b1 cc00 | 0000 81e6 
  0x0000022287d10e98: fe07 0000 | 85f6 0f84 | cb00 0000 

  0x0000022287d10ea4: ;   {metadata(method data for {method} {0x000002229c0143f0} 'loadClass' '(Ljava/lang/String;)Ljava/lang/Class;' in 'java/lang/ClassLoader')}
  0x0000022287d10ea4: 4c8b ca48 | be50 642a | de22 0200 | 0045 8b49 | 0849 ba00 | 0000 9c22 | 0200 004d | 03ca 4c3b 
  0x0000022287d10ec4: 8e20 0100 | 0075 0d48 | 8386 2801 | 0000 01e9 | 6000 0000 | 4c3b 8e30 | 0100 0075 | 0d48 8386 
  0x0000022287d10ee4: 3801 0000 | 01e9 4a00 | 0000 4883 | be20 0100 | 0000 7517 | 4c89 8e20 | 0100 0048 | c786 2801 
  0x0000022287d10f04: 0000 0100 | 0000 e929 | 0000 0048 | 83be 3001 | 0000 0075 | 174c 898e | 3001 0000 | 48c7 8638 
  0x0000022287d10f24: 0100 0001 | 0000 00e9 | 0800 0000 | 4883 8610 | 0100 0001 | 41b9 0000 | 0000 0f1f | 8000 0000 
  0x0000022287d10f44: 0048 b840 | 5363 e222 

  0x0000022287d10f4c: ;   {virtual_call}
  0x0000022287d10f4c: 0200 00e8 

  0x0000022287d10f50: ; ImmutableOopMap {}
                      ;*invokevirtual loadClass {reexecute=0 rethrow=0 return_oop=0}
                      ; - java.lang.ClassLoader::loadClass@3
  0x0000022287d10f50: e585 3e07 

  0x0000022287d10f54: ;   {other}
  0x0000022287d10f54: 0f1f 8400 | c402 0000 | 4883 c430 

  0x0000022287d10f60: ;   {poll_return}
  0x0000022287d10f60: 5d49 3ba7 | 4804 0000 | 0f87 2200 

  0x0000022287d10f6c: ;   {metadata({method} {0x000002229c0143f0} 'loadClass' '(Ljava/lang/String;)Ljava/lang/Class;' in 'java/lang/ClassLoader')}
  0x0000022287d10f6c: 0000 c349 | bae8 4301 | 9c22 0200 | 004c 8954 | 2408 48c7 | 0424 ffff 

  0x0000022287d10f84: ;   {runtime_call counter_overflow Runtime1 stub}
  0x0000022287d10f84: ffff e8f5 

  0x0000022287d10f88: ; ImmutableOopMap {rdx=Oop r8=Oop }
                      ;*synchronization entry
                      ; - java.lang.ClassLoader::loadClass@-1
  0x0000022287d10f88: 4c4a 07e9 | 14ff ffff 

  0x0000022287d10f90: ;   {internal_word}
  0x0000022287d10f90: 49ba 610f | d187 2202 | 0000 4d89 | 9760 0400 

  0x0000022287d10fa0: ;   {runtime_call SafepointBlob}
  0x0000022287d10fa0: 00e9 5a3b | 3f07 498b | 87f8 0400 | 0049 c787 | f804 0000 | 0000 0000 | 49c7 8700 | 0500 0000 
  0x0000022287d10fc0: 0000 0048 | 83c4 305d 

  0x0000022287d10fc8: ;   {runtime_call unwind_exception Runtime1 stub}
  0x0000022287d10fc8: e933 1f41 | 07f4 f4f4 
[Stub Code]
  0x0000022287d10fd0: ;   {no_reloc}
  0x0000022287d10fd0: 0f1f 4400 

  0x0000022287d10fd4: ;   {static_stub}
  0x0000022287d10fd4: 0048 bb00 | 0000 0000 

  0x0000022287d10fdc: ;   {runtime_call nmethod}
  0x0000022287d10fdc: 0000 00e9 | fbff ffff 
[Exception Handler]
  0x0000022287d10fe4: ;   {runtime_call handle_exception_from_callee Runtime1 stub}
  0x0000022287d10fe4: e817 f240 

  0x0000022287d10fe8: ;   {external_word}
  0x0000022287d10fe8: 0748 b920 | 5372 95fa | 7f00 0048 

  0x0000022287d10ff4: ;   {runtime_call}
  0x0000022287d10ff4: 83e4 f048 | b890 b734 | 95fa 7f00 | 00ff d0f4 
[Deopt Handler Code]
  0x0000022287d11004: ;   {section_word}
  0x0000022287d11004: 49ba 0410 | d187 2202 | 0000 4152 

  0x0000022287d11010: ;   {runtime_call DeoptimizationBlob}
  0x0000022287d11010: e98b 2d3f | 07f4 f4f4 
[/MachCode]


---------------  P R O C E S S  ---------------

Threads class SMR info:
_java_thread_list=0x00000222ddead1c0, length=12, elements={
0x00000222849870a0, 0x0000022284a35110, 0x0000022284a361d0, 0x0000022284a37690,
0x0000022284a3c4c0, 0x0000022284a3e080, 0x00000222848f3f90, 0x00000222848f4920,
0x00000222ddbf21e0, 0x00000222ddd2a3c0, 0x00000222ddea8ae0, 0x00000222ddddbf30
}

Java Threads: ( => current thread )
=>0x00000222849870a0 JavaThread "main"                              [_thread_in_vm, id=134520, stack(0x000000e9dee00000,0x000000e9def00000) (1024K)]
  0x0000022284a35110 JavaThread "Reference Handler"          daemon [_thread_blocked, id=129264, stack(0x000000e9df200000,0x000000e9df300000) (1024K)]
  0x0000022284a361d0 JavaThread "Finalizer"                  daemon [_thread_blocked, id=133548, stack(0x000000e9df300000,0x000000e9df400000) (1024K)]
  0x0000022284a37690 JavaThread "Signal Dispatcher"          daemon [_thread_blocked, id=85256, stack(0x000000e9df400000,0x000000e9df500000) (1024K)]
  0x0000022284a3c4c0 JavaThread "Attach Listener"            daemon [_thread_blocked, id=128732, stack(0x000000e9df500000,0x000000e9df600000) (1024K)]
  0x0000022284a3e080 JavaThread "Service Thread"             daemon [_thread_blocked, id=22508, stack(0x000000e9df600000,0x000000e9df700000) (1024K)]
  0x00000222848f3f90 JavaThread "Monitor Deflation Thread"   daemon [_thread_blocked, id=12028, stack(0x000000e9df700000,0x000000e9df800000) (1024K)]
  0x00000222848f4920 JavaThread "C2 CompilerThread0"         daemon [_thread_blocked, id=133780, stack(0x000000e9df800000,0x000000e9df900000) (1024K)]
  0x00000222ddbf21e0 JavaThread "C1 CompilerThread0"         daemon [_thread_blocked, id=11184, stack(0x000000e9df900000,0x000000e9dfa00000) (1024K)]
  0x00000222ddd2a3c0 JavaThread "Common-Cleaner"             daemon [_thread_blocked, id=20016, stack(0x000000e9dfa00000,0x000000e9dfb00000) (1024K)]
  0x00000222ddea8ae0 JavaThread "Notification Thread"        daemon [_thread_blocked, id=135080, stack(0x000000e9dfb00000,0x000000e9dfc00000) (1024K)]
  0x00000222ddddbf30 JavaThread "C2 CompilerThread1"         daemon [_thread_blocked, id=133736, stack(0x000000e9dfc00000,0x000000e9dfd00000) (1024K)]
Total: 12

Other Threads:
  0x0000022284a1e5c0 VMThread "VM Thread"                           [id=16060, stack(0x000000e9df100000,0x000000e9df200000) (1024K)]
  0x00000222849ec090 WatcherThread "VM Periodic Task Thread"        [id=114860, stack(0x000000e9df000000,0x000000e9df100000) (1024K)]
  0x000002228499cbf0 WorkerThread "GC Thread#0"                     [id=110264, stack(0x000000e9def00000,0x000000e9df000000) (1024K)]
  0x00000222e2530520 WorkerThread "GC Thread#1"                     [id=132480, stack(0x000000e9dfd00000,0x000000e9dfe00000) (1024K)]
  0x00000222e25308c0 WorkerThread "GC Thread#2"                     [id=18100, stack(0x000000e9dfe00000,0x000000e9dff00000) (1024K)]
  0x00000222e259c880 WorkerThread "GC Thread#3"                     [id=118560, stack(0x000000e9dff00000,0x000000e9e0000000) (1024K)]
  0x00000222e259cc20 WorkerThread "GC Thread#4"                     [id=17376, stack(0x000000e9e0000000,0x000000e9e0100000) (1024K)]
  0x00000222e259cfc0 WorkerThread "GC Thread#5"                     [id=135140, stack(0x000000e9e0100000,0x000000e9e0200000) (1024K)]
  0x00000222e24c4560 WorkerThread "GC Thread#6"                     [id=87912, stack(0x000000e9e0200000,0x000000e9e0300000) (1024K)]
Total: 9

Threads with active compile tasks:
Total: 0

VM state: not at safepoint (normal execution)

VM Mutex/Monitor currently owned by a thread:  ([mutex/lock_event])
[0x00007ffa959db4f0] Metaspace_lock - owner thread: 0x00000222849870a0

Heap address: 0x0000000080000000, size: 2048 MB, Compressed Oops mode: 32-bit

CDS archive(s) mapped at: [0x000002229c000000-0x000002229cba0000-0x000002229cba0000), size 12189696, SharedBaseAddress: 0x000002229c000000, ArchiveRelocationMode: 1.
Compressed class space mapped at: 0x000002229d000000-0x00000222dd000000, reserved size: 1073741824
Narrow klass base: 0x000002229c000000, Narrow klass shift: 0, Narrow klass range: 0x100000000

GC Precious Log:
 CardTable entry size: 512
 CPUs: 8 total, 8 available
 Memory: 24412M
 Large Page Support: Disabled
 NUMA Support: Disabled
 Compressed Oops: Enabled (32-bit)
 Alignments: Space 512K, Generation 512K, Heap 2M
 Heap Min Capacity: 100M
 Heap Initial Capacity: 100M
 Heap Max Capacity: 2G
 Pre-touch: Disabled
 Parallel Workers: 8

Heap:
 PSYoungGen      total 29696K, used 3794K [0x00000000d5580000, 0x00000000d7680000, 0x0000000100000000)
  eden space 25600K, 1% used [0x00000000d5580000,0x00000000d55fab38,0x00000000d6e80000)
  from space 4096K, 80% used [0x00000000d6e80000,0x00000000d71b9e98,0x00000000d7280000)
  to   space 4096K, 0% used [0x00000000d7280000,0x00000000d7280000,0x00000000d7680000)
 ParOldGen       total 68608K, used 16K [0x0000000080000000, 0x0000000084300000, 0x00000000d5580000)
  object space 68608K, 0% used [0x0000000080000000,0x0000000080004000,0x0000000084300000)
 Metaspace       used 4372K, committed 4608K, reserved 1114112K
  class space    used 474K, committed 576K, reserved 1048576K

Card table byte_map: [0x0000022284320000,0x0000022284730000] _byte_map_base: 0x0000022283f20000

Marking Bits: (ParMarkBitMap*) 0x00007ffa959e2460
 Begin Bits: [0x0000022296e30000, 0x0000022298e30000)
 End Bits:   [0x0000022298e30000, 0x000002229ae30000)

Polling page: 0x0000022282830000

Metaspace:

Usage:
  Non-class:      3.81 MB used.
      Class:    474.70 KB used.
       Both:      4.27 MB used.

Virtual space:
  Non-class space:       64.00 MB reserved,       3.94 MB (  6%) committed,  1 nodes.
      Class space:        1.00 GB reserved,     576.00 KB ( <1%) committed,  1 nodes.
             Both:        1.06 GB reserved,       4.50 MB ( <1%) committed. 

Chunk freelists:
   Non-Class:  11.11 MB
       Class:  15.44 MB
        Both:  26.55 MB

MaxMetaspaceSize: unlimited
CompressedClassSpaceSize: 1.00 GB
Initial GC threshold: 21.00 MB
Current GC threshold: 21.00 MB
CDS: on
 - commit_granule_bytes: 65536.
 - commit_granule_words: 8192.
 - virtual_space_node_default_size: 8388608.
 - enlarge_chunks_in_place: 1.
 - use_allocation_guard: 0.


Internal statistics:

num_allocs_failed_limit: 0.
num_arena_births: 184.
num_arena_deaths: 0.
num_vsnodes_births: 2.
num_vsnodes_deaths: 0.
num_space_committed: 72.
num_space_uncommitted: 0.
num_chunks_returned_to_freelist: 0.
num_chunks_taken_from_freelist: 252.
num_chunk_merges: 0.
num_chunk_splits: 161.
num_chunks_enlarged: 92.
num_inconsistent_stats: 0.

CodeHeap 'non-profiled nmethods': size=120000Kb used=448Kb max_used=448Kb free=119551Kb
 bounds [0x000002228f650000, 0x000002228f8c0000, 0x0000022296b80000]
CodeHeap 'profiled nmethods': size=120000Kb used=1738Kb max_used=1738Kb free=118262Kb
 bounds [0x0000022287b80000, 0x0000022287df0000, 0x000002228f0b0000]
CodeHeap 'non-nmethods': size=5760Kb used=1193Kb max_used=1226Kb free=4566Kb
 bounds [0x000002228f0b0000, 0x000002228f320000, 0x000002228f650000]
CodeCache: size=245760Kb, used=3379Kb, max_used=3412Kb, free=242379Kb
 total_blobs=1541, nmethods=1086, adapters=362, full_count=0
Compilation: enabled, stopped_count=0, restarted_count=0

Compilation events (20 events):
Event: 1.901 Thread 0x00000222ddbf21e0 1082       3       java.util.ArrayDeque::pollFirst (36 bytes)
Event: 1.902 Thread 0x00000222ddbf21e0 nmethod 1082 0x0000022287d30b90 code [0x0000022287d30d60, 0x0000022287d31110]
Event: 1.905 Thread 0x00000222848f4920 nmethod 1056 0x000002228f6b6790 code [0x000002228f6b6940, 0x000002228f6b6c60]
Event: 1.905 Thread 0x00000222848f4920 1073       4       java.lang.String::isLatin1 (19 bytes)
Event: 1.905 Thread 0x00000222848f4920 nmethod 1073 0x000002228f6b6e90 code [0x000002228f6b7020, 0x000002228f6b70b0]
Event: 1.905 Thread 0x00000222848f4920 1036   !   4       java.lang.String::<init> (890 bytes)
Event: 1.918 Thread 0x00000222ddbf21e0 1084       1       java.util.Collections$EmptyIterator::hasNext (2 bytes)
Event: 1.918 Thread 0x00000222ddbf21e0 nmethod 1084 0x000002228f6b7590 code [0x000002228f6b7720, 0x000002228f6b77e8]
Event: 1.925 Thread 0x00000222ddbf21e0 1085       1       java.util.zip.ZipEntry::getSize (5 bytes)
Event: 1.925 Thread 0x00000222ddbf21e0 nmethod 1085 0x000002228f6b7890 code [0x000002228f6b7a20, 0x000002228f6b7ae8]
Event: 1.936 Thread 0x00000222848f4920 nmethod 1036 0x000002228f6b7b90 code [0x000002228f6b7e40, 0x000002228f6b8f98]
Event: 1.937 Thread 0x00000222848f4920 1035       4       java.lang.String::<init> (22 bytes)
Event: 1.938 Thread 0x00000222ddbf21e0 1086       3       java.util.Properties::getProperty (50 bytes)
Event: 1.938 Thread 0x00000222848f4920 nmethod 1035 0x000002228f6b9810 code [0x000002228f6b99c0, 0x000002228f6b9b48]
Event: 1.938 Thread 0x00000222848f4920 1038       4       java.util.jar.Manifest$FastInputStream::readLine (9 bytes)
Event: 1.938 Thread 0x00000222ddbf21e0 nmethod 1086 0x0000022287d31290 code [0x0000022287d31480, 0x0000022287d31970]
Event: 1.938 Thread 0x00000222ddbf21e0 1087       3       java.lang.StringBuilder::<init> (6 bytes)
Event: 1.938 Thread 0x00000222ddbf21e0 nmethod 1087 0x0000022287d31a90 code [0x0000022287d31c40, 0x0000022287d31d78]
Event: 1.938 Thread 0x00000222ddbf21e0 1088       3       java.lang.AbstractStringBuilder::<init> (63 bytes)
Event: 1.939 Thread 0x00000222ddbf21e0 nmethod 1088 0x0000022287d31e10 code [0x0000022287d32020, 0x0000022287d32588]

GC Heap History (2 events):
Event: 1.906 GC heap before
{Heap before GC invocations=1 (full 0):
 PSYoungGen      total 29696K, used 25600K [0x00000000d5580000, 0x00000000d7680000, 0x0000000100000000)
  eden space 25600K, 100% used [0x00000000d5580000,0x00000000d6e80000,0x00000000d6e80000)
  from space 4096K, 0% used [0x00000000d7280000,0x00000000d7280000,0x00000000d7680000)
  to   space 4096K, 0% used [0x00000000d6e80000,0x00000000d6e80000,0x00000000d7280000)
 ParOldGen       total 68608K, used 0K [0x0000000080000000, 0x0000000084300000, 0x00000000d5580000)
  object space 68608K, 0% used [0x0000000080000000,0x0000000080000000,0x0000000084300000)
 Metaspace       used 4327K, committed 4608K, reserved 1114112K
  class space    used 472K, committed 576K, reserved 1048576K
}
Event: 1.913 GC heap after
{Heap after GC invocations=1 (full 0):
 PSYoungGen      total 29696K, used 3303K [0x00000000d5580000, 0x00000000d7680000, 0x0000000100000000)
  eden space 25600K, 0% used [0x00000000d5580000,0x00000000d5580000,0x00000000d6e80000)
  from space 4096K, 80% used [0x00000000d6e80000,0x00000000d71b9e98,0x00000000d7280000)
  to   space 4096K, 0% used [0x00000000d7280000,0x00000000d7280000,0x00000000d7680000)
 ParOldGen       total 68608K, used 16K [0x0000000080000000, 0x0000000084300000, 0x00000000d5580000)
  object space 68608K, 0% used [0x0000000080000000,0x0000000080004000,0x0000000084300000)
 Metaspace       used 4327K, committed 4608K, reserved 1114112K
  class space    used 472K, committed 576K, reserved 1048576K
}

Dll operation events (8 events):
Event: 0.018 Loaded shared library c:\Users\tangw\.vscode\extensions\redhat.java-1.52.0-win32-x64\jre\21.0.9-win32-x86_64\bin\java.dll
Event: 0.285 Loaded shared library c:\Users\tangw\.vscode\extensions\redhat.java-1.52.0-win32-x64\jre\21.0.9-win32-x86_64\bin\zip.dll
Event: 0.376 Loaded shared library C:\Users\tangw\.vscode\extensions\redhat.java-1.52.0-win32-x64\jre\21.0.9-win32-x86_64\bin\instrument.dll
Event: 0.389 Loaded shared library C:\Users\tangw\.vscode\extensions\redhat.java-1.52.0-win32-x64\jre\21.0.9-win32-x86_64\bin\net.dll
Event: 0.394 Loaded shared library C:\Users\tangw\.vscode\extensions\redhat.java-1.52.0-win32-x64\jre\21.0.9-win32-x86_64\bin\nio.dll
Event: 0.437 Loaded shared library C:\Users\tangw\.vscode\extensions\redhat.java-1.52.0-win32-x64\jre\21.0.9-win32-x86_64\bin\zip.dll
Event: 0.464 Loaded shared library C:\Users\tangw\.vscode\extensions\redhat.java-1.52.0-win32-x64\jre\21.0.9-win32-x86_64\bin\jimage.dll
Event: 0.957 Loaded shared library c:\Users\tangw\.vscode\extensions\redhat.java-1.52.0-win32-x64\jre\21.0.9-win32-x86_64\bin\verify.dll

Deoptimization events (20 events):
Event: 1.869 Thread 0x00000222849870a0 DEOPT PACKING pc=0x0000022287cf10b1 sp=0x000000e9deefdcd0
Event: 1.869 Thread 0x00000222849870a0 DEOPT UNPACKING pc=0x000002228f104242 sp=0x000000e9deefd148 mode 0
Event: 1.869 Thread 0x00000222849870a0 DEOPT PACKING pc=0x0000022287cf10b1 sp=0x000000e9deefdcd0
Event: 1.869 Thread 0x00000222849870a0 DEOPT UNPACKING pc=0x000002228f104242 sp=0x000000e9deefd148 mode 0
Event: 1.869 Thread 0x00000222849870a0 DEOPT PACKING pc=0x0000022287cf10b1 sp=0x000000e9deefdcd0
Event: 1.869 Thread 0x00000222849870a0 DEOPT UNPACKING pc=0x000002228f104242 sp=0x000000e9deefd148 mode 0
Event: 1.870 Thread 0x00000222849870a0 DEOPT PACKING pc=0x0000022287cf10b1 sp=0x000000e9deefdcd0
Event: 1.870 Thread 0x00000222849870a0 DEOPT UNPACKING pc=0x000002228f104242 sp=0x000000e9deefd148 mode 0
Event: 1.938 Thread 0x00000222849870a0 Uncommon trap: trap_request=0xffffffde fr.pc=0x000002228f6a3b34 relative=0x0000000000000594
Event: 1.938 Thread 0x00000222849870a0 Uncommon trap: reason=class_check action=maybe_recompile pc=0x000002228f6a3b34 method=java.util.Collections$UnmodifiableCollection$1.<init>(Ljava/util/Collections$UnmodifiableCollection;)V @ 17 c2
Event: 1.938 Thread 0x00000222849870a0 DEOPT PACKING pc=0x000002228f6a3b34 sp=0x000000e9deefe8a0
Event: 1.938 Thread 0x00000222849870a0 DEOPT UNPACKING pc=0x000002228f103aa2 sp=0x000000e9deefe7e8 mode 2
Event: 1.938 Thread 0x00000222849870a0 Uncommon trap: trap_request=0xffffffde fr.pc=0x000002228f694ccc relative=0x000000000000020c
Event: 1.938 Thread 0x00000222849870a0 Uncommon trap: reason=class_check action=maybe_recompile pc=0x000002228f694ccc method=java.util.Collections$UnmodifiableCollection$1.next()Ljava/lang/Object; @ 4 c2
Event: 1.938 Thread 0x00000222849870a0 DEOPT PACKING pc=0x000002228f694ccc sp=0x000000e9deefe8b0
Event: 1.938 Thread 0x00000222849870a0 DEOPT UNPACKING pc=0x000002228f103aa2 sp=0x000000e9deefe860 mode 2
Event: 1.938 Thread 0x00000222849870a0 Uncommon trap: trap_request=0xffffffde fr.pc=0x000002228f694ccc relative=0x000000000000020c
Event: 1.938 Thread 0x00000222849870a0 Uncommon trap: reason=class_check action=maybe_recompile pc=0x000002228f694ccc method=java.util.Collections$UnmodifiableCollection$1.next()Ljava/lang/Object; @ 4 c2
Event: 1.938 Thread 0x00000222849870a0 DEOPT PACKING pc=0x000002228f694ccc sp=0x000000e9deefe8b0
Event: 1.938 Thread 0x00000222849870a0 DEOPT UNPACKING pc=0x000002228f103aa2 sp=0x000000e9deefe860 mode 2

Classes loaded (20 events):
Event: 1.875 Loading class sun/util/logging/PlatformLogger
Event: 1.875 Loading class sun/util/logging/PlatformLogger done
Event: 1.875 Loading class sun/util/logging/PlatformLogger$Level
Event: 1.875 Loading class sun/util/logging/PlatformLogger$Level done
Event: 1.889 Loading class java/io/BufferedReader
Event: 1.889 Loading class java/io/BufferedReader done
Event: 1.889 Loading class sun/nio/cs/StreamDecoder
Event: 1.890 Loading class sun/nio/cs/StreamDecoder done
Event: 1.890 Loading class sun/nio/cs/UTF_8$Decoder
Event: 1.890 Loading class sun/nio/cs/UTF_8$Decoder done
Event: 1.903 Loading class java/util/UUID
Event: 1.904 Loading class java/util/UUID done
Event: 1.904 Loading class java/util/concurrent/atomic/AtomicBoolean
Event: 1.904 Loading class java/util/concurrent/atomic/AtomicBoolean done
Event: 1.904 Loading class java/lang/invoke/VarHandleInts$FieldInstanceReadWrite
Event: 1.905 Loading class java/lang/invoke/VarHandleInts$FieldInstanceReadOnly
Event: 1.905 Loading class java/lang/invoke/VarHandleInts$FieldInstanceReadOnly done
Event: 1.905 Loading class java/lang/invoke/VarHandleInts$FieldInstanceReadWrite done
Event: 1.926 Loading class java/nio/file/FileVisitor
Event: 1.926 Loading class java/nio/file/FileVisitor done

Classes unloaded (0 events):
No events

Classes redefined (0 events):
No events

Internal exceptions (20 events):
Event: 0.640 Thread 0x00000222849870a0 Exception <a 'java/lang/NoSuchMethodError'{0x00000000d5a12278}: 'void java.lang.invoke.DelegatingMethodHandle$Holder.delegate(java.lang.Object, java.lang.Object, int, java.lang.Object)'> (0x00000000d5a12278) 
thrown [s\src\hotspot\share\interpreter\linkResolver.cpp, line 773]
Event: 1.040 Thread 0x00000222849870a0 Exception <a 'java/lang/NoSuchMethodError'{0x00000000d5bd3278}: 'void java.lang.invoke.DelegatingMethodHandle$Holder.reinvoke_L(java.lang.Object, java.lang.Object, java.lang.Object, int)'> (0x00000000d5bd3278) 
thrown [s\src\hotspot\share\interpreter\linkResolver.cpp, line 773]
Event: 1.460 Thread 0x00000222849870a0 Exception <a 'java/lang/NoSuchMethodError'{0x00000000d605f3e8}: 'void java.lang.invoke.DirectMethodHandle$Holder.invokeVirtual(java.lang.Object, java.lang.Object)'> (0x00000000d605f3e8) 
thrown [s\src\hotspot\share\interpreter\linkResolver.cpp, line 773]
Event: 1.602 Thread 0x00000222849870a0 Exception <a 'java/lang/NoSuchMethodError'{0x00000000d6443fd0}: 'void java.lang.invoke.DirectMethodHandle$Holder.invokeStatic(java.lang.Object, java.lang.Object)'> (0x00000000d6443fd0) 
thrown [s\src\hotspot\share\interpreter\linkResolver.cpp, line 773]
Event: 1.609 Thread 0x00000222849870a0 Exception <a 'java/lang/ClassNotFoundException'{0x00000000d646c0c8}: sun/net/www/protocol/c/Handler> (0x00000000d646c0c8) 
thrown [s\src\hotspot\share\classfile\systemDictionary.cpp, line 312]
Event: 1.627 Thread 0x00000222849870a0 Exception <a 'java/io/FileNotFoundException'{0x00000000d64cb4b0}> (0x00000000d64cb4b0) 
thrown [s\src\hotspot\share\prims\jni.cpp, line 520]
Event: 1.628 Thread 0x00000222849870a0 Exception <a 'java/io/FileNotFoundException'{0x00000000d64cc7d8}> (0x00000000d64cc7d8) 
thrown [s\src\hotspot\share\prims\jni.cpp, line 520]
Event: 1.628 Thread 0x00000222849870a0 Exception <a 'java/io/FileNotFoundException'{0x00000000d64cd450}> (0x00000000d64cd450) 
thrown [s\src\hotspot\share\prims\jni.cpp, line 520]
Event: 1.629 Thread 0x00000222849870a0 Exception <a 'java/io/FileNotFoundException'{0x00000000d64cdf90}> (0x00000000d64cdf90) 
thrown [s\src\hotspot\share\prims\jni.cpp, line 520]
Event: 1.633 Thread 0x00000222849870a0 Implicit null exception at 0x000002228f67e0a4 to 0x000002228f67e670
Event: 1.637 Thread 0x00000222849870a0 Exception <a 'java/io/FileNotFoundException'{0x00000000d65081e0}> (0x00000000d65081e0) 
thrown [s\src\hotspot\share\prims\jni.cpp, line 520]
Event: 1.647 Thread 0x00000222849870a0 Exception <a 'java/lang/NoSuchMethodError'{0x00000000d6544ae0}: 'java.lang.Object java.lang.invoke.DirectMethodHandle$Holder.invokeInterface(java.lang.Object, java.lang.Object)'> (0x00000000d6544ae0) 
thrown [s\src\hotspot\share\interpreter\linkResolver.cpp, line 773]
Event: 1.652 Thread 0x00000222849870a0 Exception <a 'java/lang/NoSuchMethodError'{0x00000000d6558550}: 'java.lang.Object java.lang.invoke.Invokers$Holder.invokeExact_MT(java.lang.Object, java.lang.Object, java.lang.Object, java.lang.Object, java.lang.Object, java.lang.Object)'> (0x00000000d6558550) 
thrown [s\src\hotspot\share\interpreter\linkResolver.cpp, line 773]
Event: 1.655 Thread 0x00000222849870a0 Exception <a 'java/lang/NoSuchMethodError'{0x00000000d656f628}: 'int java.lang.invoke.DirectMethodHandle$Holder.invokeStatic(java.lang.Object, java.lang.Object, java.lang.Object, java.lang.Object, java.lang.Object)'> (0x00000000d656f628) 
thrown [s\src\hotspot\share\interpreter\linkResolver.cpp, line 773]
Event: 1.683 Thread 0x00000222849870a0 Exception <a 'java/lang/NoSuchMethodError'{0x00000000d6605108}: 'java.lang.Object java.lang.invoke.DirectMethodHandle$Holder.invokeInterface(java.lang.Object, java.lang.Object, int)'> (0x00000000d6605108) 
thrown [s\src\hotspot\share\interpreter\linkResolver.cpp, line 773]
Event: 1.835 Thread 0x00000222849870a0 Exception <a 'java/lang/NoSuchMethodError'{0x00000000d6a720a8}: 'java.lang.ClassLoader java.lang.ClassLoader.getPlatformClassLoader(java.lang.Class)'> (0x00000000d6a720a8) 
thrown [s\src\hotspot\share\interpreter\linkResolver.cpp, line 773]
Event: 1.918 Thread 0x00000222849870a0 Exception <a 'java/lang/ClassNotFoundException'{0x00000000d558f908}: sun/net/www/protocol/c/Handler> (0x00000000d558f908) 
thrown [s\src\hotspot\share\classfile\systemDictionary.cpp, line 312]
Event: 1.918 Thread 0x00000222849870a0 Exception <a 'java/lang/ClassNotFoundException'{0x00000000d5590cd8}: sun/net/www/protocol/c/Handler> (0x00000000d5590cd8) 
thrown [s\src\hotspot\share\classfile\systemDictionary.cpp, line 312]
Event: 1.919 Thread 0x00000222849870a0 Exception <a 'java/lang/ClassNotFoundException'{0x00000000d5591f10}: sun/net/www/protocol/c/Handler> (0x00000000d5591f10) 
thrown [s\src\hotspot\share\classfile\systemDictionary.cpp, line 312]
Event: 1.938 Thread 0x00000222849870a0 Exception <a 'java/io/FileNotFoundException'{0x00000000d55bbab0}> (0x00000000d55bbab0) 
thrown [s\src\hotspot\share\prims\jni.cpp, line 520]

ZGC Phase Switch (0 events):
No events

VM Operations (12 events):
Event: 0.280 Executing VM operation: HandshakeAllThreads (Deoptimize)
Event: 0.280 Executing VM operation: HandshakeAllThreads (Deoptimize) done
Event: 0.508 Executing VM operation: HandshakeAllThreads (Deoptimize)
Event: 0.508 Executing VM operation: HandshakeAllThreads (Deoptimize) done
Event: 1.509 Executing VM operation: Cleanup
Event: 1.509 Executing VM operation: Cleanup done
Event: 1.579 Executing VM operation: HandshakeAllThreads (Deoptimize)
Event: 1.579 Executing VM operation: HandshakeAllThreads (Deoptimize) done
Event: 1.596 Executing VM operation: HandshakeAllThreads (Deoptimize)
Event: 1.596 Executing VM operation: HandshakeAllThreads (Deoptimize) done
Event: 1.906 Executing VM operation: ParallelGCFailedAllocation (Allocation Failure)
Event: 1.914 Executing VM operation: ParallelGCFailedAllocation (Allocation Failure) done

Memory protections (0 events):
No events

Nmethod flushes (0 events):
No events

Events (12 events):
Event: 0.069 Thread 0x00000222849870a0 Thread added: 0x00000222849870a0
Event: 0.115 Thread 0x00000222849870a0 Thread added: 0x0000022284a35110
Event: 0.115 Thread 0x00000222849870a0 Thread added: 0x0000022284a361d0
Event: 0.116 Thread 0x00000222849870a0 Thread added: 0x0000022284a37690
Event: 0.116 Thread 0x00000222849870a0 Thread added: 0x0000022284a3c4c0
Event: 0.116 Thread 0x00000222849870a0 Thread added: 0x0000022284a3e080
Event: 0.116 Thread 0x00000222849870a0 Thread added: 0x00000222848f3f90
Event: 0.116 Thread 0x00000222849870a0 Thread added: 0x00000222848f4920
Event: 0.152 Thread 0x00000222849870a0 Thread added: 0x00000222ddbf21e0
Event: 0.382 Thread 0x00000222849870a0 Thread added: 0x00000222ddd2a3c0
Event: 1.331 Thread 0x00000222849870a0 Thread added: 0x00000222ddea8ae0
Event: 1.504 Thread 0x00000222ddbf21e0 Thread added: 0x00000222ddddbf30


Dynamic libraries:
0x00007ff7a6850000 - 0x00007ff7a685e000 	c:\Users\tangw\.vscode\extensions\redhat.java-1.52.0-win32-x64\jre\21.0.9-win32-x86_64\bin\java.exe
0x00007ffba1510000 - 0x00007ffba1708000 	C:\Windows\SYSTEM32\ntdll.dll
0x00007ffb9f650000 - 0x00007ffb9f712000 	C:\Windows\System32\KERNEL32.DLL
0x00007ffb9f030000 - 0x00007ffb9f326000 	C:\Windows\System32\KERNELBASE.dll
0x00007ffb9b2a0000 - 0x00007ffb9b334000 	C:\Windows\SYSTEM32\apphelp.dll
0x00007ffb9ee90000 - 0x00007ffb9ef90000 	C:\Windows\System32\ucrtbase.dll
0x00007ffb6f2b0000 - 0x00007ffb6f2c8000 	c:\Users\tangw\.vscode\extensions\redhat.java-1.52.0-win32-x64\jre\21.0.9-win32-x86_64\bin\jli.dll
0x00007ffb5de10000 - 0x00007ffb5de2e000 	c:\Users\tangw\.vscode\extensions\redhat.java-1.52.0-win32-x64\jre\21.0.9-win32-x86_64\bin\VCRUNTIME140.dll
0x00007ffba0ee0000 - 0x00007ffba1081000 	C:\Windows\System32\USER32.dll
0x00007ffb8c520000 - 0x00007ffb8c7bb000 	C:\Windows\WinSxS\amd64_microsoft.windows.common-controls_6595b64144ccf1df_6.0.19041.6456_none_60b8a6cb71f64256\COMCTL32.dll
0x00007ffb9f330000 - 0x00007ffb9f352000 	C:\Windows\System32\win32u.dll
0x00007ffba05a0000 - 0x00007ffba063e000 	C:\Windows\System32\msvcrt.dll
0x00007ffb9f530000 - 0x00007ffb9f55b000 	C:\Windows\System32\GDI32.dll
0x00007ffb9f360000 - 0x00007ffb9f479000 	C:\Windows\System32\gdi32full.dll
0x00007ffb9ef90000 - 0x00007ffb9f02d000 	C:\Windows\System32\msvcp_win.dll
0x00007ffb9fe90000 - 0x00007ffb9febf000 	C:\Windows\System32\IMM32.DLL
0x00007ffb82140000 - 0x00007ffb8214c000 	c:\Users\tangw\.vscode\extensions\redhat.java-1.52.0-win32-x64\jre\21.0.9-win32-x86_64\bin\vcruntime140_1.dll
0x00007ffb04a90000 - 0x00007ffb04b1d000 	c:\Users\tangw\.vscode\extensions\redhat.java-1.52.0-win32-x64\jre\21.0.9-win32-x86_64\bin\msvcp140.dll
0x00007ffa94d20000 - 0x00007ffa95ac0000 	c:\Users\tangw\.vscode\extensions\redhat.java-1.52.0-win32-x64\jre\21.0.9-win32-x86_64\bin\server\jvm.dll
0x00007ffba0640000 - 0x00007ffba06f1000 	C:\Windows\System32\ADVAPI32.dll
0x00007ffba0c30000 - 0x00007ffba0ccf000 	C:\Windows\System32\sechost.dll
0x00007ffba0dc0000 - 0x00007ffba0ee0000 	C:\Windows\System32\RPCRT4.dll
0x00007ffb9eba0000 - 0x00007ffb9ebc7000 	C:\Windows\System32\bcrypt.dll
0x00007ffba01d0000 - 0x00007ffba023b000 	C:\Windows\System32\WS2_32.dll
0x00007ffb9ea00000 - 0x00007ffb9ea4b000 	C:\Windows\SYSTEM32\POWRPROF.dll
0x00007ffb8cd10000 - 0x00007ffb8cd37000 	C:\Windows\SYSTEM32\WINMM.dll
0x00007ffb994a0000 - 0x00007ffb994aa000 	C:\Windows\SYSTEM32\VERSION.dll
0x00007ffb9e9e0000 - 0x00007ffb9e9f2000 	C:\Windows\SYSTEM32\UMPDC.dll
0x00007ffb9d370000 - 0x00007ffb9d382000 	C:\Windows\SYSTEM32\kernel.appcore.dll
0x00007ffb80770000 - 0x00007ffb8077a000 	c:\Users\tangw\.vscode\extensions\redhat.java-1.52.0-win32-x64\jre\21.0.9-win32-x86_64\bin\jimage.dll
0x00007ffb9c8b0000 - 0x00007ffb9cab1000 	C:\Windows\SYSTEM32\DBGHELP.DLL
0x00007ffb84a20000 - 0x00007ffb84a54000 	C:\Windows\SYSTEM32\dbgcore.DLL
0x00007ffb9ee00000 - 0x00007ffb9ee82000 	C:\Windows\System32\bcryptPrimitives.dll
0x00007ffb7e8e0000 - 0x00007ffb7e8ef000 	c:\Users\tangw\.vscode\extensions\redhat.java-1.52.0-win32-x64\jre\21.0.9-win32-x86_64\bin\instrument.dll
0x00007ffb5ddf0000 - 0x00007ffb5de10000 	c:\Users\tangw\.vscode\extensions\redhat.java-1.52.0-win32-x64\jre\21.0.9-win32-x86_64\bin\java.dll
0x00007ffb9f720000 - 0x00007ffb9fe90000 	C:\Windows\System32\SHELL32.dll
0x00007ffb9cbb0000 - 0x00007ffb9d355000 	C:\Windows\SYSTEM32\windows.storage.dll
0x00007ffba0240000 - 0x00007ffba0594000 	C:\Windows\System32\combase.dll
0x00007ffb9e4f0000 - 0x00007ffb9e51b000 	C:\Windows\SYSTEM32\Wldp.dll
0x00007ffba1370000 - 0x00007ffba143d000 	C:\Windows\System32\OLEAUT32.dll
0x00007ffb9fec0000 - 0x00007ffb9ff6d000 	C:\Windows\System32\SHCORE.dll
0x00007ffba1440000 - 0x00007ffba149b000 	C:\Windows\System32\shlwapi.dll
0x00007ffb9ead0000 - 0x00007ffb9eaf4000 	C:\Windows\SYSTEM32\profapi.dll
0x00007ffb4c3a0000 - 0x00007ffb4c3b8000 	c:\Users\tangw\.vscode\extensions\redhat.java-1.52.0-win32-x64\jre\21.0.9-win32-x86_64\bin\zip.dll
0x00007ffb7a680000 - 0x00007ffb7a690000 	C:\Users\tangw\.vscode\extensions\redhat.java-1.52.0-win32-x64\jre\21.0.9-win32-x86_64\bin\net.dll
0x00007ffb96540000 - 0x00007ffb9664a000 	C:\Windows\SYSTEM32\WINHTTP.dll
0x00007ffb9e250000 - 0x00007ffb9e2ba000 	C:\Windows\system32\mswsock.dll
0x00007ffb43d00000 - 0x00007ffb43d16000 	C:\Users\tangw\.vscode\extensions\redhat.java-1.52.0-win32-x64\jre\21.0.9-win32-x86_64\bin\nio.dll
0x00007ffb78290000 - 0x00007ffb782a0000 	c:\Users\tangw\.vscode\extensions\redhat.java-1.52.0-win32-x64\jre\21.0.9-win32-x86_64\bin\verify.dll

JVMTI agents:
c:\Users\tangw\.vscode\extensions\redhat.java-1.52.0-win32-x64\lombok\lombok-1.18.39-4050.jar path:c:\Users\tangw\.vscode\extensions\redhat.java-1.52.0-win32-x64\jre\21.0.9-win32-x86_64\bin\instrument.dll, loaded, initialized, instrumentlib options:none

dbghelp: loaded successfully - version: 4.0.5 - missing functions: none
symbol engine: initialized successfully - sym options: 0x614 - pdb path: .;c:\Users\tangw\.vscode\extensions\redhat.java-1.52.0-win32-x64\jre\21.0.9-win32-x86_64\bin;C:\Windows\SYSTEM32;C:\Windows\WinSxS\amd64_microsoft.windows.common-controls_6595b64144ccf1df_6.0.19041.6456_none_60b8a6cb71f64256;c:\Users\tangw\.vscode\extensions\redhat.java-1.52.0-win32-x64\jre\21.0.9-win32-x86_64\bin\server

VM Arguments:
jvm_args: --add-modules=ALL-SYSTEM --add-opens=java.base/java.util=ALL-UNNAMED --add-opens=java.base/java.lang=ALL-UNNAMED --add-opens=java.base/sun.nio.fs=ALL-UNNAMED -Declipse.application=org.eclipse.jdt.ls.core.id1 -Dosgi.bundles.defaultStartLevel=4 -Declipse.product=org.eclipse.jdt.ls.core.product -Djava.import.generatesMetadataFilesAtProjectRoot=false -DDetectVMInstallationsJob.disabled=true -Dfile.encoding=utf8 -XX:+UseParallelGC -XX:GCTimeRatio=4 -XX:AdaptiveSizePolicyWeight=90 -Dsun.zip.disableMemoryMapping=true -Xmx2G -Xms100m -Xlog:disable -javaagent:c:\Users\tangw\.vscode\extensions\redhat.java-1.52.0-win32-x64\lombok\lombok-1.18.39-4050.jar -XX:+HeapDumpOnOutOfMemoryError -XX:HeapDumpPath=c:\Users\tangw\AppData\Roaming\Code\User\workspaceStorage\43cfbb8d6b8d628d0c8d492a5cc49a36\redhat.java -Daether.dependencyCollector.impl=bf 
java_command: c:\Users\tangw\.vscode\extensions\redhat.java-1.52.0-win32-x64\server\plugins\org.eclipse.equinox.launcher_1.7.100.v20251111-0406.jar -configuration c:\Users\tangw\AppData\Roaming\Code\User\globalStorage\redhat.java\1.52.0\config_win -data c:\Users\tangw\AppData\Roaming\Code\User\workspaceStorage\43cfbb8d6b8d628d0c8d492a5cc49a36\redhat.java\jdt_ws --pipe=\\.\pipe\lsp-4aeb2a5034d37e62993f5d8d638cc221-sock
java_class_path (initial): c:\Users\tangw\.vscode\extensions\redhat.java-1.52.0-win32-x64\server\plugins\org.eclipse.equinox.launcher_1.7.100.v20251111-0406.jar
Launcher Type: SUN_STANDARD

[Global flags]
    uintx AdaptiveSizePolicyWeight                 = 90                                        {product} {command line}
     intx CICompilerCount                          = 4                                         {product} {ergonomic}
    uintx GCTimeRatio                              = 4                                         {product} {command line}
     bool HeapDumpOnOutOfMemoryError               = true                                   {manageable} {command line}
    ccstr HeapDumpPath                             = c:\Users\tangw\AppData\Roaming\Code\User\workspaceStorage\43cfbb8d6b8d628d0c8d492a5cc49a36\redhat.java         {manageable} {command line}
   size_t InitialHeapSize                          = 104857600                                 {product} {command line}
   size_t MaxHeapSize                              = 2147483648                                {product} {command line}
   size_t MaxNewSize                               = 715653120                                 {product} {ergonomic}
   size_t MinHeapDeltaBytes                        = 524288                                    {product} {ergonomic}
   size_t MinHeapSize                              = 104857600                                 {product} {command line}
   size_t NewSize                                  = 34603008                                  {product} {ergonomic}
    uintx NonNMethodCodeHeapSize                   = 5839372                                {pd product} {ergonomic}
    uintx NonProfiledCodeHeapSize                  = 122909434                              {pd product} {ergonomic}
   size_t OldSize                                  = 70254592                                  {product} {ergonomic}
    uintx ProfiledCodeHeapSize                     = 122909434                              {pd product} {ergonomic}
    uintx ReservedCodeCacheSize                    = 251658240                              {pd product} {ergonomic}
     bool SegmentedCodeCache                       = true                                      {product} {ergonomic}
   size_t SoftMaxHeapSize                          = 2147483648                             {manageable} {ergonomic}
     bool UseCompressedOops                        = true                           {product lp64_product} {ergonomic}
     bool UseLargePagesIndividualAllocation        = false                                  {pd product} {ergonomic}
     bool UseParallelGC                            = true                                      {product} {command line}

Logging:
Log output configuration:
 #0: stdout all=off uptime,level,tags foldmultilines=false
 #1: stderr all=off uptime,level,tags foldmultilines=false

Release file:
JAVA_VERSION="21.0.9" 
MODULES="java.base java.compiler java.datatransfer java.xml java.prefs java.desktop java.instrument java.logging java.management java.security.sasl java.naming java.rmi java.management.rmi java.net.http java.scripting java.security.jgss java.transaction.xa java.sql java.sql.rowset java.xml.crypto java.se java.smartcardio jdk.accessibility jdk.internal.jvmstat jdk.attach jdk.charsets jdk.internal.opt jdk.zipfs jdk.compiler jdk.crypto.ec jdk.crypto.cryptoki jdk.crypto.mscapi jdk.dynalink jdk.internal.ed jdk.editpad jdk.hotspot.agent jdk.httpserver jdk.internal.le jdk.internal.vm.ci jdk.internal.vm.compiler jdk.internal.vm.compiler.management jdk.jartool jdk.javadoc jdk.jcmd jdk.management jdk.management.agent jdk.jconsole jdk.jdeps jdk.jdwp.agent jdk.jdi jdk.jfr jdk.jshell jdk.jsobject jdk.jstatd jdk.localedata jdk.management.jfr jdk.naming.dns jdk.naming.rmi jdk.net jdk.nio.mapmode jdk.random jdk.sctp jdk.security.auth jdk.security.jgss jdk.unsupported jdk.unsupported.desktop jdk.xml.dom" 

Environment Variables:
PATH=C:\Users\tangw\.pyenv\pyenv-win\bin;C:\Program Files\Common Files\Oracle\Java\javapath;C:\Program Files (x86)\Common Files\Oracle\Java\javapath;C:\Windows\system32;C:\Windows;C:\Windows\System32\Wbem;C:\Windows\System32\WindowsPowerShell\v1.0\;C:\Windows\System32\OpenSSH\;C:\Program Files (x86)\NVIDIA Corporation\PhysX\Common;C:\Program Files\NVIDIA Corporation\NVIDIA NvDLISR;C:\Windows\system32;C:\Windows;C:\Windows\System32\Wbem;C:\Windows\System32\WindowsPowerShell\v1.0\;C:\Windows\System32\OpenSSH\;C:\Program Files\Git\cmd;C:\Users\tangw\AppData\Local\Programs\Python\Python312;C:\Users\tangw\AppData\Local\Programs\Python\Python312\Scripts;C:\ProgramData\chocolatey\bin;C:\Users\tangw\AppData\Roaming\npm;C:\Program Files\Amazon\AWSCLIV2\;C:\Program Files\dotnet\;C:\Program Files (x86)\cloudflared\;C:\Program Files\NVIDIA Corporation\NVIDIA App\NvDLISR;C:\Program Files (x86)\NoteBook FanControl\;C:\Program Files\CMake\bin;C:\Program Files (x86)\Intel\oneAPI\compiler\2025.1\bin;C:\Program Files\Microsoft Visual Studio\2022\Community\Common7\IDE\;C:\Program Files (x86)\Windows Kits\10\Windows Performance Toolkit\;C:\msys64\mingw64\bin;C:\Program Files\Microsoft Visual Studio\2022\Community\VC\Tools\MSVC\14.44.35207\bin\Hostx64\x64;C:\Program Files\HDF_Group\HDF5\1.14.6\bin\;C:\Program Files (x86)\openmc\bin;C:\Program Files (x86)\njoy\bin;C:\swig;C:\swig\vcpkg;C:\Program Files\7-Zip;C:\Program Files\Vim\vim91;C:\Program Files\nodejs20\;C:\Program Files\Docker\Docker\resources\bin;C:\Program Files\GitHub CLI\;C:\Users\tangw\.pyenv\pyenv-win\bin;C:\Users\tangw\.pyenv\pyenv-win\shims;C:\Users\tangw\AppData\Local\Programs\Python\Launcher\;C:\Users\tangw\AppData\Local\Microsoft\WindowsApps;C:\Users\tangw\AppData\Local\Programs\Microsoft VS Code\bin;C:\Program Files (x86)\Nmap;C:\Users\tangw\AppData\Local\Microsoft\WinGet\Links;C:\Users\tangw\AppData\Roaming\npm;C:\Program Files\nodejs20;C:\Users\tangw\AppData\Local\Programs\mongosh\
USERNAME=admin
OS=Windows_NT
PROCESSOR_IDENTIFIER=Intel64 Family 6 Model 165 Stepping 2, GenuineIntel
TMP=C:\Users\tangw\AppData\Local\Temp
TEMP=C:\Users\tangw\AppData\Local\Temp




Periodic native trim disabled

---------------  S Y S T E M  ---------------

OS:
 Windows 10 , 64 bit Build 19041 (10.0.19041.5915)
OS uptime: 0 days 8:42 hours
Hyper-V role detected

CPU: total 8 (initial active 8) (4 cores per cpu, 2 threads per core) family 6 model 165 stepping 2 microcode 0xc8, cx8, cmov, fxsr, ht, mmx, 3dnowpref, sse, sse2, sse3, ssse3, sse4.1, sse4.2, popcnt, lzcnt, tsc, tscinvbit, avx, avx2, aes, erms, clmul, bmi1, bmi2, adx, fma, vzeroupper, clflush, clflushopt, hv, rdtscp, f16c
Processor Information for the first 8 processors :
  Max Mhz: 2496, Current Mhz: 2496, Mhz Limit: 2496

Memory: 4k page, system-wide physical 24412M (349M free)
TotalPageFile size 35739M (AvailPageFile size 3M)
current process WorkingSet (physical memory assigned to process): 79M, peak: 81M
current process commit charge ("private bytes"): 236M, peak: 237M

vm_info: OpenJDK 64-Bit Server VM (21.0.9+10-LTS) for windows-amd64 JRE (21.0.9+10-LTS), built on 2025-10-21T00:00:00Z by "admin" with unknown MS VC++:1942

END.
