#
# There is insufficient memory for the Java Runtime Environment to continue.
# Native memory allocation (malloc) failed to allocate 54928 bytes. Error detail: Chunk::new
# Possible reasons:
#   The system is out of physical RAM or swap space
#   This process is running with CompressedOops enabled, and the Java Heap may be blocking the growth of the native heap
# Possible solutions:
#   Reduce memory load on the system
#   Increase physical memory or swap space
#   Check if swap backing store is full
#   Decrease Java heap size (-Xmx/-Xms)
#   Decrease number of Java threads
#   Decrease Java thread stack sizes (-Xss)
#   Set larger code cache with -XX:ReservedCodeCacheSize=
#   JVM is running with Unscaled Compressed Oops mode in which the Java heap is
#     placed in the first 4GB address space. The Java Heap base address is the
#     maximum limit for the native heap growth. Please use -XX:HeapBaseMinAddress
#     to set the Java Heap base and to place the Java Heap above 4GB virtual address.
# This output file may be truncated or incomplete.
#
#  Out of Memory Error (arena.cpp:168), pid=12660, tid=134820
#
# JRE version: OpenJDK Runtime Environment Temurin-21.0.9+10 (21.0.9+10) (build 21.0.9+10-LTS)
# Java VM: OpenJDK 64-Bit Server VM Temurin-21.0.9+10 (21.0.9+10-LTS, mixed mode, sharing, tiered, compressed oops, compressed class ptrs, parallel gc, windows-amd64)
# No core dump will be written. Minidumps are not enabled by default on client versions of Windows
#

---------------  S U M M A R Y ------------

Command Line: --add-modules=ALL-SYSTEM --add-opens=java.base/java.util=ALL-UNNAMED --add-opens=java.base/java.lang=ALL-UNNAMED --add-opens=java.base/sun.nio.fs=ALL-UNNAMED -Declipse.application=org.eclipse.jdt.ls.core.id1 -Dosgi.bundles.defaultStartLevel=4 -Declipse.product=org.eclipse.jdt.ls.core.product -Djava.import.generatesMetadataFilesAtProjectRoot=false -DDetectVMInstallationsJob.disabled=true -Dfile.encoding=utf8 -XX:+UseParallelGC -XX:GCTimeRatio=4 -XX:AdaptiveSizePolicyWeight=90 -Dsun.zip.disableMemoryMapping=true -Xmx2G -Xms100m -Xlog:disable -javaagent:c:\Users\tangw\.vscode\extensions\redhat.java-1.52.0-win32-x64\lombok\lombok-1.18.39-4050.jar c:\Users\tangw\.vscode\extensions\redhat.java-1.52.0-win32-x64\server\plugins\org.eclipse.equinox.launcher_1.7.100.v20251111-0406.jar -configuration c:\Users\tangw\AppData\Roaming\Code\User\globalStorage\redhat.java\1.52.0\config_ss_win -data c:\Users\tangw\AppData\Roaming\Code\User\workspaceStorage\43cfbb8d6b8d628d0c8d492a5cc49a36\redhat.java\ss_ws --pipe=\\.\pipe\lsp-8645183facccbe837cc4341ecf5468ab-sock

Host: Intel(R) Core(TM) i5-10300H CPU @ 2.50GHz, 8 cores, 23G,  Windows 10 , 64 bit Build 19041 (10.0.19041.5915)
Time: Thu Feb 19 19:38:11 2026 SE Asia Standard Time elapsed time: 2.058451 seconds (0d 0h 0m 2s)

---------------  T H R E A D  ---------------

Current thread (0x00000190a7d5c200):  JavaThread "C2 CompilerThread0" daemon [_thread_in_native, id=134820, stack(0x0000000f3c600000,0x0000000f3c700000) (1024K)]


Current CompileTask:
C2:2058 1260       4       java.lang.StringLatin1::toUpperCase (186 bytes)

Stack: [0x0000000f3c600000,0x0000000f3c700000]
Native frames: (J=compiled Java code, j=interpreted, Vv=VM code, C=native code)
V  [jvm.dll+0x6d6e29]
V  [jvm.dll+0x8b4b76]
V  [jvm.dll+0x8b712e]
V  [jvm.dll+0x8b7813]
V  [jvm.dll+0x283d86]
V  [jvm.dll+0xc66ed]
V  [jvm.dll+0xc6c31]
V  [jvm.dll+0x3be53b]
V  [jvm.dll+0x1e375e]
V  [jvm.dll+0x24c0f3]
V  [jvm.dll+0x24b580]
V  [jvm.dll+0x1cb13e]
V  [jvm.dll+0x25b29d]
V  [jvm.dll+0x25982a]
V  [jvm.dll+0x3f7ea6]
V  [jvm.dll+0x85e9ad]
V  [jvm.dll+0x6d565d]
C  [ucrtbase.dll+0x21bb2]
C  [KERNEL32.DLL+0x17374]
C  [ntdll.dll+0x4cc91]


---------------  P R O C E S S  ---------------

Threads class SMR info:
_java_thread_list=0x0000019106050d50, length=11, elements={
0x00000190a7de5500, 0x00000190a7d53030, 0x00000190a7d54670, 0x00000190a7d572d0,
0x00000190a7d57f20, 0x00000190a7d5a980, 0x00000190a7d5b3d0, 0x00000190a7d5c200,
0x000001910112b5d0, 0x00000191012cf600, 0x000001910143f360
}

Java Threads: ( => current thread )
  0x00000190a7de5500 JavaThread "main"                              [_thread_in_Java, id=134484, stack(0x0000000f3bc00000,0x0000000f3bd00000) (1024K)]
  0x00000190a7d53030 JavaThread "Reference Handler"          daemon [_thread_blocked, id=132856, stack(0x0000000f3c000000,0x0000000f3c100000) (1024K)]
  0x00000190a7d54670 JavaThread "Finalizer"                  daemon [_thread_blocked, id=3420, stack(0x0000000f3c100000,0x0000000f3c200000) (1024K)]
  0x00000190a7d572d0 JavaThread "Signal Dispatcher"          daemon [_thread_blocked, id=133920, stack(0x0000000f3c200000,0x0000000f3c300000) (1024K)]
  0x00000190a7d57f20 JavaThread "Attach Listener"            daemon [_thread_blocked, id=24004, stack(0x0000000f3c300000,0x0000000f3c400000) (1024K)]
  0x00000190a7d5a980 JavaThread "Service Thread"             daemon [_thread_blocked, id=16048, stack(0x0000000f3c400000,0x0000000f3c500000) (1024K)]
  0x00000190a7d5b3d0 JavaThread "Monitor Deflation Thread"   daemon [_thread_blocked, id=120836, stack(0x0000000f3c500000,0x0000000f3c600000) (1024K)]
=>0x00000190a7d5c200 JavaThread "C2 CompilerThread0"         daemon [_thread_in_native, id=134820, stack(0x0000000f3c600000,0x0000000f3c700000) (1024K)]
  0x000001910112b5d0 JavaThread "C1 CompilerThread0"         daemon [_thread_in_native, id=134592, stack(0x0000000f3c700000,0x0000000f3c800000) (1024K)]
  0x00000191012cf600 JavaThread "Common-Cleaner"             daemon [_thread_blocked, id=532, stack(0x0000000f3c900000,0x0000000f3ca00000) (1024K)]
  0x000001910143f360 JavaThread "Notification Thread"        daemon [_thread_blocked, id=132992, stack(0x0000000f3c800000,0x0000000f3c900000) (1024K)]
Total: 11

Other Threads:
  0x00000190a7d42530 VMThread "VM Thread"                           [id=135632, stack(0x0000000f3bf00000,0x0000000f3c000000) (1024K)]
  0x00000190a7c7cb40 WatcherThread "VM Periodic Task Thread"        [id=70660, stack(0x0000000f3be00000,0x0000000f3bf00000) (1024K)]
  0x00000190a7df3d70 WorkerThread "GC Thread#0"                     [id=128204, stack(0x0000000f3bd00000,0x0000000f3be00000) (1024K)]
  0x0000019101aace90 WorkerThread "GC Thread#1"                     [id=132292, stack(0x0000000f3cb00000,0x0000000f3cc00000) (1024K)]
  0x0000019101a6f6a0 WorkerThread "GC Thread#2"                     [id=133020, stack(0x0000000f3cc00000,0x0000000f3cd00000) (1024K)]
  0x00000191018b7ac0 WorkerThread "GC Thread#3"                     [id=13020, stack(0x0000000f3cd00000,0x0000000f3ce00000) (1024K)]
  0x00000191018b7e60 WorkerThread "GC Thread#4"                     [id=11904, stack(0x0000000f3ce00000,0x0000000f3cf00000) (1024K)]
  0x00000191018b8200 WorkerThread "GC Thread#5"                     [id=9784, stack(0x0000000f3cf00000,0x0000000f3d000000) (1024K)]
  0x0000019101b4c410 WorkerThread "GC Thread#6"                     [id=13612, stack(0x0000000f3d000000,0x0000000f3d100000) (1024K)]
Total: 9

Threads with active compile tasks:
C2 CompilerThread0  2093 1260       4       java.lang.StringLatin1::toUpperCase (186 bytes)
C1 CompilerThread0  2093 1279       3       java.lang.System$2::getBytesNoRepl (6 bytes)
Total: 2

VM state: not at safepoint (normal execution)

VM Mutex/Monitor currently owned by a thread: None

Heap address: 0x0000000080000000, size: 2048 MB, Compressed Oops mode: 32-bit

CDS archive(s) mapped at: [0x00000190bf000000-0x00000190bfba0000-0x00000190bfba0000), size 12189696, SharedBaseAddress: 0x00000190bf000000, ArchiveRelocationMode: 1.
Compressed class space mapped at: 0x00000190c0000000-0x0000019100000000, reserved size: 1073741824
Narrow klass base: 0x00000190bf000000, Narrow klass shift: 0, Narrow klass range: 0x100000000

GC Precious Log:
 CardTable entry size: 512
 CPUs: 8 total, 8 available
 Memory: 24412M
 Large Page Support: Disabled
 NUMA Support: Disabled
 Compressed Oops: Enabled (32-bit)
 Alignments: Space 512K, Generation 512K, Heap 2M
 Heap Min Capacity: 100M
 Heap Initial Capacity: 100M
 Heap Max Capacity: 2G
 Pre-touch: Disabled
 Parallel Workers: 8

Heap:
 PSYoungGen      total 29696K, used 8842K [0x00000000d5580000, 0x00000000d7680000, 0x0000000100000000)
  eden space 25600K, 21% used [0x00000000d5580000,0x00000000d5ae8cd0,0x00000000d6e80000)
  from space 4096K, 80% used [0x00000000d6e80000,0x00000000d71b9e98,0x00000000d7280000)
  to   space 4096K, 0% used [0x00000000d7280000,0x00000000d7280000,0x00000000d7680000)
 ParOldGen       total 68608K, used 0K [0x0000000080000000, 0x0000000084300000, 0x00000000d5580000)
  object space 68608K, 0% used [0x0000000080000000,0x0000000080000000,0x0000000084300000)
 Metaspace       used 5505K, committed 5760K, reserved 1114112K
  class space    used 585K, committed 704K, reserved 1048576K

Card table byte_map: [0x00000190a7790000,0x00000190a7ba0000] _byte_map_base: 0x00000190a7390000

Marking Bits: (ParMarkBitMap*) 0x00007ffa959e2460
 Begin Bits: [0x00000190ba2a0000, 0x00000190bc2a0000)
 End Bits:   [0x00000190bc2a0000, 0x00000190be2a0000)

Polling page: 0x00000190a5c60000

Metaspace:

Usage:
  Non-class:      4.80 MB used.
      Class:    585.03 KB used.
       Both:      5.38 MB used.

Virtual space:
  Non-class space:       64.00 MB reserved,       4.94 MB (  8%) committed,  1 nodes.
      Class space:        1.00 GB reserved,     704.00 KB ( <1%) committed,  1 nodes.
             Both:        1.06 GB reserved,       5.62 MB ( <1%) committed. 

Chunk freelists:
   Non-Class:  10.41 MB
       Class:  15.35 MB
        Both:  25.76 MB

MaxMetaspaceSize: unlimited
CompressedClassSpaceSize: 1.00 GB
Initial GC threshold: 21.00 MB
Current GC threshold: 21.00 MB
CDS: on
 - commit_granule_bytes: 65536.
 - commit_granule_words: 8192.
 - virtual_space_node_default_size: 8388608.
 - enlarge_chunks_in_place: 1.
 - use_allocation_guard: 0.


Internal statistics:

num_allocs_failed_limit: 0.
num_arena_births: 190.
num_arena_deaths: 0.
num_vsnodes_births: 2.
num_vsnodes_deaths: 0.
num_space_committed: 90.
num_space_uncommitted: 0.
num_chunks_returned_to_freelist: 0.
num_chunks_taken_from_freelist: 297.
num_chunk_merges: 0.
num_chunk_splits: 188.
num_chunks_enlarged: 115.
num_inconsistent_stats: 0.

CodeHeap 'non-profiled nmethods': size=120000Kb used=503Kb max_used=503Kb free=119496Kb
 bounds [0x00000190b2ac0000, 0x00000190b2d30000, 0x00000190b9ff0000]
CodeHeap 'profiled nmethods': size=120000Kb used=2114Kb max_used=2114Kb free=117885Kb
 bounds [0x00000190aaff0000, 0x00000190ab260000, 0x00000190b2520000]
CodeHeap 'non-nmethods': size=5760Kb used=1201Kb max_used=1218Kb free=4558Kb
 bounds [0x00000190b2520000, 0x00000190b2790000, 0x00000190b2ac0000]
CodeCache: size=245760Kb, used=3818Kb, max_used=3835Kb, free=241939Kb
 total_blobs=1742, nmethods=1275, adapters=374, full_count=0
Compilation: enabled, stopped_count=0, restarted_count=0

Compilation events (20 events):
Event: 2.026 Thread 0x000001910112b5d0 nmethod 1249 0x00000190ab1eca10 code [0x00000190ab1eccc0, 0x00000190ab1edbf0]
Event: 2.028 Thread 0x000001910112b5d0 1250       3       jdk.internal.misc.Unsafe::getLongUnaligned (12 bytes)
Event: 2.028 Thread 0x000001910112b5d0 nmethod 1250 0x00000190ab1ee110 code [0x00000190ab1ee2c0, 0x00000190ab1ee4a0]
Event: 2.028 Thread 0x000001910112b5d0 1251       3       java.io.DataInputStream::readLong (20 bytes)
Event: 2.029 Thread 0x000001910112b5d0 nmethod 1251 0x00000190ab1ee590 code [0x00000190ab1ee7a0, 0x00000190ab1eef18]
Event: 2.029 Thread 0x000001910112b5d0 1252       3       java.io.WinNTFileSystem::normalizePrefix (132 bytes)
Event: 2.031 Thread 0x000001910112b5d0 nmethod 1252 0x00000190ab1ef190 code [0x00000190ab1ef5a0, 0x00000190ab1f1548]
Event: 2.034 Thread 0x000001910112b5d0 1253       3       java.util.WeakHashMap::get (75 bytes)
Event: 2.035 Thread 0x000001910112b5d0 nmethod 1253 0x00000190ab1f2190 code [0x00000190ab1f23c0, 0x00000190ab1f2c28]
Event: 2.035 Thread 0x00000190a7d5c200 1254       4       java.util.concurrent.locks.AbstractQueuedSynchronizer::compareAndSetState (13 bytes)
Event: 2.036 Thread 0x000001910112b5d0 1255       3       java.util.WeakHashMap::put (160 bytes)
Event: 2.036 Thread 0x00000190a7d5c200 nmethod 1254 0x00000190b2b3d390 code [0x00000190b2b3d520, 0x00000190b2b3d5c0]
Event: 2.037 Thread 0x000001910112b5d0 nmethod 1255 0x00000190ab1f2f90 code [0x00000190ab1f3220, 0x00000190ab1f4058]
Event: 2.037 Thread 0x000001910112b5d0 1256       3       java.util.WeakHashMap$Entry::<init> (24 bytes)
Event: 2.037 Thread 0x000001910112b5d0 nmethod 1256 0x00000190ab1f4590 code [0x00000190ab1f4740, 0x00000190ab1f4a18]
Event: 2.037 Thread 0x000001910112b5d0 1257       3       java.lang.AbstractStringBuilder::append (67 bytes)
Event: 2.037 Thread 0x000001910112b5d0 nmethod 1257 0x00000190ab1f4b90 code [0x00000190ab1f4da0, 0x00000190ab1f5420]
Event: 2.039 Thread 0x000001910112b5d0 1259       1       org.eclipse.osgi.storage.BundleInfo$Generation::getBundleInfo (5 bytes)
Event: 2.039 Thread 0x000001910112b5d0 nmethod 1259 0x00000190b2b3da90 code [0x00000190b2b3dc20, 0x00000190b2b3dce8]
Event: 2.048 Thread 0x00000190a7d5c200 1260       4       java.lang.StringLatin1::toUpperCase (186 bytes)

GC Heap History (2 events):
Event: 1.745 GC heap before
{Heap before GC invocations=1 (full 0):
 PSYoungGen      total 29696K, used 25600K [0x00000000d5580000, 0x00000000d7680000, 0x0000000100000000)
  eden space 25600K, 100% used [0x00000000d5580000,0x00000000d6e80000,0x00000000d6e80000)
  from space 4096K, 0% used [0x00000000d7280000,0x00000000d7280000,0x00000000d7680000)
  to   space 4096K, 0% used [0x00000000d6e80000,0x00000000d6e80000,0x00000000d7280000)
 ParOldGen       total 68608K, used 0K [0x0000000080000000, 0x0000000084300000, 0x00000000d5580000)
  object space 68608K, 0% used [0x0000000080000000,0x0000000080000000,0x0000000084300000)
 Metaspace       used 4337K, committed 4608K, reserved 1114112K
  class space    used 472K, committed 576K, reserved 1048576K
}
Event: 1.763 GC heap after
{Heap after GC invocations=1 (full 0):
 PSYoungGen      total 29696K, used 3303K [0x00000000d5580000, 0x00000000d7680000, 0x0000000100000000)
  eden space 25600K, 0% used [0x00000000d5580000,0x00000000d5580000,0x00000000d6e80000)
  from space 4096K, 80% used [0x00000000d6e80000,0x00000000d71b9e98,0x00000000d7280000)
  to   space 4096K, 0% used [0x00000000d7280000,0x00000000d7280000,0x00000000d7680000)
 ParOldGen       total 68608K, used 0K [0x0000000080000000, 0x0000000084300000, 0x00000000d5580000)
  object space 68608K, 0% used [0x0000000080000000,0x0000000080000000,0x0000000084300000)
 Metaspace       used 4337K, committed 4608K, reserved 1114112K
  class space    used 472K, committed 576K, reserved 1048576K
}

Dll operation events (8 events):
Event: 0.013 Loaded shared library c:\Users\tangw\.vscode\extensions\redhat.java-1.52.0-win32-x64\jre\21.0.9-win32-x86_64\bin\java.dll
Event: 0.151 Loaded shared library c:\Users\tangw\.vscode\extensions\redhat.java-1.52.0-win32-x64\jre\21.0.9-win32-x86_64\bin\zip.dll
Event: 0.180 Loaded shared library C:\Users\tangw\.vscode\extensions\redhat.java-1.52.0-win32-x64\jre\21.0.9-win32-x86_64\bin\instrument.dll
Event: 0.188 Loaded shared library C:\Users\tangw\.vscode\extensions\redhat.java-1.52.0-win32-x64\jre\21.0.9-win32-x86_64\bin\net.dll
Event: 0.193 Loaded shared library C:\Users\tangw\.vscode\extensions\redhat.java-1.52.0-win32-x64\jre\21.0.9-win32-x86_64\bin\nio.dll
Event: 0.198 Loaded shared library C:\Users\tangw\.vscode\extensions\redhat.java-1.52.0-win32-x64\jre\21.0.9-win32-x86_64\bin\zip.dll
Event: 0.229 Loaded shared library C:\Users\tangw\.vscode\extensions\redhat.java-1.52.0-win32-x64\jre\21.0.9-win32-x86_64\bin\jimage.dll
Event: 0.539 Loaded shared library c:\Users\tangw\.vscode\extensions\redhat.java-1.52.0-win32-x64\jre\21.0.9-win32-x86_64\bin\verify.dll

Deoptimization events (20 events):
Event: 1.877 Thread 0x00000190a7de5500 Uncommon trap: trap_request=0xffffff45 fr.pc=0x00000190b2b277d0 relative=0x0000000000000290
Event: 1.877 Thread 0x00000190a7de5500 Uncommon trap: reason=unstable_if action=reinterpret pc=0x00000190b2b277d0 method=java.util.HashMap.hash(Ljava/lang/Object;)I @ 1 c2
Event: 1.877 Thread 0x00000190a7de5500 DEOPT PACKING pc=0x00000190b2b277d0 sp=0x0000000f3bcfeaa0
Event: 1.877 Thread 0x00000190a7de5500 DEOPT UNPACKING pc=0x00000190b2573aa2 sp=0x0000000f3bcfe938 mode 2
Event: 1.880 Thread 0x00000190a7de5500 Uncommon trap: trap_request=0xffffff45 fr.pc=0x00000190b2b2442c relative=0x000000000000034c
Event: 1.880 Thread 0x00000190a7de5500 Uncommon trap: reason=unstable_if action=reinterpret pc=0x00000190b2b2442c method=java.util.HashMap.hash(Ljava/lang/Object;)I @ 1 c2
Event: 1.880 Thread 0x00000190a7de5500 DEOPT PACKING pc=0x00000190b2b2442c sp=0x0000000f3bcfea10
Event: 1.880 Thread 0x00000190a7de5500 DEOPT UNPACKING pc=0x00000190b2573aa2 sp=0x0000000f3bcfe918 mode 2
Event: 1.880 Thread 0x00000190a7de5500 Uncommon trap: trap_request=0xffffff45 fr.pc=0x00000190b2b22b54 relative=0x00000000000000b4
Event: 1.880 Thread 0x00000190a7de5500 Uncommon trap: reason=unstable_if action=reinterpret pc=0x00000190b2b22b54 method=java.util.HashMap.hash(Ljava/lang/Object;)I @ 1 c2
Event: 1.880 Thread 0x00000190a7de5500 DEOPT PACKING pc=0x00000190b2b22b54 sp=0x0000000f3bcfeac0
Event: 1.880 Thread 0x00000190a7de5500 DEOPT UNPACKING pc=0x00000190b2573aa2 sp=0x0000000f3bcfea58 mode 2
Event: 1.880 Thread 0x00000190a7de5500 Uncommon trap: trap_request=0xffffffde fr.pc=0x00000190b2b08ad4 relative=0x00000000000005b4
Event: 1.880 Thread 0x00000190a7de5500 Uncommon trap: reason=class_check action=maybe_recompile pc=0x00000190b2b08ad4 method=java.util.Collections$UnmodifiableCollection$1.<init>(Ljava/util/Collections$UnmodifiableCollection;)V @ 17 c2
Event: 1.880 Thread 0x00000190a7de5500 DEOPT PACKING pc=0x00000190b2b08ad4 sp=0x0000000f3bcfeaf0
Event: 1.880 Thread 0x00000190a7de5500 DEOPT UNPACKING pc=0x00000190b2573aa2 sp=0x0000000f3bcfea38 mode 2
Event: 1.987 Thread 0x00000190a7de5500 Uncommon trap: trap_request=0xffffff45 fr.pc=0x00000190b2b0b27c relative=0x000000000000019c
Event: 1.987 Thread 0x00000190a7de5500 Uncommon trap: reason=unstable_if action=reinterpret pc=0x00000190b2b0b27c method=java.lang.invoke.VarHandle.checkAccessModeThenIsDirect(Ljava/lang/invoke/VarHandle$AccessDescriptor;)Z @ 4 c2
Event: 1.987 Thread 0x00000190a7de5500 DEOPT PACKING pc=0x00000190b2b0b27c sp=0x0000000f3bcfeaa0
Event: 1.987 Thread 0x00000190a7de5500 DEOPT UNPACKING pc=0x00000190b2573aa2 sp=0x0000000f3bcfe9f8 mode 2

Classes loaded (20 events):
Event: 1.972 Loading class sun/nio/ch/NativeThreadSet
Event: 1.972 Loading class sun/nio/ch/NativeThreadSet done
Event: 1.972 Loading class sun/nio/ch/FileLockImpl
Event: 1.972 Loading class java/nio/channels/FileLock
Event: 1.972 Loading class java/nio/channels/FileLock done
Event: 1.972 Loading class sun/nio/ch/FileLockImpl done
Event: 1.972 Loading class sun/nio/ch/NativeThread
Event: 1.972 Loading class sun/nio/ch/NativeThread done
Event: 1.972 Loading class sun/nio/ch/FileLockTable
Event: 1.973 Loading class sun/nio/ch/FileLockTable done
Event: 1.973 Loading class sun/nio/ch/FileKey
Event: 1.973 Loading class sun/nio/ch/FileKey done
Event: 1.973 Loading class sun/nio/ch/FileLockTable$FileLockReference
Event: 1.973 Loading class sun/nio/ch/FileLockTable$FileLockReference done
Event: 1.976 Loading class java/io/DeleteOnExitHook
Event: 1.976 Loading class java/io/DeleteOnExitHook done
Event: 1.977 Loading class java/io/DeleteOnExitHook$1
Event: 1.977 Loading class java/io/DeleteOnExitHook$1 done
Event: 1.978 Loading class java/util/ComparableTimSort
Event: 1.979 Loading class java/util/ComparableTimSort done

Classes unloaded (0 events):
No events

Classes redefined (0 events):
No events

Internal exceptions (20 events):
Event: 1.335 Thread 0x00000190a7de5500 Exception <a 'java/io/FileNotFoundException'{0x00000000d64caec0}> (0x00000000d64caec0) 
thrown [s\src\hotspot\share\prims\jni.cpp, line 520]
Event: 1.336 Thread 0x00000190a7de5500 Exception <a 'java/io/FileNotFoundException'{0x00000000d64cbb38}> (0x00000000d64cbb38) 
thrown [s\src\hotspot\share\prims\jni.cpp, line 520]
Event: 1.336 Thread 0x00000190a7de5500 Exception <a 'java/io/FileNotFoundException'{0x00000000d64cc678}> (0x00000000d64cc678) 
thrown [s\src\hotspot\share\prims\jni.cpp, line 520]
Event: 1.341 Thread 0x00000190a7de5500 Implicit null exception at 0x00000190b2aef024 to 0x00000190b2aef5f0
Event: 1.345 Thread 0x00000190a7de5500 Exception <a 'java/io/FileNotFoundException'{0x00000000d6506808}> (0x00000000d6506808) 
thrown [s\src\hotspot\share\prims\jni.cpp, line 520]
Event: 1.356 Thread 0x00000190a7de5500 Exception <a 'java/lang/NoSuchMethodError'{0x00000000d6543108}: 'java.lang.Object java.lang.invoke.DirectMethodHandle$Holder.invokeInterface(java.lang.Object, java.lang.Object)'> (0x00000000d6543108) 
thrown [s\src\hotspot\share\interpreter\linkResolver.cpp, line 773]
Event: 1.361 Thread 0x00000190a7de5500 Exception <a 'java/lang/NoSuchMethodError'{0x00000000d6556b78}: 'java.lang.Object java.lang.invoke.Invokers$Holder.invokeExact_MT(java.lang.Object, java.lang.Object, java.lang.Object, java.lang.Object, java.lang.Object, java.lang.Object)'> (0x00000000d6556b78) 
thrown [s\src\hotspot\share\interpreter\linkResolver.cpp, line 773]
Event: 1.364 Thread 0x00000190a7de5500 Exception <a 'java/lang/NoSuchMethodError'{0x00000000d656dc50}: 'int java.lang.invoke.DirectMethodHandle$Holder.invokeStatic(java.lang.Object, java.lang.Object, java.lang.Object, java.lang.Object, java.lang.Object)'> (0x00000000d656dc50) 
thrown [s\src\hotspot\share\interpreter\linkResolver.cpp, line 773]
Event: 1.400 Thread 0x00000190a7de5500 Exception <a 'java/lang/NoSuchMethodError'{0x00000000d6604580}: 'java.lang.Object java.lang.invoke.DirectMethodHandle$Holder.invokeInterface(java.lang.Object, java.lang.Object, int)'> (0x00000000d6604580) 
thrown [s\src\hotspot\share\interpreter\linkResolver.cpp, line 773]
Event: 1.545 Thread 0x00000190a7de5500 Exception <a 'java/lang/NoSuchMethodError'{0x00000000d6a6e2e8}: 'java.lang.ClassLoader java.lang.ClassLoader.getPlatformClassLoader(java.lang.Class)'> (0x00000000d6a6e2e8) 
thrown [s\src\hotspot\share\interpreter\linkResolver.cpp, line 773]
Event: 1.767 Thread 0x00000190a7de5500 Exception <a 'java/lang/ClassNotFoundException'{0x00000000d558ad48}: sun/net/www/protocol/c/Handler> (0x00000000d558ad48) 
thrown [s\src\hotspot\share\classfile\systemDictionary.cpp, line 312]
Event: 1.767 Thread 0x00000190a7de5500 Exception <a 'java/lang/ClassNotFoundException'{0x00000000d558c118}: sun/net/www/protocol/c/Handler> (0x00000000d558c118) 
thrown [s\src\hotspot\share\classfile\systemDictionary.cpp, line 312]
Event: 1.767 Thread 0x00000190a7de5500 Exception <a 'java/lang/ClassNotFoundException'{0x00000000d558d350}: sun/net/www/protocol/c/Handler> (0x00000000d558d350) 
thrown [s\src\hotspot\share\classfile\systemDictionary.cpp, line 312]
Event: 1.812 Thread 0x00000190a7de5500 Exception <a 'java/io/FileNotFoundException'{0x00000000d55b56c8}> (0x00000000d55b56c8) 
thrown [s\src\hotspot\share\prims\jni.cpp, line 520]
Event: 1.876 Thread 0x00000190a7de5500 Implicit null exception at 0x00000190b2b33b49 to 0x00000190b2b3464c
Event: 1.877 Thread 0x00000190a7de5500 Implicit null exception at 0x00000190b2b2759a to 0x00000190b2b277b8
Event: 1.877 Thread 0x00000190a7de5500 Exception <a 'java/lang/NoSuchMethodError'{0x00000000d56e7400}: 'void java.lang.invoke.DirectMethodHandle$Holder.invokeStatic(java.lang.Object, java.lang.Object, java.lang.Object, java.lang.Object)'> (0x00000000d56e7400) 
thrown [s\src\hotspot\share\interpreter\linkResolver.cpp, line 773]
Event: 1.880 Thread 0x00000190a7de5500 Implicit null exception at 0x00000190b2b24140 to 0x00000190b2b24414
Event: 1.880 Thread 0x00000190a7de5500 Implicit null exception at 0x00000190b2b22ac0 to 0x00000190b2b22b45
Event: 2.037 Thread 0x00000190a7de5500 Exception <a 'java/lang/NoSuchMethodError'{0x00000000d59aac38}: 'void java.lang.invoke.DirectMethodHandle$Holder.invokeSpecial(java.lang.Object, java.lang.Object, java.lang.Object)'> (0x00000000d59aac38) 
thrown [s\src\hotspot\share\interpreter\linkResolver.cpp, line 773]

ZGC Phase Switch (0 events):
No events

VM Operations (12 events):
Event: 0.351 Executing VM operation: HandshakeAllThreads (Deoptimize)
Event: 0.351 Executing VM operation: HandshakeAllThreads (Deoptimize) done
Event: 1.285 Executing VM operation: HandshakeAllThreads (Deoptimize)
Event: 1.285 Executing VM operation: HandshakeAllThreads (Deoptimize) done
Event: 1.285 Executing VM operation: Cleanup
Event: 1.285 Executing VM operation: Cleanup done
Event: 1.306 Executing VM operation: HandshakeAllThreads (Deoptimize)
Event: 1.306 Executing VM operation: HandshakeAllThreads (Deoptimize) done
Event: 1.728 Executing VM operation: HandshakeAllThreads (Deoptimize)
Event: 1.728 Executing VM operation: HandshakeAllThreads (Deoptimize) done
Event: 1.745 Executing VM operation: ParallelGCFailedAllocation (Allocation Failure)
Event: 1.763 Executing VM operation: ParallelGCFailedAllocation (Allocation Failure) done

Memory protections (0 events):
No events

Nmethod flushes (0 events):
No events

Events (17 events):
Event: 0.043 Thread 0x00000190a7de5500 Thread added: 0x00000190a7de5500
Event: 0.082 Thread 0x00000190a7de5500 Thread added: 0x00000190a7d53030
Event: 0.082 Thread 0x00000190a7de5500 Thread added: 0x00000190a7d54670
Event: 0.083 Thread 0x00000190a7de5500 Thread added: 0x00000190a7d572d0
Event: 0.083 Thread 0x00000190a7de5500 Thread added: 0x00000190a7d57f20
Event: 0.083 Thread 0x00000190a7de5500 Thread added: 0x00000190a7d5a980
Event: 0.083 Thread 0x00000190a7de5500 Thread added: 0x00000190a7d5b3d0
Event: 0.084 Thread 0x00000190a7de5500 Thread added: 0x00000190a7d5c200
Event: 0.092 Thread 0x00000190a7de5500 Thread added: 0x000001910112b5d0
Event: 0.162 Thread 0x000001910112b5d0 Thread added: 0x00000191011c90e0
Event: 0.182 Thread 0x00000190a7de5500 Thread added: 0x00000191012cf600
Event: 0.356 Thread 0x00000191011c90e0 Thread exited: 0x00000191011c90e0
Event: 1.059 Thread 0x00000190a7de5500 Thread added: 0x000001910143f360
Event: 1.063 Thread 0x000001910112b5d0 Thread added: 0x0000019101441c40
Event: 1.218 Thread 0x000001910112b5d0 Thread added: 0x00000191015ba2d0
Event: 1.664 Thread 0x00000191015ba2d0 Thread exited: 0x00000191015ba2d0
Event: 1.918 Thread 0x0000019101441c40 Thread exited: 0x0000019101441c40


Dynamic libraries:
0x00007ff7a6850000 - 0x00007ff7a685e000 	c:\Users\tangw\.vscode\extensions\redhat.java-1.52.0-win32-x64\jre\21.0.9-win32-x86_64\bin\java.exe
0x00007ffba1510000 - 0x00007ffba1708000 	C:\Windows\SYSTEM32\ntdll.dll
0x00007ffb9f650000 - 0x00007ffb9f712000 	C:\Windows\System32\KERNEL32.DLL
0x00007ffb9f030000 - 0x00007ffb9f326000 	C:\Windows\System32\KERNELBASE.dll
0x00007ffb9ee90000 - 0x00007ffb9ef90000 	C:\Windows\System32\ucrtbase.dll
0x00007ffb6f2b0000 - 0x00007ffb6f2c8000 	c:\Users\tangw\.vscode\extensions\redhat.java-1.52.0-win32-x64\jre\21.0.9-win32-x86_64\bin\jli.dll
0x00007ffba0ee0000 - 0x00007ffba1081000 	C:\Windows\System32\USER32.dll
0x00007ffb9f330000 - 0x00007ffb9f352000 	C:\Windows\System32\win32u.dll
0x00007ffb9f530000 - 0x00007ffb9f55b000 	C:\Windows\System32\GDI32.dll
0x00007ffb9f360000 - 0x00007ffb9f479000 	C:\Windows\System32\gdi32full.dll
0x00007ffb9ef90000 - 0x00007ffb9f02d000 	C:\Windows\System32\msvcp_win.dll
0x00007ffb5de10000 - 0x00007ffb5de2e000 	c:\Users\tangw\.vscode\extensions\redhat.java-1.52.0-win32-x64\jre\21.0.9-win32-x86_64\bin\VCRUNTIME140.dll
0x00007ffb8c520000 - 0x00007ffb8c7bb000 	C:\Windows\WinSxS\amd64_microsoft.windows.common-controls_6595b64144ccf1df_6.0.19041.6456_none_60b8a6cb71f64256\COMCTL32.dll
0x00007ffba05a0000 - 0x00007ffba063e000 	C:\Windows\System32\msvcrt.dll
0x00007ffb9fe90000 - 0x00007ffb9febf000 	C:\Windows\System32\IMM32.DLL
0x00007ffb82140000 - 0x00007ffb8214c000 	c:\Users\tangw\.vscode\extensions\redhat.java-1.52.0-win32-x64\jre\21.0.9-win32-x86_64\bin\vcruntime140_1.dll
0x00007ffb04a90000 - 0x00007ffb04b1d000 	c:\Users\tangw\.vscode\extensions\redhat.java-1.52.0-win32-x64\jre\21.0.9-win32-x86_64\bin\msvcp140.dll
0x00007ffa94d20000 - 0x00007ffa95ac0000 	c:\Users\tangw\.vscode\extensions\redhat.java-1.52.0-win32-x64\jre\21.0.9-win32-x86_64\bin\server\jvm.dll
0x00007ffba0640000 - 0x00007ffba06f1000 	C:\Windows\System32\ADVAPI32.dll
0x00007ffba0c30000 - 0x00007ffba0ccf000 	C:\Windows\System32\sechost.dll
0x00007ffba0dc0000 - 0x00007ffba0ee0000 	C:\Windows\System32\RPCRT4.dll
0x00007ffb9eba0000 - 0x00007ffb9ebc7000 	C:\Windows\System32\bcrypt.dll
0x00007ffba01d0000 - 0x00007ffba023b000 	C:\Windows\System32\WS2_32.dll
0x00007ffb9ea00000 - 0x00007ffb9ea4b000 	C:\Windows\SYSTEM32\POWRPROF.dll
0x00007ffb8cd10000 - 0x00007ffb8cd37000 	C:\Windows\SYSTEM32\WINMM.dll
0x00007ffb994a0000 - 0x00007ffb994aa000 	C:\Windows\SYSTEM32\VERSION.dll
0x00007ffb9e9e0000 - 0x00007ffb9e9f2000 	C:\Windows\SYSTEM32\UMPDC.dll
0x00007ffb9d370000 - 0x00007ffb9d382000 	C:\Windows\SYSTEM32\kernel.appcore.dll
0x00007ffb80770000 - 0x00007ffb8077a000 	c:\Users\tangw\.vscode\extensions\redhat.java-1.52.0-win32-x64\jre\21.0.9-win32-x86_64\bin\jimage.dll
0x00007ffb9c8b0000 - 0x00007ffb9cab1000 	C:\Windows\SYSTEM32\DBGHELP.DLL
0x00007ffb84a20000 - 0x00007ffb84a54000 	C:\Windows\SYSTEM32\dbgcore.DLL
0x00007ffb9ee00000 - 0x00007ffb9ee82000 	C:\Windows\System32\bcryptPrimitives.dll
0x00007ffb7e8e0000 - 0x00007ffb7e8ef000 	c:\Users\tangw\.vscode\extensions\redhat.java-1.52.0-win32-x64\jre\21.0.9-win32-x86_64\bin\instrument.dll
0x00007ffb5ddf0000 - 0x00007ffb5de10000 	c:\Users\tangw\.vscode\extensions\redhat.java-1.52.0-win32-x64\jre\21.0.9-win32-x86_64\bin\java.dll
0x00007ffb9f720000 - 0x00007ffb9fe90000 	C:\Windows\System32\SHELL32.dll
0x00007ffb9cbb0000 - 0x00007ffb9d355000 	C:\Windows\SYSTEM32\windows.storage.dll
0x00007ffba0240000 - 0x00007ffba0594000 	C:\Windows\System32\combase.dll
0x00007ffb9e4f0000 - 0x00007ffb9e51b000 	C:\Windows\SYSTEM32\Wldp.dll
0x00007ffba1370000 - 0x00007ffba143d000 	C:\Windows\System32\OLEAUT32.dll
0x00007ffb9fec0000 - 0x00007ffb9ff6d000 	C:\Windows\System32\SHCORE.dll
0x00007ffba1440000 - 0x00007ffba149b000 	C:\Windows\System32\shlwapi.dll
0x00007ffb9ead0000 - 0x00007ffb9eaf4000 	C:\Windows\SYSTEM32\profapi.dll
0x00007ffb4c3a0000 - 0x00007ffb4c3b8000 	c:\Users\tangw\.vscode\extensions\redhat.java-1.52.0-win32-x64\jre\21.0.9-win32-x86_64\bin\zip.dll
0x00007ffb7a680000 - 0x00007ffb7a690000 	C:\Users\tangw\.vscode\extensions\redhat.java-1.52.0-win32-x64\jre\21.0.9-win32-x86_64\bin\net.dll
0x00007ffb96540000 - 0x00007ffb9664a000 	C:\Windows\SYSTEM32\WINHTTP.dll
0x00007ffb9e250000 - 0x00007ffb9e2ba000 	C:\Windows\system32\mswsock.dll
0x00007ffb43d00000 - 0x00007ffb43d16000 	C:\Users\tangw\.vscode\extensions\redhat.java-1.52.0-win32-x64\jre\21.0.9-win32-x86_64\bin\nio.dll
0x00007ffb78290000 - 0x00007ffb782a0000 	c:\Users\tangw\.vscode\extensions\redhat.java-1.52.0-win32-x64\jre\21.0.9-win32-x86_64\bin\verify.dll

JVMTI agents:
c:\Users\tangw\.vscode\extensions\redhat.java-1.52.0-win32-x64\lombok\lombok-1.18.39-4050.jar path:c:\Users\tangw\.vscode\extensions\redhat.java-1.52.0-win32-x64\jre\21.0.9-win32-x86_64\bin\instrument.dll, loaded, initialized, instrumentlib options:none

dbghelp: loaded successfully - version: 4.0.5 - missing functions: none
symbol engine: initialized successfully - sym options: 0x614 - pdb path: .;c:\Users\tangw\.vscode\extensions\redhat.java-1.52.0-win32-x64\jre\21.0.9-win32-x86_64\bin;C:\Windows\SYSTEM32;C:\Windows\WinSxS\amd64_microsoft.windows.common-controls_6595b64144ccf1df_6.0.19041.6456_none_60b8a6cb71f64256;c:\Users\tangw\.vscode\extensions\redhat.java-1.52.0-win32-x64\jre\21.0.9-win32-x86_64\bin\server

VM Arguments:
jvm_args: --add-modules=ALL-SYSTEM --add-opens=java.base/java.util=ALL-UNNAMED --add-opens=java.base/java.lang=ALL-UNNAMED --add-opens=java.base/sun.nio.fs=ALL-UNNAMED -Declipse.application=org.eclipse.jdt.ls.core.id1 -Dosgi.bundles.defaultStartLevel=4 -Declipse.product=org.eclipse.jdt.ls.core.product -Djava.import.generatesMetadataFilesAtProjectRoot=false -DDetectVMInstallationsJob.disabled=true -Dfile.encoding=utf8 -XX:+UseParallelGC -XX:GCTimeRatio=4 -XX:AdaptiveSizePolicyWeight=90 -Dsun.zip.disableMemoryMapping=true -Xmx2G -Xms100m -Xlog:disable -javaagent:c:\Users\tangw\.vscode\extensions\redhat.java-1.52.0-win32-x64\lombok\lombok-1.18.39-4050.jar 
java_command: c:\Users\tangw\.vscode\extensions\redhat.java-1.52.0-win32-x64\server\plugins\org.eclipse.equinox.launcher_1.7.100.v20251111-0406.jar -configuration c:\Users\tangw\AppData\Roaming\Code\User\globalStorage\redhat.java\1.52.0\config_ss_win -data c:\Users\tangw\AppData\Roaming\Code\User\workspaceStorage\43cfbb8d6b8d628d0c8d492a5cc49a36\redhat.java\ss_ws --pipe=\\.\pipe\lsp-8645183facccbe837cc4341ecf5468ab-sock
java_class_path (initial): c:\Users\tangw\.vscode\extensions\redhat.java-1.52.0-win32-x64\server\plugins\org.eclipse.equinox.launcher_1.7.100.v20251111-0406.jar
Launcher Type: SUN_STANDARD

[Global flags]
    uintx AdaptiveSizePolicyWeight                 = 90                                        {product} {command line}
     intx CICompilerCount                          = 4                                         {product} {ergonomic}
    uintx GCTimeRatio                              = 4                                         {product} {command line}
   size_t InitialHeapSize                          = 104857600                                 {product} {command line}
   size_t MaxHeapSize                              = 2147483648                                {product} {command line}
   size_t MaxNewSize                               = 715653120                                 {product} {ergonomic}
   size_t MinHeapDeltaBytes                        = 524288                                    {product} {ergonomic}
   size_t MinHeapSize                              = 104857600                                 {product} {command line}
   size_t NewSize                                  = 34603008                                  {product} {ergonomic}
    uintx NonNMethodCodeHeapSize                   = 5839372                                {pd product} {ergonomic}
    uintx NonProfiledCodeHeapSize                  = 122909434                              {pd product} {ergonomic}
   size_t OldSize                                  = 70254592                                  {product} {ergonomic}
    uintx ProfiledCodeHeapSize                     = 122909434                              {pd product} {ergonomic}
    uintx ReservedCodeCacheSize                    = 251658240                              {pd product} {ergonomic}
     bool SegmentedCodeCache                       = true                                      {product} {ergonomic}
   size_t SoftMaxHeapSize                          = 2147483648                             {manageable} {ergonomic}
     bool UseCompressedOops                        = true                           {product lp64_product} {ergonomic}
     bool UseLargePagesIndividualAllocation        = false                                  {pd product} {ergonomic}
     bool UseParallelGC                            = true                                      {product} {command line}

Logging:
Log output configuration:
 #0: stdout all=off uptime,level,tags foldmultilines=false
 #1: stderr all=off uptime,level,tags foldmultilines=false

Release file:
JAVA_VERSION="21.0.9" 
MODULES="java.base java.compiler java.datatransfer java.xml java.prefs java.desktop java.instrument java.logging java.management java.security.sasl java.naming java.rmi java.management.rmi java.net.http java.scripting java.security.jgss java.transaction.xa java.sql java.sql.rowset java.xml.crypto java.se java.smartcardio jdk.accessibility jdk.internal.jvmstat jdk.attach jdk.charsets jdk.internal.opt jdk.zipfs jdk.compiler jdk.crypto.ec jdk.crypto.cryptoki jdk.crypto.mscapi jdk.dynalink jdk.internal.ed jdk.editpad jdk.hotspot.agent jdk.httpserver jdk.internal.le jdk.internal.vm.ci jdk.internal.vm.compiler jdk.internal.vm.compiler.management jdk.jartool jdk.javadoc jdk.jcmd jdk.management jdk.management.agent jdk.jconsole jdk.jdeps jdk.jdwp.agent jdk.jdi jdk.jfr jdk.jshell jdk.jsobject jdk.jstatd jdk.localedata jdk.management.jfr jdk.naming.dns jdk.naming.rmi jdk.net jdk.nio.mapmode jdk.random jdk.sctp jdk.security.auth jdk.security.jgss jdk.unsupported jdk.unsupported.desktop jdk.xml.dom" 

Environment Variables:
PATH=C:\Users\tangw\.pyenv\pyenv-win\bin;C:\Program Files\Common Files\Oracle\Java\javapath;C:\Program Files (x86)\Common Files\Oracle\Java\javapath;C:\Windows\system32;C:\Windows;C:\Windows\System32\Wbem;C:\Windows\System32\WindowsPowerShell\v1.0\;C:\Windows\System32\OpenSSH\;C:\Program Files (x86)\NVIDIA Corporation\PhysX\Common;C:\Program Files\NVIDIA Corporation\NVIDIA NvDLISR;C:\Windows\system32;C:\Windows;C:\Windows\System32\Wbem;C:\Windows\System32\WindowsPowerShell\v1.0\;C:\Windows\System32\OpenSSH\;C:\Program Files\Git\cmd;C:\Users\tangw\AppData\Local\Programs\Python\Python312;C:\Users\tangw\AppData\Local\Programs\Python\Python312\Scripts;C:\ProgramData\chocolatey\bin;C:\Users\tangw\AppData\Roaming\npm;C:\Program Files\Amazon\AWSCLIV2\;C:\Program Files\dotnet\;C:\Program Files (x86)\cloudflared\;C:\Program Files\NVIDIA Corporation\NVIDIA App\NvDLISR;C:\Program Files (x86)\NoteBook FanControl\;C:\Program Files\CMake\bin;C:\Program Files (x86)\Intel\oneAPI\compiler\2025.1\bin;C:\Program Files\Microsoft Visual Studio\2022\Community\Common7\IDE\;C:\Program Files (x86)\Windows Kits\10\Windows Performance Toolkit\;C:\msys64\mingw64\bin;C:\Program Files\Microsoft Visual Studio\2022\Community\VC\Tools\MSVC\14.44.35207\bin\Hostx64\x64;C:\Program Files\HDF_Group\HDF5\1.14.6\bin\;C:\Program Files (x86)\openmc\bin;C:\Program Files (x86)\njoy\bin;C:\swig;C:\swig\vcpkg;C:\Program Files\7-Zip;C:\Program Files\Vim\vim91;C:\Program Files\nodejs20\;C:\Program Files\Docker\Docker\resources\bin;C:\Program Files\GitHub CLI\;C:\Users\tangw\.pyenv\pyenv-win\bin;C:\Users\tangw\.pyenv\pyenv-win\shims;C:\Users\tangw\AppData\Local\Programs\Python\Launcher\;C:\Users\tangw\AppData\Local\Microsoft\WindowsApps;C:\Users\tangw\AppData\Local\Programs\Microsoft VS Code\bin;C:\Program Files (x86)\Nmap;C:\Users\tangw\AppData\Local\Microsoft\WinGet\Links;C:\Users\tangw\AppData\Roaming\npm;C:\Program Files\nodejs20;C:\Users\tangw\AppData\Local\Programs\mongosh\
USERNAME=admin
OS=Windows_NT
PROCESSOR_IDENTIFIER=Intel64 Family 6 Model 165 Stepping 2, GenuineIntel
TMP=C:\Users\tangw\AppData\Local\Temp
TEMP=C:\Users\tangw\AppData\Local\Temp




Periodic native trim disabled

---------------  S Y S T E M  ---------------

OS:
 Windows 10 , 64 bit Build 19041 (10.0.19041.5915)
OS uptime: 0 days 8:44 hours
Hyper-V role detected

CPU: total 8 (initial active 8) (4 cores per cpu, 2 threads per core) family 6 model 165 stepping 2 microcode 0xc8, cx8, cmov, fxsr, ht, mmx, 3dnowpref, sse, sse2, sse3, ssse3, sse4.1, sse4.2, popcnt, lzcnt, tsc, tscinvbit, avx, avx2, aes, erms, clmul, bmi1, bmi2, adx, fma, vzeroupper, clflush, clflushopt, hv, rdtscp, f16c
Processor Information for the first 8 processors :
  Max Mhz: 2496, Current Mhz: 2496, Mhz Limit: 2496

Memory: 4k page, system-wide physical 24412M (1011M free)
TotalPageFile size 35739M (AvailPageFile size 39M)
current process WorkingSet (physical memory assigned to process): 83M, peak: 83M
current process commit charge ("private bytes"): 237M, peak: 237M

vm_info: OpenJDK 64-Bit Server VM (21.0.9+10-LTS) for windows-amd64 JRE (21.0.9+10-LTS), built on 2025-10-21T00:00:00Z by "admin" with unknown MS VC++:1942

END.
