#
# There is insufficient memory for the Java Runtime Environment to continue.
# Native memory allocation (malloc) failed to allocate 786256 bytes. Error detail: Chunk::new
# Possible reasons:
#   The system is out of physical RAM or swap space
#   This process is running with CompressedOops enabled, and the Java Heap may be blocking the growth of the native heap
# Possible solutions:
#   Reduce memory load on the system
#   Increase physical memory or swap space
#   Check if swap backing store is full
#   Decrease Java heap size (-Xmx/-Xms)
#   Decrease number of Java threads
#   Decrease Java thread stack sizes (-Xss)
#   Set larger code cache with -XX:ReservedCodeCacheSize=
#   JVM is running with Unscaled Compressed Oops mode in which the Java heap is
#     placed in the first 4GB address space. The Java Heap base address is the
#     maximum limit for the native heap growth. Please use -XX:HeapBaseMinAddress
#     to set the Java Heap base and to place the Java Heap above 4GB virtual address.
# This output file may be truncated or incomplete.
#
#  Out of Memory Error (arena.cpp:168), pid=121436, tid=131388
#
# JRE version: OpenJDK Runtime Environment Temurin-21.0.9+10 (21.0.9+10) (build 21.0.9+10-LTS)
# Java VM: OpenJDK 64-Bit Server VM Temurin-21.0.9+10 (21.0.9+10-LTS, mixed mode, sharing, tiered, compressed oops, compressed class ptrs, parallel gc, windows-amd64)
# No core dump will be written. Minidumps are not enabled by default on client versions of Windows
#

---------------  S U M M A R Y ------------

Command Line: --add-modules=ALL-SYSTEM --add-opens=java.base/java.util=ALL-UNNAMED --add-opens=java.base/java.lang=ALL-UNNAMED --add-opens=java.base/sun.nio.fs=ALL-UNNAMED -Declipse.application=org.eclipse.jdt.ls.core.id1 -Dosgi.bundles.defaultStartLevel=4 -Declipse.product=org.eclipse.jdt.ls.core.product -Djava.import.generatesMetadataFilesAtProjectRoot=false -DDetectVMInstallationsJob.disabled=true -Dfile.encoding=utf8 -XX:+UseParallelGC -XX:GCTimeRatio=4 -XX:AdaptiveSizePolicyWeight=90 -Dsun.zip.disableMemoryMapping=true -Xmx2G -Xms100m -Xlog:disable -javaagent:c:\Users\tangw\.vscode\extensions\redhat.java-1.52.0-win32-x64\lombok\lombok-1.18.39-4050.jar -XX:+HeapDumpOnOutOfMemoryError -XX:HeapDumpPath=c:\Users\tangw\AppData\Roaming\Code\User\workspaceStorage\43cfbb8d6b8d628d0c8d492a5cc49a36\redhat.java -Daether.dependencyCollector.impl=bf c:\Users\tangw\.vscode\extensions\redhat.java-1.52.0-win32-x64\server\plugins\org.eclipse.equinox.launcher_1.7.100.v20251111-0406.jar -configuration c:\Users\tangw\AppData\Roaming\Code\User\globalStorage\redhat.java\1.52.0\config_win -data c:\Users\tangw\AppData\Roaming\Code\User\workspaceStorage\43cfbb8d6b8d628d0c8d492a5cc49a36\redhat.java\jdt_ws --pipe=\\.\pipe\lsp-035af1c889cf422eb6c0407a25d0906b-sock

Host: Intel(R) Core(TM) i5-10300H CPU @ 2.50GHz, 8 cores, 23G,  Windows 10 , 64 bit Build 19041 (10.0.19041.5915)
Time: Thu Feb 19 19:36:42 2026 SE Asia Standard Time elapsed time: 22.212296 seconds (0d 0h 0m 22s)

---------------  T H R E A D  ---------------

Current thread (0x000001ea257683e0):  JavaThread "C2 CompilerThread0" daemon [_thread_in_native, id=131388, stack(0x000000a39d000000,0x000000a39d100000) (1024K)]


Current CompileTask:
C2:22212 7098   !   4       java.nio.file.FileTreeWalker::next (144 bytes)

Stack: [0x000000a39d000000,0x000000a39d100000]
Native frames: (J=compiled Java code, j=interpreted, Vv=VM code, C=native code)
V  [jvm.dll+0x6d6e29]
V  [jvm.dll+0x8b4b76]
V  [jvm.dll+0x8b712e]
V  [jvm.dll+0x8b7813]
V  [jvm.dll+0x283d86]
V  [jvm.dll+0xc66ed]
V  [jvm.dll+0xc6c31]
V  [jvm.dll+0x3be501]
V  [jvm.dll+0x1e3b52]
V  [jvm.dll+0x24c0f3]
V  [jvm.dll+0x24b580]
V  [jvm.dll+0x1cb13e]
V  [jvm.dll+0x25b29d]
V  [jvm.dll+0x25982a]
V  [jvm.dll+0x3f7ea6]
V  [jvm.dll+0x85e9ad]
V  [jvm.dll+0x6d565d]
C  [ucrtbase.dll+0x21bb2]
C  [KERNEL32.DLL+0x17374]
C  [ntdll.dll+0x4cc91]


---------------  P R O C E S S  ---------------

Threads class SMR info:
_java_thread_list=0x000001ea6fac50e0, length=45, elements={
0x000001ea0ecf24c0, 0x000001ea2575ce30, 0x000001ea2575e690, 0x000001ea25760170,
0x000001ea25764fa0, 0x000001ea25766b60, 0x000001ea257675b0, 0x000001ea257683e0,
0x000001ea2579d700, 0x000001ea68251c50, 0x000001ea68374990, 0x000001ea688a5bf0,
0x000001ea68cfbd40, 0x000001ea6d037fd0, 0x000001ea6d0d8df0, 0x000001ea6d374ac0,
0x000001ea68b45940, 0x000001ea6d62e430, 0x000001ea6d62fe70, 0x000001ea6d62f150,
0x000001ea6d62eac0, 0x000001ea6d62dda0, 0x000001ea6d630500, 0x000001ea6d630b90,
0x000001ea6d62d710, 0x000001ea6f3875b0, 0x000001ea6f38d190, 0x000001ea6f38d820,
0x000001ea6f388ff0, 0x000001ea6f38deb0, 0x000001ea6f38bde0, 0x000001ea6f389d10,
0x000001ea6f387c40, 0x000001ea6f38cb00, 0x000001ea6f3882d0, 0x000001ea6f38e540,
0x000001ea6f38b750, 0x000001ea6f38a3a0, 0x000001ea6f38b0c0, 0x000001ea6f388960,
0x000001ea6f389680, 0x000001ea6f38aa30, 0x000001ea6f38ebd0, 0x000001ea6f8d1ad0,
0x000001ea25798350
}

Java Threads: ( => current thread )
  0x000001ea0ecf24c0 JavaThread "main"                              [_thread_blocked, id=133540, stack(0x000000a39c600000,0x000000a39c700000) (1024K)]
  0x000001ea2575ce30 JavaThread "Reference Handler"          daemon [_thread_blocked, id=122052, stack(0x000000a39ca00000,0x000000a39cb00000) (1024K)]
  0x000001ea2575e690 JavaThread "Finalizer"                  daemon [_thread_blocked, id=134780, stack(0x000000a39cb00000,0x000000a39cc00000) (1024K)]
  0x000001ea25760170 JavaThread "Signal Dispatcher"          daemon [_thread_blocked, id=133476, stack(0x000000a39cc00000,0x000000a39cd00000) (1024K)]
  0x000001ea25764fa0 JavaThread "Attach Listener"            daemon [_thread_blocked, id=133896, stack(0x000000a39cd00000,0x000000a39ce00000) (1024K)]
  0x000001ea25766b60 JavaThread "Service Thread"             daemon [_thread_blocked, id=118400, stack(0x000000a39ce00000,0x000000a39cf00000) (1024K)]
  0x000001ea257675b0 JavaThread "Monitor Deflation Thread"   daemon [_thread_blocked, id=24828, stack(0x000000a39cf00000,0x000000a39d000000) (1024K)]
=>0x000001ea257683e0 JavaThread "C2 CompilerThread0"         daemon [_thread_in_native, id=131388, stack(0x000000a39d000000,0x000000a39d100000) (1024K)]
  0x000001ea2579d700 JavaThread "C1 CompilerThread0"         daemon [_thread_blocked, id=16504, stack(0x000000a39d100000,0x000000a39d200000) (1024K)]
  0x000001ea68251c50 JavaThread "Common-Cleaner"             daemon [_thread_blocked, id=133652, stack(0x000000a39d200000,0x000000a39d300000) (1024K)]
  0x000001ea68374990 JavaThread "Notification Thread"        daemon [_thread_blocked, id=26736, stack(0x000000a39d300000,0x000000a39d400000) (1024K)]
  0x000001ea688a5bf0 JavaThread "Active Thread: Equinox Container: 0f5fb8d2-b33c-439b-b70d-d5e18ca050a5"        [_thread_blocked, id=133236, stack(0x000000a39db00000,0x000000a39dc00000) (1024K)]
  0x000001ea68cfbd40 JavaThread "Refresh Thread: Equinox Container: 0f5fb8d2-b33c-439b-b70d-d5e18ca050a5" daemon [_thread_blocked, id=126004, stack(0x000000a39dc00000,0x000000a39dd00000) (1024K)]
  0x000001ea6d037fd0 JavaThread "Framework Event Dispatcher: Equinox Container: 0f5fb8d2-b33c-439b-b70d-d5e18ca050a5" daemon [_thread_blocked, id=133172, stack(0x000000a39dd00000,0x000000a39de00000) (1024K)]
  0x000001ea6d0d8df0 JavaThread "Start Level: Equinox Container: 0f5fb8d2-b33c-439b-b70d-d5e18ca050a5" daemon [_thread_blocked, id=3308, stack(0x000000a39de00000,0x000000a39df00000) (1024K)]
  0x000001ea6d374ac0 JavaThread "Bundle File Closer"         daemon [_thread_blocked, id=5416, stack(0x000000a39df00000,0x000000a39e000000) (1024K)]
  0x000001ea68b45940 JavaThread "SCR Component Actor"        daemon [_thread_blocked, id=420, stack(0x000000a39e000000,0x000000a39e100000) (1024K)]
  0x000001ea6d62e430 JavaThread "Worker-JM"                         [_thread_blocked, id=132264, stack(0x000000a39e200000,0x000000a39e300000) (1024K)]
  0x000001ea6d62fe70 JavaThread "JNA Cleaner"                daemon [_thread_blocked, id=24960, stack(0x000000a39e100000,0x000000a39e200000) (1024K)]
  0x000001ea6d62f150 JavaThread "Worker-0"                          [_thread_blocked, id=118728, stack(0x000000a39e300000,0x000000a39e400000) (1024K)]
  0x000001ea6d62eac0 JavaThread "Worker-1"                          [_thread_blocked, id=104988, stack(0x000000a39e400000,0x000000a39e500000) (1024K)]
  0x000001ea6d62dda0 JavaThread "Worker-2: Initialize Workspace"        [_thread_blocked, id=18364, stack(0x000000a39e600000,0x000000a39e700000) (1024K)]
  0x000001ea6d630500 JavaThread "Worker-3"                          [_thread_blocked, id=135056, stack(0x000000a39e700000,0x000000a39e800000) (1024K)]
  0x000001ea6d630b90 JavaThread "Java indexing"              daemon [_thread_blocked, id=132876, stack(0x000000a39e800000,0x000000a39e900000) (1024K)]
  0x000001ea6d62d710 JavaThread "Worker-4"                          [_thread_blocked, id=19956, stack(0x000000a39e900000,0x000000a39ea00000) (1024K)]
  0x000001ea6f3875b0 JavaThread "Worker-5: Updating workspace"        [_thread_in_Java, id=6896, stack(0x000000a39ea00000,0x000000a39eb00000) (1024K)]
  0x000001ea6f38d190 JavaThread "Thread-1"                   daemon [_thread_in_native, id=11108, stack(0x000000a39eb00000,0x000000a39ec00000) (1024K)]
  0x000001ea6f38d820 JavaThread "Thread-2"                   daemon [_thread_in_native, id=132480, stack(0x000000a39ec00000,0x000000a39ed00000) (1024K)]
  0x000001ea6f388ff0 JavaThread "Thread-3"                   daemon [_thread_in_native, id=3048, stack(0x000000a39ed00000,0x000000a39ee00000) (1024K)]
  0x000001ea6f38deb0 JavaThread "Thread-4"                   daemon [_thread_in_native, id=12032, stack(0x000000a39ee00000,0x000000a39ef00000) (1024K)]
  0x000001ea6f38bde0 JavaThread "Thread-5"                   daemon [_thread_in_native, id=133920, stack(0x000000a39ef00000,0x000000a39f000000) (1024K)]
  0x000001ea6f389d10 JavaThread "Thread-6"                   daemon [_thread_in_native, id=133240, stack(0x000000a39f000000,0x000000a39f100000) (1024K)]
  0x000001ea6f387c40 JavaThread "Thread-7"                   daemon [_thread_in_native, id=118172, stack(0x000000a39f100000,0x000000a39f200000) (1024K)]
  0x000001ea6f38cb00 JavaThread "Thread-8"                   daemon [_thread_in_native, id=7952, stack(0x000000a39f200000,0x000000a39f300000) (1024K)]
  0x000001ea6f3882d0 JavaThread "Thread-9"                   daemon [_thread_in_native, id=15464, stack(0x000000a39f300000,0x000000a39f400000) (1024K)]
  0x000001ea6f38e540 JavaThread "pool-2-thread-1"                   [_thread_blocked, id=120836, stack(0x000000a39f400000,0x000000a39f500000) (1024K)]
  0x000001ea6f38b750 JavaThread "WorkspaceEventsHandler"            [_thread_blocked, id=131908, stack(0x000000a39f500000,0x000000a39f600000) (1024K)]
  0x000001ea6f38a3a0 JavaThread "pool-1-thread-1"                   [_thread_blocked, id=13324, stack(0x000000a39f600000,0x000000a39f700000) (1024K)]
  0x000001ea6f38b0c0 JavaThread "ForkJoinPool.commonPool-worker-1" daemon [_thread_blocked, id=8076, stack(0x000000a39e500000,0x000000a39e600000) (1024K)]
  0x000001ea6f388960 JavaThread "ForkJoinPool.commonPool-worker-2" daemon [_thread_blocked, id=133980, stack(0x000000a39f700000,0x000000a39f800000) (1024K)]
  0x000001ea6f389680 JavaThread "ForkJoinPool.commonPool-worker-3" daemon [_thread_blocked, id=135032, stack(0x000000a39f800000,0x000000a39f900000) (1024K)]
  0x000001ea6f38aa30 JavaThread "ForkJoinPool.commonPool-worker-4" daemon [_thread_blocked, id=24004, stack(0x000000a39f900000,0x000000a39fa00000) (1024K)]
  0x000001ea6f38ebd0 JavaThread "ForkJoinPool.commonPool-worker-5" daemon [_thread_blocked, id=133784, stack(0x000000a39fa00000,0x000000a39fb00000) (1024K)]
  0x000001ea6f8d1ad0 JavaThread "pool-3-thread-1"                   [_thread_blocked, id=135280, stack(0x000000a39fb00000,0x000000a39fc00000) (1024K)]
  0x000001ea25798350 JavaThread "C2 CompilerThread1"         daemon [_thread_in_native, id=9596, stack(0x000000a39fc00000,0x000000a39fd00000) (1024K)]
Total: 45

Other Threads:
  0x000001ea257424e0 VMThread "VM Thread"                           [id=17208, stack(0x000000a39c900000,0x000000a39ca00000) (1024K)]
  0x000001ea0ed57ef0 WatcherThread "VM Periodic Task Thread"        [id=2504, stack(0x000000a39c800000,0x000000a39c900000) (1024K)]
  0x000001ea0ed07dd0 WorkerThread "GC Thread#0"                     [id=111496, stack(0x000000a39c700000,0x000000a39c800000) (1024K)]
  0x000001ea68c75f50 WorkerThread "GC Thread#1"                     [id=134788, stack(0x000000a39d500000,0x000000a39d600000) (1024K)]
  0x000001ea68c762f0 WorkerThread "GC Thread#2"                     [id=84912, stack(0x000000a39d600000,0x000000a39d700000) (1024K)]
  0x000001ea68c94e70 WorkerThread "GC Thread#3"                     [id=134592, stack(0x000000a39d700000,0x000000a39d800000) (1024K)]
  0x000001ea68c95210 WorkerThread "GC Thread#4"                     [id=115780, stack(0x000000a39d800000,0x000000a39d900000) (1024K)]
  0x000001ea68c955b0 WorkerThread "GC Thread#5"                     [id=133116, stack(0x000000a39d900000,0x000000a39da00000) (1024K)]
  0x000001ea68c95950 WorkerThread "GC Thread#6"                     [id=135076, stack(0x000000a39da00000,0x000000a39db00000) (1024K)]
  0x000001ea6d14f570 WorkerThread "GC Thread#7"                     [id=2276, stack(0x000000a39d400000,0x000000a39d500000) (1024K)]
Total: 10

Threads with active compile tasks:
C2 CompilerThread0  22273 7098   !   4       java.nio.file.FileTreeWalker::next (144 bytes)
C2 CompilerThread1  22273 7169   !   4       java.nio.file.FileTreeWalker::visit (204 bytes)
Total: 2

VM state: not at safepoint (normal execution)

VM Mutex/Monitor currently owned by a thread:  ([mutex/lock_event])
[0x00007ffa959dd5f0] Compile_lock - owner thread: 0x0000000000000000

Heap address: 0x0000000080000000, size: 2048 MB, Compressed Oops mode: 32-bit

CDS archive(s) mapped at: [0x000001ea26000000-0x000001ea26ba0000-0x000001ea26ba0000), size 12189696, SharedBaseAddress: 0x000001ea26000000, ArchiveRelocationMode: 1.
Compressed class space mapped at: 0x000001ea27000000-0x000001ea67000000, reserved size: 1073741824
Narrow klass base: 0x000001ea26000000, Narrow klass shift: 0, Narrow klass range: 0x100000000

GC Precious Log:
 CardTable entry size: 512
 CPUs: 8 total, 8 available
 Memory: 24412M
 Large Page Support: Disabled
 NUMA Support: Disabled
 Compressed Oops: Enabled (32-bit)
 Alignments: Space 512K, Generation 512K, Heap 2M
 Heap Min Capacity: 100M
 Heap Initial Capacity: 100M
 Heap Max Capacity: 2G
 Pre-touch: Disabled
 Parallel Workers: 8

Heap:
 PSYoungGen      total 22528K, used 6743K [0x00000000d5580000, 0x00000000d6e00000, 0x0000000100000000)
  eden space 19968K, 23% used [0x00000000d5580000,0x00000000d5a157a8,0x00000000d6900000)
  from space 2560K, 80% used [0x00000000d6b80000,0x00000000d6d80820,0x00000000d6e00000)
  to   space 2560K, 0% used [0x00000000d6900000,0x00000000d6900000,0x00000000d6b80000)
 ParOldGen       total 68608K, used 29674K [0x0000000080000000, 0x0000000084300000, 0x00000000d5580000)
  object space 68608K, 43% used [0x0000000080000000,0x0000000081cfa830,0x0000000084300000)
 Metaspace       used 48112K, committed 49344K, reserved 1114112K
  class space    used 5228K, committed 5760K, reserved 1048576K

Card table byte_map: [0x000001ea0e6c0000,0x000001ea0ead0000] _byte_map_base: 0x000001ea0e2c0000

Marking Bits: (ParMarkBitMap*) 0x00007ffa959e2460
 Begin Bits: [0x000001ea211a0000, 0x000001ea231a0000)
 End Bits:   [0x000001ea231a0000, 0x000001ea251a0000)

Polling page: 0x000001ea0e4b0000

Metaspace:

Usage:
  Non-class:     41.88 MB used.
      Class:      5.11 MB used.
       Both:     46.98 MB used.

Virtual space:
  Non-class space:       64.00 MB reserved,      42.56 MB ( 67%) committed,  1 nodes.
      Class space:        1.00 GB reserved,       5.62 MB ( <1%) committed,  1 nodes.
             Both:        1.06 GB reserved,      48.19 MB (  4%) committed. 

Chunk freelists:
   Non-Class:  4.80 MB
       Class:  10.39 MB
        Both:  15.19 MB

MaxMetaspaceSize: unlimited
CompressedClassSpaceSize: 1.00 GB
Initial GC threshold: 21.00 MB
Current GC threshold: 58.38 MB
CDS: on
 - commit_granule_bytes: 65536.
 - commit_granule_words: 8192.
 - virtual_space_node_default_size: 8388608.
 - enlarge_chunks_in_place: 1.
 - use_allocation_guard: 0.


Internal statistics:

num_allocs_failed_limit: 6.
num_arena_births: 848.
num_arena_deaths: 14.
num_vsnodes_births: 2.
num_vsnodes_deaths: 0.
num_space_committed: 771.
num_space_uncommitted: 0.
num_chunks_returned_to_freelist: 20.
num_chunks_taken_from_freelist: 2967.
num_chunk_merges: 12.
num_chunk_splits: 1872.
num_chunks_enlarged: 1105.
num_inconsistent_stats: 0.

CodeHeap 'non-profiled nmethods': size=120000Kb used=3453Kb max_used=3453Kb free=116547Kb
 bounds [0x000001ea199c0000, 0x000001ea19d20000, 0x000001ea20ef0000]
CodeHeap 'profiled nmethods': size=120000Kb used=13506Kb max_used=13506Kb free=106494Kb
 bounds [0x000001ea11ef0000, 0x000001ea12c30000, 0x000001ea19420000]
CodeHeap 'non-nmethods': size=5760Kb used=1373Kb max_used=1445Kb free=4386Kb
 bounds [0x000001ea19420000, 0x000001ea19690000, 0x000001ea199c0000]
CodeCache: size=245760Kb, used=18332Kb, max_used=18404Kb, free=227427Kb
 total_blobs=7283, nmethods=6610, adapters=579, full_count=0
Compilation: enabled, stopped_count=0, restarted_count=0

Compilation events (20 events):
Event: 22.166 Thread 0x000001ea25798350 nmethod 7131 0x000001ea19d14110 code [0x000001ea19d14320, 0x000001ea19d14aa0]
Event: 22.166 Thread 0x000001ea25798350 7110       4       jdk.internal.jimage.ImageReader$SharedImageReader::makeDirectories (54 bytes)
Event: 22.168 Thread 0x000001ea2579d700 7156       3       org.eclipse.jdt.internal.compiler.parser.Scanner::scanIdentifierOrKeywordWithBoundCheck (198 bytes)
Event: 22.168 Thread 0x000001ea2579d700 nmethod 7156 0x000001ea12c1b590 code [0x000001ea12c1b7c0, 0x000001ea12c1be90]
Event: 22.174 Thread 0x000001ea2579d700 7159       3       jdk.internal.jimage.ImageReader$SharedImageReader::handleModulesSubTree (56 bytes)
Event: 22.174 Thread 0x000001ea2579d700 nmethod 7159 0x000001ea12c1c090 code [0x000001ea12c1c2a0, 0x000001ea12c1c920]
Event: 22.176 Thread 0x000001ea2579d700 7160  s    3       org.eclipse.jdt.core.JavaConventions::scannedIdentifier (9 bytes)
Event: 22.176 Thread 0x000001ea2579d700 nmethod 7160 0x000001ea12c1cc10 code [0x000001ea12c1cdc0, 0x000001ea12c1cfb8]
Event: 22.176 Thread 0x000001ea2579d700 7161  s!   3       org.eclipse.jdt.core.JavaConventions::scannedIdentifier (147 bytes)
Event: 22.177 Thread 0x000001ea2579d700 nmethod 7161 0x000001ea12c1d090 code [0x000001ea12c1d360, 0x000001ea12c1deb0]
Event: 22.177 Thread 0x000001ea2579d700 7162       3       org.eclipse.jdt.internal.core.JrtPackageFragmentRoot$1::visitPackage (14 bytes)
Event: 22.178 Thread 0x000001ea2579d700 nmethod 7162 0x000001ea12c1e290 code [0x000001ea12c1e460, 0x000001ea12c1e7d0]
Event: 22.179 Thread 0x000001ea2579d700 7164       3       org.eclipse.jdt.core.JavaConventions::validateIdentifier (33 bytes)
Event: 22.180 Thread 0x000001ea2579d700 nmethod 7164 0x000001ea12c1e890 code [0x000001ea12c1ea60, 0x000001ea12c1ecf8]
Event: 22.190 Thread 0x000001ea2579d700 7166       3       org.eclipse.jdt.ls.core.internal.handlers.InitHandler$1::belongsTo (75 bytes)
Event: 22.191 Thread 0x000001ea2579d700 nmethod 7166 0x000001ea12c1ee10 code [0x000001ea12c1f080, 0x000001ea12c1faa8]
Event: 22.195 Thread 0x000001ea25798350 nmethod 7110 0x000001ea19d15110 code [0x000001ea19d153e0, 0x000001ea19d16730]
Event: 22.195 Thread 0x000001ea25798350 7119       4       java.util.stream.StreamSpliterators$AbstractWrappingSpliterator::fillBuffer (64 bytes)
Event: 22.202 Thread 0x000001ea25798350 nmethod 7119 0x000001ea19d17490 code [0x000001ea19d176a0, 0x000001ea19d17ba8]
Event: 22.202 Thread 0x000001ea25798350 7137       4       org.eclipse.jdt.internal.core.util.WeakHashSet::addValue (99 bytes)

GC Heap History (20 events):
Event: 8.792 GC heap before
{Heap before GC invocations=14 (full 1):
 PSYoungGen      total 23040K, used 17978K [0x00000000d5580000, 0x00000000d7180000, 0x0000000100000000)
  eden space 22016K, 77% used [0x00000000d5580000,0x00000000d66136a8,0x00000000d6b00000)
  from space 1024K, 98% used [0x00000000d7080000,0x00000000d717b460,0x00000000d7180000)
  to   space 2560K, 0% used [0x00000000d6c80000,0x00000000d6c80000,0x00000000d6f00000)
 ParOldGen       total 68608K, used 17078K [0x0000000080000000, 0x0000000084300000, 0x00000000d5580000)
  object space 68608K, 24% used [0x0000000080000000,0x00000000810adb90,0x0000000084300000)
 Metaspace       used 34833K, committed 35840K, reserved 1114112K
  class space    used 3632K, committed 4096K, reserved 1048576K
}
Event: 8.794 GC heap after
{Heap after GC invocations=14 (full 1):
 PSYoungGen      total 24576K, used 845K [0x00000000d5580000, 0x00000000d7100000, 0x0000000100000000)
  eden space 22016K, 0% used [0x00000000d5580000,0x00000000d5580000,0x00000000d6b00000)
  from space 2560K, 33% used [0x00000000d6c80000,0x00000000d6d53520,0x00000000d6f00000)
  to   space 1536K, 0% used [0x00000000d6f80000,0x00000000d6f80000,0x00000000d7100000)
 ParOldGen       total 68608K, used 17909K [0x0000000080000000, 0x0000000084300000, 0x00000000d5580000)
  object space 68608K, 26% used [0x0000000080000000,0x000000008117d660,0x0000000084300000)
 Metaspace       used 34833K, committed 35840K, reserved 1114112K
  class space    used 3632K, committed 4096K, reserved 1048576K
}
Event: 8.794 GC heap before
{Heap before GC invocations=15 (full 2):
 PSYoungGen      total 24576K, used 845K [0x00000000d5580000, 0x00000000d7100000, 0x0000000100000000)
  eden space 22016K, 0% used [0x00000000d5580000,0x00000000d5580000,0x00000000d6b00000)
  from space 2560K, 33% used [0x00000000d6c80000,0x00000000d6d53520,0x00000000d6f00000)
  to   space 1536K, 0% used [0x00000000d6f80000,0x00000000d6f80000,0x00000000d7100000)
 ParOldGen       total 68608K, used 17909K [0x0000000080000000, 0x0000000084300000, 0x00000000d5580000)
  object space 68608K, 26% used [0x0000000080000000,0x000000008117d660,0x0000000084300000)
 Metaspace       used 34833K, committed 35840K, reserved 1114112K
  class space    used 3632K, committed 4096K, reserved 1048576K
}
Event: 8.832 GC heap after
{Heap after GC invocations=15 (full 2):
 PSYoungGen      total 24576K, used 0K [0x00000000d5580000, 0x00000000d7100000, 0x0000000100000000)
  eden space 22016K, 0% used [0x00000000d5580000,0x00000000d5580000,0x00000000d6b00000)
  from space 2560K, 0% used [0x00000000d6c80000,0x00000000d6c80000,0x00000000d6f00000)
  to   space 1536K, 0% used [0x00000000d6f80000,0x00000000d6f80000,0x00000000d7100000)
 ParOldGen       total 68608K, used 17789K [0x0000000080000000, 0x0000000084300000, 0x00000000d5580000)
  object space 68608K, 25% used [0x0000000080000000,0x000000008115f710,0x0000000084300000)
 Metaspace       used 34833K, committed 35840K, reserved 1114112K
  class space    used 3632K, committed 4096K, reserved 1048576K
}
Event: 9.037 GC heap before
{Heap before GC invocations=16 (full 2):
 PSYoungGen      total 24576K, used 22014K [0x00000000d5580000, 0x00000000d7100000, 0x0000000100000000)
  eden space 22016K, 99% used [0x00000000d5580000,0x00000000d6aff8a0,0x00000000d6b00000)
  from space 2560K, 0% used [0x00000000d6c80000,0x00000000d6c80000,0x00000000d6f00000)
  to   space 1536K, 0% used [0x00000000d6f80000,0x00000000d6f80000,0x00000000d7100000)
 ParOldGen       total 68608K, used 17789K [0x0000000080000000, 0x0000000084300000, 0x00000000d5580000)
  object space 68608K, 25% used [0x0000000080000000,0x000000008115f710,0x0000000084300000)
 Metaspace       used 37419K, committed 38464K, reserved 1114112K
  class space    used 3958K, committed 4416K, reserved 1048576K
}
Event: 9.039 GC heap after
{Heap after GC invocations=16 (full 2):
 PSYoungGen      total 23552K, used 1453K [0x00000000d5580000, 0x00000000d7100000, 0x0000000100000000)
  eden space 22016K, 0% used [0x00000000d5580000,0x00000000d5580000,0x00000000d6b00000)
  from space 1536K, 94% used [0x00000000d6f80000,0x00000000d70eb720,0x00000000d7100000)
  to   space 2048K, 0% used [0x00000000d6d00000,0x00000000d6d00000,0x00000000d6f00000)
 ParOldGen       total 68608K, used 17797K [0x0000000080000000, 0x0000000084300000, 0x00000000d5580000)
  object space 68608K, 25% used [0x0000000080000000,0x0000000081161710,0x0000000084300000)
 Metaspace       used 37419K, committed 38464K, reserved 1114112K
  class space    used 3958K, committed 4416K, reserved 1048576K
}
Event: 9.485 GC heap before
{Heap before GC invocations=17 (full 2):
 PSYoungGen      total 23552K, used 23469K [0x00000000d5580000, 0x00000000d7100000, 0x0000000100000000)
  eden space 22016K, 100% used [0x00000000d5580000,0x00000000d6b00000,0x00000000d6b00000)
  from space 1536K, 94% used [0x00000000d6f80000,0x00000000d70eb720,0x00000000d7100000)
  to   space 2048K, 0% used [0x00000000d6d00000,0x00000000d6d00000,0x00000000d6f00000)
 ParOldGen       total 68608K, used 17797K [0x0000000080000000, 0x0000000084300000, 0x00000000d5580000)
  object space 68608K, 25% used [0x0000000080000000,0x0000000081161710,0x0000000084300000)
 Metaspace       used 39846K, committed 40896K, reserved 1114112K
  class space    used 4273K, committed 4736K, reserved 1048576K
}
Event: 9.488 GC heap after
{Heap after GC invocations=17 (full 2):
 PSYoungGen      total 24064K, used 2028K [0x00000000d5580000, 0x00000000d7200000, 0x0000000100000000)
  eden space 22016K, 0% used [0x00000000d5580000,0x00000000d5580000,0x00000000d6b00000)
  from space 2048K, 99% used [0x00000000d6d00000,0x00000000d6efb260,0x00000000d6f00000)
  to   space 3072K, 0% used [0x00000000d6f00000,0x00000000d6f00000,0x00000000d7200000)
 ParOldGen       total 68608K, used 18965K [0x0000000080000000, 0x0000000084300000, 0x00000000d5580000)
  object space 68608K, 27% used [0x0000000080000000,0x0000000081285570,0x0000000084300000)
 Metaspace       used 39846K, committed 40896K, reserved 1114112K
  class space    used 4273K, committed 4736K, reserved 1048576K
}
Event: 10.137 GC heap before
{Heap before GC invocations=18 (full 2):
 PSYoungGen      total 24064K, used 24044K [0x00000000d5580000, 0x00000000d7200000, 0x0000000100000000)
  eden space 22016K, 100% used [0x00000000d5580000,0x00000000d6b00000,0x00000000d6b00000)
  from space 2048K, 99% used [0x00000000d6d00000,0x00000000d6efb260,0x00000000d6f00000)
  to   space 3072K, 0% used [0x00000000d6f00000,0x00000000d6f00000,0x00000000d7200000)
 ParOldGen       total 68608K, used 18965K [0x0000000080000000, 0x0000000084300000, 0x00000000d5580000)
  object space 68608K, 27% used [0x0000000080000000,0x0000000081285570,0x0000000084300000)
 Metaspace       used 41633K, committed 42752K, reserved 1114112K
  class space    used 4504K, committed 4992K, reserved 1048576K
}
Event: 10.141 GC heap after
{Heap after GC invocations=18 (full 2):
 PSYoungGen      total 24064K, used 1936K [0x00000000d5580000, 0x00000000d7100000, 0x0000000100000000)
  eden space 22016K, 0% used [0x00000000d5580000,0x00000000d5580000,0x00000000d6b00000)
  from space 2048K, 94% used [0x00000000d6f00000,0x00000000d70e4120,0x00000000d7100000)
  to   space 2560K, 0% used [0x00000000d6c00000,0x00000000d6c00000,0x00000000d6e80000)
 ParOldGen       total 68608K, used 20832K [0x0000000080000000, 0x0000000084300000, 0x00000000d5580000)
  object space 68608K, 30% used [0x0000000080000000,0x0000000081458280,0x0000000084300000)
 Metaspace       used 41633K, committed 42752K, reserved 1114112K
  class space    used 4504K, committed 4992K, reserved 1048576K
}
Event: 10.521 GC heap before
{Heap before GC invocations=19 (full 2):
 PSYoungGen      total 24064K, used 23952K [0x00000000d5580000, 0x00000000d7100000, 0x0000000100000000)
  eden space 22016K, 100% used [0x00000000d5580000,0x00000000d6b00000,0x00000000d6b00000)
  from space 2048K, 94% used [0x00000000d6f00000,0x00000000d70e4120,0x00000000d7100000)
  to   space 2560K, 0% used [0x00000000d6c00000,0x00000000d6c00000,0x00000000d6e80000)
 ParOldGen       total 68608K, used 20832K [0x0000000080000000, 0x0000000084300000, 0x00000000d5580000)
  object space 68608K, 30% used [0x0000000080000000,0x0000000081458280,0x0000000084300000)
 Metaspace       used 43169K, committed 44288K, reserved 1114112K
  class space    used 4699K, committed 5184K, reserved 1048576K
}
Event: 10.523 GC heap after
{Heap after GC invocations=19 (full 2):
 PSYoungGen      total 23040K, used 923K [0x00000000d5580000, 0x00000000d6f80000, 0x0000000100000000)
  eden space 22016K, 0% used [0x00000000d5580000,0x00000000d5580000,0x00000000d6b00000)
  from space 1024K, 90% used [0x00000000d6c00000,0x00000000d6ce6e98,0x00000000d6d00000)
  to   space 1536K, 0% used [0x00000000d6e00000,0x00000000d6e00000,0x00000000d6f80000)
 ParOldGen       total 68608K, used 21796K [0x0000000080000000, 0x0000000084300000, 0x00000000d5580000)
  object space 68608K, 31% used [0x0000000080000000,0x00000000815492a0,0x0000000084300000)
 Metaspace       used 43169K, committed 44288K, reserved 1114112K
  class space    used 4699K, committed 5184K, reserved 1048576K
}
Event: 13.824 GC heap before
{Heap before GC invocations=20 (full 2):
 PSYoungGen      total 23040K, used 22939K [0x00000000d5580000, 0x00000000d6f80000, 0x0000000100000000)
  eden space 22016K, 100% used [0x00000000d5580000,0x00000000d6b00000,0x00000000d6b00000)
  from space 1024K, 90% used [0x00000000d6c00000,0x00000000d6ce6e98,0x00000000d6d00000)
  to   space 1536K, 0% used [0x00000000d6e00000,0x00000000d6e00000,0x00000000d6f80000)
 ParOldGen       total 68608K, used 21796K [0x0000000080000000, 0x0000000084300000, 0x00000000d5580000)
  object space 68608K, 31% used [0x0000000080000000,0x00000000815492a0,0x0000000084300000)
 Metaspace       used 45153K, committed 46400K, reserved 1114112K
  class space    used 4923K, committed 5504K, reserved 1048576K
}
Event: 13.828 GC heap after
{Heap after GC invocations=20 (full 2):
 PSYoungGen      total 22528K, used 1536K [0x00000000d5580000, 0x00000000d7300000, 0x0000000100000000)
  eden space 20992K, 0% used [0x00000000d5580000,0x00000000d5580000,0x00000000d6a00000)
  from space 1536K, 100% used [0x00000000d6e00000,0x00000000d6f80000,0x00000000d6f80000)
  to   space 4096K, 0% used [0x00000000d6a00000,0x00000000d6a00000,0x00000000d6e00000)
 ParOldGen       total 68608K, used 23588K [0x0000000080000000, 0x0000000084300000, 0x00000000d5580000)
  object space 68608K, 34% used [0x0000000080000000,0x0000000081709098,0x0000000084300000)
 Metaspace       used 45153K, committed 46400K, reserved 1114112K
  class space    used 4923K, committed 5504K, reserved 1048576K
}
Event: 21.716 GC heap before
{Heap before GC invocations=21 (full 2):
 PSYoungGen      total 22528K, used 22528K [0x00000000d5580000, 0x00000000d7300000, 0x0000000100000000)
  eden space 20992K, 100% used [0x00000000d5580000,0x00000000d6a00000,0x00000000d6a00000)
  from space 1536K, 100% used [0x00000000d6e00000,0x00000000d6f80000,0x00000000d6f80000)
  to   space 4096K, 0% used [0x00000000d6a00000,0x00000000d6a00000,0x00000000d6e00000)
 ParOldGen       total 68608K, used 23588K [0x0000000080000000, 0x0000000084300000, 0x00000000d5580000)
  object space 68608K, 34% used [0x0000000080000000,0x0000000081709098,0x0000000084300000)
 Metaspace       used 47014K, committed 48192K, reserved 1114112K
  class space    used 5114K, committed 5632K, reserved 1048576K
}
Event: 21.720 GC heap after
{Heap after GC invocations=21 (full 2):
 PSYoungGen      total 22016K, used 928K [0x00000000d5580000, 0x00000000d6e80000, 0x0000000100000000)
  eden space 20992K, 0% used [0x00000000d5580000,0x00000000d5580000,0x00000000d6a00000)
  from space 1024K, 90% used [0x00000000d6a00000,0x00000000d6ae8000,0x00000000d6b00000)
  to   space 2048K, 0% used [0x00000000d6c80000,0x00000000d6c80000,0x00000000d6e80000)
 ParOldGen       total 68608K, used 25087K [0x0000000080000000, 0x0000000084300000, 0x00000000d5580000)
  object space 68608K, 36% used [0x0000000080000000,0x000000008187fcd0,0x0000000084300000)
 Metaspace       used 47014K, committed 48192K, reserved 1114112K
  class space    used 5114K, committed 5632K, reserved 1048576K
}
Event: 22.045 GC heap before
{Heap before GC invocations=22 (full 2):
 PSYoungGen      total 22016K, used 21920K [0x00000000d5580000, 0x00000000d6e80000, 0x0000000100000000)
  eden space 20992K, 100% used [0x00000000d5580000,0x00000000d6a00000,0x00000000d6a00000)
  from space 1024K, 90% used [0x00000000d6a00000,0x00000000d6ae8000,0x00000000d6b00000)
  to   space 2048K, 0% used [0x00000000d6c80000,0x00000000d6c80000,0x00000000d6e80000)
 ParOldGen       total 68608K, used 25087K [0x0000000080000000, 0x0000000084300000, 0x00000000d5580000)
  object space 68608K, 36% used [0x0000000080000000,0x000000008187fcd0,0x0000000084300000)
 Metaspace       used 47683K, committed 48896K, reserved 1114112K
  class space    used 5165K, committed 5696K, reserved 1048576K
}
Event: 22.047 GC heap after
{Heap after GC invocations=22 (full 2):
 PSYoungGen      total 22016K, used 2016K [0x00000000d5580000, 0x00000000d7100000, 0x0000000100000000)
  eden space 19968K, 0% used [0x00000000d5580000,0x00000000d5580000,0x00000000d6900000)
  from space 2048K, 98% used [0x00000000d6c80000,0x00000000d6e78030,0x00000000d6e80000)
  to   space 3584K, 0% used [0x00000000d6900000,0x00000000d6900000,0x00000000d6c80000)
 ParOldGen       total 68608K, used 25869K [0x0000000080000000, 0x0000000084300000, 0x00000000d5580000)
  object space 68608K, 37% used [0x0000000080000000,0x00000000819434a8,0x0000000084300000)
 Metaspace       used 47683K, committed 48896K, reserved 1114112K
  class space    used 5165K, committed 5696K, reserved 1048576K
}
Event: 22.124 GC heap before
{Heap before GC invocations=23 (full 2):
 PSYoungGen      total 22016K, used 21984K [0x00000000d5580000, 0x00000000d7100000, 0x0000000100000000)
  eden space 19968K, 100% used [0x00000000d5580000,0x00000000d6900000,0x00000000d6900000)
  from space 2048K, 98% used [0x00000000d6c80000,0x00000000d6e78030,0x00000000d6e80000)
  to   space 3584K, 0% used [0x00000000d6900000,0x00000000d6900000,0x00000000d6c80000)
 ParOldGen       total 68608K, used 25869K [0x0000000080000000, 0x0000000084300000, 0x00000000d5580000)
  object space 68608K, 37% used [0x0000000080000000,0x00000000819434a8,0x0000000084300000)
 Metaspace       used 47720K, committed 48960K, reserved 1114112K
  class space    used 5169K, committed 5696K, reserved 1048576K
}
Event: 22.127 GC heap after
{Heap after GC invocations=23 (full 2):
 PSYoungGen      total 22528K, used 2097K [0x00000000d5580000, 0x00000000d6e00000, 0x0000000100000000)
  eden space 19968K, 0% used [0x00000000d5580000,0x00000000d5580000,0x00000000d6900000)
  from space 2560K, 81% used [0x00000000d6900000,0x00000000d6b0c410,0x00000000d6b80000)
  to   space 2560K, 0% used [0x00000000d6b80000,0x00000000d6b80000,0x00000000d6e00000)
 ParOldGen       total 68608K, used 27778K [0x0000000080000000, 0x0000000084300000, 0x00000000d5580000)
  object space 68608K, 40% used [0x0000000080000000,0x0000000081b20830,0x0000000084300000)
 Metaspace       used 47720K, committed 48960K, reserved 1114112K
  class space    used 5169K, committed 5696K, reserved 1048576K
}

Dll operation events (10 events):
Event: 0.022 Loaded shared library c:\Users\tangw\.vscode\extensions\redhat.java-1.52.0-win32-x64\jre\21.0.9-win32-x86_64\bin\java.dll
Event: 0.141 Loaded shared library c:\Users\tangw\.vscode\extensions\redhat.java-1.52.0-win32-x64\jre\21.0.9-win32-x86_64\bin\zip.dll
Event: 0.186 Loaded shared library C:\Users\tangw\.vscode\extensions\redhat.java-1.52.0-win32-x64\jre\21.0.9-win32-x86_64\bin\instrument.dll
Event: 0.194 Loaded shared library C:\Users\tangw\.vscode\extensions\redhat.java-1.52.0-win32-x64\jre\21.0.9-win32-x86_64\bin\net.dll
Event: 0.202 Loaded shared library C:\Users\tangw\.vscode\extensions\redhat.java-1.52.0-win32-x64\jre\21.0.9-win32-x86_64\bin\nio.dll
Event: 0.210 Loaded shared library C:\Users\tangw\.vscode\extensions\redhat.java-1.52.0-win32-x64\jre\21.0.9-win32-x86_64\bin\zip.dll
Event: 0.245 Loaded shared library C:\Users\tangw\.vscode\extensions\redhat.java-1.52.0-win32-x64\jre\21.0.9-win32-x86_64\bin\jimage.dll
Event: 0.397 Loaded shared library c:\Users\tangw\.vscode\extensions\redhat.java-1.52.0-win32-x64\jre\21.0.9-win32-x86_64\bin\verify.dll
Event: 2.624 Loaded shared library C:\Users\tangw\AppData\Roaming\Code\User\globalStorage\redhat.java\1.52.0\config_win\org.eclipse.equinox.launcher\org.eclipse.equinox.launcher.win32.win32.x86_64_1.2.1500.v20260121-1430\eclipse_11919.dll
Event: 5.813 Loaded shared library C:\Users\tangw\AppData\Local\Temp\jna-92668751\jna17528995151689425946.dll

Deoptimization events (20 events):
Event: 22.129 Thread 0x000001ea6f3875b0 Uncommon trap: trap_request=0xffffffde fr.pc=0x000001ea19ac8f68 relative=0x0000000000000488
Event: 22.129 Thread 0x000001ea6f3875b0 Uncommon trap: reason=class_check action=maybe_recompile pc=0x000001ea19ac8f68 method=java.util.ImmutableCollections$MapN.probe(Ljava/lang/Object;)I @ 1 c2
Event: 22.129 Thread 0x000001ea6f3875b0 DEOPT PACKING pc=0x000001ea19ac8f68 sp=0x000000a39eafdbd0
Event: 22.129 Thread 0x000001ea6f3875b0 DEOPT UNPACKING pc=0x000001ea19473aa2 sp=0x000000a39eafdb80 mode 2
Event: 22.129 Thread 0x000001ea6f3875b0 Uncommon trap: trap_request=0xffffffde fr.pc=0x000001ea19ac8f68 relative=0x0000000000000488
Event: 22.129 Thread 0x000001ea6f3875b0 Uncommon trap: reason=class_check action=maybe_recompile pc=0x000001ea19ac8f68 method=java.util.ImmutableCollections$MapN.probe(Ljava/lang/Object;)I @ 1 c2
Event: 22.129 Thread 0x000001ea6f3875b0 DEOPT PACKING pc=0x000001ea19ac8f68 sp=0x000000a39eafdbd0
Event: 22.129 Thread 0x000001ea6f3875b0 DEOPT UNPACKING pc=0x000001ea19473aa2 sp=0x000000a39eafdb80 mode 2
Event: 22.129 Thread 0x000001ea6f3875b0 Uncommon trap: trap_request=0xffffffde fr.pc=0x000001ea19ac8f68 relative=0x0000000000000488
Event: 22.129 Thread 0x000001ea6f3875b0 Uncommon trap: reason=class_check action=maybe_recompile pc=0x000001ea19ac8f68 method=java.util.ImmutableCollections$MapN.probe(Ljava/lang/Object;)I @ 1 c2
Event: 22.129 Thread 0x000001ea6f3875b0 DEOPT PACKING pc=0x000001ea19ac8f68 sp=0x000000a39eafdbd0
Event: 22.129 Thread 0x000001ea6f3875b0 DEOPT UNPACKING pc=0x000001ea19473aa2 sp=0x000000a39eafdb80 mode 2
Event: 22.131 Thread 0x000001ea6f3875b0 Uncommon trap: trap_request=0xffffff76 fr.pc=0x000001ea19cf93e0 relative=0x00000000000009c0
Event: 22.131 Thread 0x000001ea6f3875b0 Uncommon trap: reason=predicate action=maybe_recompile pc=0x000001ea19cf93e0 method=java.util.TimSort.binarySort([Ljava/lang/Object;IIILjava/util/Comparator;)V @ 73 c2
Event: 22.131 Thread 0x000001ea6f3875b0 DEOPT PACKING pc=0x000001ea19cf93e0 sp=0x000000a39eafdd70
Event: 22.132 Thread 0x000001ea6f3875b0 DEOPT UNPACKING pc=0x000001ea19473aa2 sp=0x000000a39eafdd30 mode 2
Event: 22.142 Thread 0x000001ea6f3875b0 Uncommon trap: trap_request=0xffffffde fr.pc=0x000001ea19acc48c relative=0x000000000000052c
Event: 22.142 Thread 0x000001ea6f3875b0 Uncommon trap: reason=class_check action=maybe_recompile pc=0x000001ea19acc48c method=java.util.ImmutableCollections$MapN.probe(Ljava/lang/Object;)I @ 1 c2
Event: 22.142 Thread 0x000001ea6f3875b0 DEOPT PACKING pc=0x000001ea19acc48c sp=0x000000a39eafded0
Event: 22.142 Thread 0x000001ea6f3875b0 DEOPT UNPACKING pc=0x000001ea19473aa2 sp=0x000000a39eafde10 mode 2

Classes loaded (20 events):
Event: 21.739 Loading class sun/nio/ch/FileChannelImpl$Unmapper done
Event: 21.739 Loading class sun/nio/ch/FileChannelImpl$DefaultUnmapper done
Event: 21.739 Loading class sun/nio/ch/Util$4
Event: 21.739 Loading class sun/nio/ch/Util$4 done
Event: 21.748 Loading class java/nio/file/ClosedDirectoryStreamException
Event: 21.749 Loading class java/nio/file/ClosedDirectoryStreamException done
Event: 21.749 Loading class jdk/internal/jrtfs/JrtFileSystem
Event: 21.749 Loading class jdk/internal/jrtfs/JrtFileSystem done
Event: 21.749 Loading class jdk/internal/jrtfs/JrtPath
Event: 21.750 Loading class jdk/internal/jrtfs/JrtPath done
Event: 21.750 Loading class jdk/internal/jimage/ImageReader$Node
Event: 21.750 Loading class jdk/internal/jimage/ImageReader$Node done
Event: 21.755 Loading class java/nio/ByteBufferAsIntBufferL
Event: 21.755 Loading class java/nio/ByteBufferAsIntBufferL done
Event: 21.757 Loading class jdk/internal/jimage/ImageReader$Directory
Event: 21.757 Loading class jdk/internal/jimage/ImageReader$Directory done
Event: 22.153 Loading class java/nio/channels/Channels$ReadableByteChannelImpl
Event: 22.153 Loading class java/nio/channels/Channels$ReadableByteChannelImpl done
Event: 22.154 Loading class java/nio/channels/NonWritableChannelException
Event: 22.154 Loading class java/nio/channels/NonWritableChannelException done

Classes unloaded (7 events):
Event: 6.855 Thread 0x000001ea257424e0 Unloading class 0x000001ea271aac00 'java/lang/invoke/LambdaForm$MH+0x000001ea271aac00'
Event: 6.855 Thread 0x000001ea257424e0 Unloading class 0x000001ea271aa800 'java/lang/invoke/LambdaForm$MH+0x000001ea271aa800'
Event: 6.855 Thread 0x000001ea257424e0 Unloading class 0x000001ea271aa400 'java/lang/invoke/LambdaForm$MH+0x000001ea271aa400'
Event: 6.855 Thread 0x000001ea257424e0 Unloading class 0x000001ea271aa000 'java/lang/invoke/LambdaForm$MH+0x000001ea271aa000'
Event: 6.855 Thread 0x000001ea257424e0 Unloading class 0x000001ea271a9c00 'java/lang/invoke/LambdaForm$BMH+0x000001ea271a9c00'
Event: 6.855 Thread 0x000001ea257424e0 Unloading class 0x000001ea271a9800 'java/lang/invoke/LambdaForm$DMH+0x000001ea271a9800'
Event: 6.855 Thread 0x000001ea257424e0 Unloading class 0x000001ea271a8400 'java/lang/invoke/LambdaForm$DMH+0x000001ea271a8400'

Classes redefined (0 events):
No events

Internal exceptions (20 events):
Event: 16.786 Thread 0x000001ea6d62dda0 Exception <a 'sun/nio/fs/WindowsException'{0x00000000d633e250}> (0x00000000d633e250) 
thrown [s\src\hotspot\share\prims\jni.cpp, line 520]
Event: 16.787 Thread 0x000001ea6d62dda0 Exception <a 'sun/nio/fs/WindowsException'{0x00000000d6340198}> (0x00000000d6340198) 
thrown [s\src\hotspot\share\prims\jni.cpp, line 520]
Event: 16.787 Thread 0x000001ea6d62dda0 Exception <a 'sun/nio/fs/WindowsException'{0x00000000d63407c8}> (0x00000000d63407c8) 
thrown [s\src\hotspot\share\prims\jni.cpp, line 520]
Event: 16.788 Thread 0x000001ea6d62dda0 Exception <a 'sun/nio/fs/WindowsException'{0x00000000d63411f0}> (0x00000000d63411f0) 
thrown [s\src\hotspot\share\prims\jni.cpp, line 520]
Event: 16.788 Thread 0x000001ea6d62dda0 Exception <a 'sun/nio/fs/WindowsException'{0x00000000d6341820}> (0x00000000d6341820) 
thrown [s\src\hotspot\share\prims\jni.cpp, line 520]
Event: 16.789 Thread 0x000001ea6d62dda0 Exception <a 'sun/nio/fs/WindowsException'{0x00000000d63422c8}> (0x00000000d63422c8) 
thrown [s\src\hotspot\share\prims\jni.cpp, line 520]
Event: 16.789 Thread 0x000001ea6d62dda0 Exception <a 'sun/nio/fs/WindowsException'{0x00000000d6342918}> (0x00000000d6342918) 
thrown [s\src\hotspot\share\prims\jni.cpp, line 520]
Event: 16.792 Thread 0x000001ea6d62dda0 Exception <a 'sun/nio/fs/WindowsException'{0x00000000d63433b0}> (0x00000000d63433b0) 
thrown [s\src\hotspot\share\prims\jni.cpp, line 520]
Event: 16.792 Thread 0x000001ea6d62dda0 Exception <a 'sun/nio/fs/WindowsException'{0x00000000d63439e0}> (0x00000000d63439e0) 
thrown [s\src\hotspot\share\prims\jni.cpp, line 520]
Event: 16.792 Thread 0x000001ea6d62dda0 Exception <a 'sun/nio/fs/WindowsException'{0x00000000d6344698}> (0x00000000d6344698) 
thrown [s\src\hotspot\share\prims\jni.cpp, line 520]
Event: 16.793 Thread 0x000001ea6d62dda0 Exception <a 'sun/nio/fs/WindowsException'{0x00000000d6344ee8}> (0x00000000d6344ee8) 
thrown [s\src\hotspot\share\prims\jni.cpp, line 520]
Event: 16.793 Thread 0x000001ea6d62dda0 Exception <a 'sun/nio/fs/WindowsException'{0x00000000d6345e00}> (0x00000000d6345e00) 
thrown [s\src\hotspot\share\prims\jni.cpp, line 520]
Event: 16.794 Thread 0x000001ea6d62dda0 Exception <a 'sun/nio/fs/WindowsException'{0x00000000d6346650}> (0x00000000d6346650) 
thrown [s\src\hotspot\share\prims\jni.cpp, line 520]
Event: 16.795 Thread 0x000001ea6d62dda0 Exception <a 'sun/nio/fs/WindowsException'{0x00000000d6347568}> (0x00000000d6347568) 
thrown [s\src\hotspot\share\prims\jni.cpp, line 520]
Event: 16.795 Thread 0x000001ea6d62dda0 Exception <a 'sun/nio/fs/WindowsException'{0x00000000d6347db8}> (0x00000000d6347db8) 
thrown [s\src\hotspot\share\prims\jni.cpp, line 520]
Event: 16.796 Thread 0x000001ea6d62dda0 Exception <a 'sun/nio/fs/WindowsException'{0x00000000d6348cd0}> (0x00000000d6348cd0) 
thrown [s\src\hotspot\share\prims\jni.cpp, line 520]
Event: 16.796 Thread 0x000001ea6d62dda0 Exception <a 'sun/nio/fs/WindowsException'{0x00000000d6349520}> (0x00000000d6349520) 
thrown [s\src\hotspot\share\prims\jni.cpp, line 520]
Event: 21.739 Thread 0x000001ea6f3875b0 Implicit null exception at 0x000001ea19c26a31 to 0x000001ea19c26d38
Event: 21.740 Thread 0x000001ea6f3875b0 Exception <a 'java/lang/NoSuchMethodError'{0x00000000d56867a0}: 'java.lang.Object java.lang.invoke.DelegatingMethodHandle$Holder.reinvoke_L(java.lang.Object, int, long, java.lang.Object, java.lang.Object, int, java.lang.Object)'> (0x00000000d56867a0) 
thrown [s\src\hotspot\share\interpreter\linkResolver.cpp, line 773]
Event: 21.938 Thread 0x000001ea6f3875b0 Exception <a 'java/lang/NoSuchMethodError'{0x00000000d5c34130}: 'java.lang.Object java.lang.invoke.Invokers$Holder.invoke_MT(java.lang.Object, java.lang.Object, java.lang.Object, java.lang.Object, java.lang.Object, java.lang.Object, java.lang.Object, java.lang.Object, java.lang.Object, java.lang.Object)'> (0x00000000d5c34130) 
thrown [s\src\hotspot\share\interpreter\linkResolver.cpp, line 773]

ZGC Phase Switch (0 events):
No events

VM Operations (20 events):
Event: 21.373 Executing VM operation: Cleanup
Event: 21.373 Executing VM operation: Cleanup done
Event: 21.711 Executing VM operation: HandshakeAllThreads (Deoptimize)
Event: 21.711 Executing VM operation: HandshakeAllThreads (Deoptimize) done
Event: 21.716 Executing VM operation: ParallelGCFailedAllocation (Allocation Failure)
Event: 21.720 Executing VM operation: ParallelGCFailedAllocation (Allocation Failure) done
Event: 21.723 Executing VM operation: HandshakeAllThreads (Deoptimize)
Event: 21.723 Executing VM operation: HandshakeAllThreads (Deoptimize) done
Event: 21.727 Executing VM operation: HandshakeAllThreads (Deoptimize)
Event: 21.727 Executing VM operation: HandshakeAllThreads (Deoptimize) done
Event: 21.748 Executing VM operation: HandshakeAllThreads (Deoptimize)
Event: 21.748 Executing VM operation: HandshakeAllThreads (Deoptimize) done
Event: 21.756 Executing VM operation: HandshakeAllThreads (Deoptimize)
Event: 21.756 Executing VM operation: HandshakeAllThreads (Deoptimize) done
Event: 21.816 Executing VM operation: HandshakeAllThreads (Deoptimize)
Event: 21.816 Executing VM operation: HandshakeAllThreads (Deoptimize) done
Event: 22.044 Executing VM operation: ParallelGCFailedAllocation (Allocation Failure)
Event: 22.047 Executing VM operation: ParallelGCFailedAllocation (Allocation Failure) done
Event: 22.124 Executing VM operation: ParallelGCFailedAllocation (Allocation Failure)
Event: 22.127 Executing VM operation: ParallelGCFailedAllocation (Allocation Failure) done

Memory protections (0 events):
No events

Nmethod flushes (20 events):
Event: 8.810 Thread 0x000001ea257424e0 flushing  nmethod 0x000001ea12545d90
Event: 8.810 Thread 0x000001ea257424e0 flushing  nmethod 0x000001ea12546590
Event: 8.810 Thread 0x000001ea257424e0 flushing  nmethod 0x000001ea12546d10
Event: 8.810 Thread 0x000001ea257424e0 flushing  nmethod 0x000001ea12548290
Event: 8.810 Thread 0x000001ea257424e0 flushing  nmethod 0x000001ea12548e10
Event: 8.810 Thread 0x000001ea257424e0 flushing  nmethod 0x000001ea12549310
Event: 8.810 Thread 0x000001ea257424e0 flushing  nmethod 0x000001ea1254ad10
Event: 8.810 Thread 0x000001ea257424e0 flushing  nmethod 0x000001ea1254b110
Event: 8.810 Thread 0x000001ea257424e0 flushing  nmethod 0x000001ea12555490
Event: 8.810 Thread 0x000001ea257424e0 flushing  nmethod 0x000001ea12555990
Event: 8.810 Thread 0x000001ea257424e0 flushing  nmethod 0x000001ea12555e90
Event: 8.810 Thread 0x000001ea257424e0 flushing  nmethod 0x000001ea1256dd10
Event: 8.810 Thread 0x000001ea257424e0 flushing  nmethod 0x000001ea12575990
Event: 8.810 Thread 0x000001ea257424e0 flushing  nmethod 0x000001ea12586190
Event: 8.810 Thread 0x000001ea257424e0 flushing  nmethod 0x000001ea12588190
Event: 8.810 Thread 0x000001ea257424e0 flushing  nmethod 0x000001ea12591110
Event: 8.810 Thread 0x000001ea257424e0 flushing  nmethod 0x000001ea125dbd90
Event: 8.810 Thread 0x000001ea257424e0 flushing  nmethod 0x000001ea125f6410
Event: 8.810 Thread 0x000001ea257424e0 flushing  nmethod 0x000001ea12607210
Event: 8.811 Thread 0x000001ea257424e0 flushing  nmethod 0x000001ea12627a90

Events (20 events):
Event: 8.953 Thread 0x000001ea0ecf24c0 Thread added: 0x000001ea6f38bde0
Event: 8.953 Thread 0x000001ea0ecf24c0 Thread added: 0x000001ea6f389d10
Event: 8.953 Thread 0x000001ea0ecf24c0 Thread added: 0x000001ea6f387c40
Event: 8.953 Thread 0x000001ea0ecf24c0 Thread added: 0x000001ea6f38cb00
Event: 8.953 Thread 0x000001ea0ecf24c0 Thread added: 0x000001ea6f3882d0
Event: 9.356 Thread 0x000001ea0ecf24c0 Thread added: 0x000001ea6f38e540
Event: 9.634 Thread 0x000001ea0ecf24c0 Thread added: 0x000001ea6f38b750
Event: 9.634 Thread 0x000001ea0ecf24c0 Thread added: 0x000001ea6f38a3a0
Event: 11.169 Thread 0x000001ea6de21040 Thread exited: 0x000001ea6de21040
Event: 11.256 Thread 0x000001ea6d630500 Thread added: 0x000001ea6f38b0c0
Event: 11.261 Thread 0x000001ea6f38b0c0 Thread added: 0x000001ea6f388960
Event: 11.277 Thread 0x000001ea6f388960 Thread added: 0x000001ea6f389680
Event: 11.278 Thread 0x000001ea6f389680 Thread added: 0x000001ea6f38aa30
Event: 11.279 Thread 0x000001ea6f38aa30 Thread added: 0x000001ea6f38ebd0
Event: 13.793 Thread 0x000001ea257683e0 Thread added: 0x000001ea70afd840
Event: 14.348 Thread 0x000001ea257683e0 Thread added: 0x000001ea70b4cc90
Event: 14.576 Thread 0x000001ea70b4cc90 Thread exited: 0x000001ea70b4cc90
Event: 15.172 Thread 0x000001ea70afd840 Thread exited: 0x000001ea70afd840
Event: 16.778 Thread 0x000001ea6d62dda0 Thread added: 0x000001ea6f8d1ad0
Event: 21.808 Thread 0x000001ea2579d700 Thread added: 0x000001ea25798350


Dynamic libraries:
0x00007ff7a6850000 - 0x00007ff7a685e000 	c:\Users\tangw\.vscode\extensions\redhat.java-1.52.0-win32-x64\jre\21.0.9-win32-x86_64\bin\java.exe
0x00007ffba1510000 - 0x00007ffba1708000 	C:\Windows\SYSTEM32\ntdll.dll
0x00007ffb9f650000 - 0x00007ffb9f712000 	C:\Windows\System32\KERNEL32.DLL
0x00007ffb9f030000 - 0x00007ffb9f326000 	C:\Windows\System32\KERNELBASE.dll
0x00007ffb9b2a0000 - 0x00007ffb9b334000 	C:\Windows\SYSTEM32\apphelp.dll
0x00007ffb9ee90000 - 0x00007ffb9ef90000 	C:\Windows\System32\ucrtbase.dll
0x00007ffb5de10000 - 0x00007ffb5de2e000 	c:\Users\tangw\.vscode\extensions\redhat.java-1.52.0-win32-x64\jre\21.0.9-win32-x86_64\bin\VCRUNTIME140.dll
0x00007ffb6f2b0000 - 0x00007ffb6f2c8000 	c:\Users\tangw\.vscode\extensions\redhat.java-1.52.0-win32-x64\jre\21.0.9-win32-x86_64\bin\jli.dll
0x00007ffba0ee0000 - 0x00007ffba1081000 	C:\Windows\System32\USER32.dll
0x00007ffb9f330000 - 0x00007ffb9f352000 	C:\Windows\System32\win32u.dll
0x00007ffb9f530000 - 0x00007ffb9f55b000 	C:\Windows\System32\GDI32.dll
0x00007ffb9f360000 - 0x00007ffb9f479000 	C:\Windows\System32\gdi32full.dll
0x00007ffb9ef90000 - 0x00007ffb9f02d000 	C:\Windows\System32\msvcp_win.dll
0x00007ffb8c520000 - 0x00007ffb8c7bb000 	C:\Windows\WinSxS\amd64_microsoft.windows.common-controls_6595b64144ccf1df_6.0.19041.6456_none_60b8a6cb71f64256\COMCTL32.dll
0x00007ffba05a0000 - 0x00007ffba063e000 	C:\Windows\System32\msvcrt.dll
0x00007ffb9fe90000 - 0x00007ffb9febf000 	C:\Windows\System32\IMM32.DLL
0x00007ffb82140000 - 0x00007ffb8214c000 	c:\Users\tangw\.vscode\extensions\redhat.java-1.52.0-win32-x64\jre\21.0.9-win32-x86_64\bin\vcruntime140_1.dll
0x00007ffb04a90000 - 0x00007ffb04b1d000 	c:\Users\tangw\.vscode\extensions\redhat.java-1.52.0-win32-x64\jre\21.0.9-win32-x86_64\bin\msvcp140.dll
0x00007ffa94d20000 - 0x00007ffa95ac0000 	c:\Users\tangw\.vscode\extensions\redhat.java-1.52.0-win32-x64\jre\21.0.9-win32-x86_64\bin\server\jvm.dll
0x00007ffba0640000 - 0x00007ffba06f1000 	C:\Windows\System32\ADVAPI32.dll
0x00007ffba0c30000 - 0x00007ffba0ccf000 	C:\Windows\System32\sechost.dll
0x00007ffba0dc0000 - 0x00007ffba0ee0000 	C:\Windows\System32\RPCRT4.dll
0x00007ffb9eba0000 - 0x00007ffb9ebc7000 	C:\Windows\System32\bcrypt.dll
0x00007ffba01d0000 - 0x00007ffba023b000 	C:\Windows\System32\WS2_32.dll
0x00007ffb9ea00000 - 0x00007ffb9ea4b000 	C:\Windows\SYSTEM32\POWRPROF.dll
0x00007ffb8cd10000 - 0x00007ffb8cd37000 	C:\Windows\SYSTEM32\WINMM.dll
0x00007ffb994a0000 - 0x00007ffb994aa000 	C:\Windows\SYSTEM32\VERSION.dll
0x00007ffb9e9e0000 - 0x00007ffb9e9f2000 	C:\Windows\SYSTEM32\UMPDC.dll
0x00007ffb9d370000 - 0x00007ffb9d382000 	C:\Windows\SYSTEM32\kernel.appcore.dll
0x00007ffb80770000 - 0x00007ffb8077a000 	c:\Users\tangw\.vscode\extensions\redhat.java-1.52.0-win32-x64\jre\21.0.9-win32-x86_64\bin\jimage.dll
0x00007ffb9c8b0000 - 0x00007ffb9cab1000 	C:\Windows\SYSTEM32\DBGHELP.DLL
0x00007ffb84a20000 - 0x00007ffb84a54000 	C:\Windows\SYSTEM32\dbgcore.DLL
0x00007ffb9ee00000 - 0x00007ffb9ee82000 	C:\Windows\System32\bcryptPrimitives.dll
0x00007ffb7e8e0000 - 0x00007ffb7e8ef000 	c:\Users\tangw\.vscode\extensions\redhat.java-1.52.0-win32-x64\jre\21.0.9-win32-x86_64\bin\instrument.dll
0x00007ffb5ddf0000 - 0x00007ffb5de10000 	c:\Users\tangw\.vscode\extensions\redhat.java-1.52.0-win32-x64\jre\21.0.9-win32-x86_64\bin\java.dll
0x00007ffb9f720000 - 0x00007ffb9fe90000 	C:\Windows\System32\SHELL32.dll
0x00007ffb9cbb0000 - 0x00007ffb9d355000 	C:\Windows\SYSTEM32\windows.storage.dll
0x00007ffba0240000 - 0x00007ffba0594000 	C:\Windows\System32\combase.dll
0x00007ffb9e4f0000 - 0x00007ffb9e51b000 	C:\Windows\SYSTEM32\Wldp.dll
0x00007ffba1370000 - 0x00007ffba143d000 	C:\Windows\System32\OLEAUT32.dll
0x00007ffb9fec0000 - 0x00007ffb9ff6d000 	C:\Windows\System32\SHCORE.dll
0x00007ffba1440000 - 0x00007ffba149b000 	C:\Windows\System32\shlwapi.dll
0x00007ffb9ead0000 - 0x00007ffb9eaf4000 	C:\Windows\SYSTEM32\profapi.dll
0x00007ffb4c3a0000 - 0x00007ffb4c3b8000 	c:\Users\tangw\.vscode\extensions\redhat.java-1.52.0-win32-x64\jre\21.0.9-win32-x86_64\bin\zip.dll
0x00007ffb7a680000 - 0x00007ffb7a690000 	C:\Users\tangw\.vscode\extensions\redhat.java-1.52.0-win32-x64\jre\21.0.9-win32-x86_64\bin\net.dll
0x00007ffb96540000 - 0x00007ffb9664a000 	C:\Windows\SYSTEM32\WINHTTP.dll
0x00007ffb9e250000 - 0x00007ffb9e2ba000 	C:\Windows\system32\mswsock.dll
0x00007ffb43d00000 - 0x00007ffb43d16000 	C:\Users\tangw\.vscode\extensions\redhat.java-1.52.0-win32-x64\jre\21.0.9-win32-x86_64\bin\nio.dll
0x00007ffb78290000 - 0x00007ffb782a0000 	c:\Users\tangw\.vscode\extensions\redhat.java-1.52.0-win32-x64\jre\21.0.9-win32-x86_64\bin\verify.dll
0x00007ffb6f940000 - 0x00007ffb6f985000 	C:\Users\tangw\AppData\Roaming\Code\User\globalStorage\redhat.java\1.52.0\config_win\org.eclipse.equinox.launcher\org.eclipse.equinox.launcher.win32.win32.x86_64_1.2.1500.v20260121-1430\eclipse_11919.dll
0x00007ffba1090000 - 0x00007ffba11bb000 	C:\Windows\System32\ole32.dll
0x00007ffb9e450000 - 0x00007ffb9e468000 	C:\Windows\SYSTEM32\CRYPTSP.dll
0x00007ffb9db30000 - 0x00007ffb9db68000 	C:\Windows\system32\rsaenh.dll
0x00007ffb9ea50000 - 0x00007ffb9ea7e000 	C:\Windows\SYSTEM32\USERENV.dll
0x00007ffb9e440000 - 0x00007ffb9e44c000 	C:\Windows\SYSTEM32\CRYPTBASE.dll
0x00007ffb9df10000 - 0x00007ffb9df4b000 	C:\Windows\SYSTEM32\IPHLPAPI.DLL
0x00007ffba0db0000 - 0x00007ffba0db8000 	C:\Windows\System32\NSI.dll
0x00007ffb594b0000 - 0x00007ffb594f9000 	C:\Users\tangw\AppData\Local\Temp\jna-92668751\jna17528995151689425946.dll
0x00007ffba14c0000 - 0x00007ffba14c8000 	C:\Windows\System32\PSAPI.DLL
0x00007ffb979d0000 - 0x00007ffb979e7000 	C:\Windows\SYSTEM32\dhcpcsvc6.DLL
0x00007ffb979b0000 - 0x00007ffb979cd000 	C:\Windows\SYSTEM32\dhcpcsvc.DLL

JVMTI agents:
c:\Users\tangw\.vscode\extensions\redhat.java-1.52.0-win32-x64\lombok\lombok-1.18.39-4050.jar path:c:\Users\tangw\.vscode\extensions\redhat.java-1.52.0-win32-x64\jre\21.0.9-win32-x86_64\bin\instrument.dll, loaded, initialized, instrumentlib options:none

dbghelp: loaded successfully - version: 4.0.5 - missing functions: none
symbol engine: initialized successfully - sym options: 0x614 - pdb path: .;c:\Users\tangw\.vscode\extensions\redhat.java-1.52.0-win32-x64\jre\21.0.9-win32-x86_64\bin;C:\Windows\SYSTEM32;C:\Windows\WinSxS\amd64_microsoft.windows.common-controls_6595b64144ccf1df_6.0.19041.6456_none_60b8a6cb71f64256;c:\Users\tangw\.vscode\extensions\redhat.java-1.52.0-win32-x64\jre\21.0.9-win32-x86_64\bin\server;C:\Users\tangw\AppData\Roaming\Code\User\globalStorage\redhat.java\1.52.0\config_win\org.eclipse.equinox.launcher\org.eclipse.equinox.launcher.win32.win32.x86_64_1.2.1500.v20260121-1430;C:\Users\tangw\AppData\Local\Temp\jna-92668751

VM Arguments:
jvm_args: --add-modules=ALL-SYSTEM --add-opens=java.base/java.util=ALL-UNNAMED --add-opens=java.base/java.lang=ALL-UNNAMED --add-opens=java.base/sun.nio.fs=ALL-UNNAMED -Declipse.application=org.eclipse.jdt.ls.core.id1 -Dosgi.bundles.defaultStartLevel=4 -Declipse.product=org.eclipse.jdt.ls.core.product -Djava.import.generatesMetadataFilesAtProjectRoot=false -DDetectVMInstallationsJob.disabled=true -Dfile.encoding=utf8 -XX:+UseParallelGC -XX:GCTimeRatio=4 -XX:AdaptiveSizePolicyWeight=90 -Dsun.zip.disableMemoryMapping=true -Xmx2G -Xms100m -Xlog:disable -javaagent:c:\Users\tangw\.vscode\extensions\redhat.java-1.52.0-win32-x64\lombok\lombok-1.18.39-4050.jar -XX:+HeapDumpOnOutOfMemoryError -XX:HeapDumpPath=c:\Users\tangw\AppData\Roaming\Code\User\workspaceStorage\43cfbb8d6b8d628d0c8d492a5cc49a36\redhat.java -Daether.dependencyCollector.impl=bf 
java_command: c:\Users\tangw\.vscode\extensions\redhat.java-1.52.0-win32-x64\server\plugins\org.eclipse.equinox.launcher_1.7.100.v20251111-0406.jar -configuration c:\Users\tangw\AppData\Roaming\Code\User\globalStorage\redhat.java\1.52.0\config_win -data c:\Users\tangw\AppData\Roaming\Code\User\workspaceStorage\43cfbb8d6b8d628d0c8d492a5cc49a36\redhat.java\jdt_ws --pipe=\\.\pipe\lsp-035af1c889cf422eb6c0407a25d0906b-sock
java_class_path (initial): c:\Users\tangw\.vscode\extensions\redhat.java-1.52.0-win32-x64\server\plugins\org.eclipse.equinox.launcher_1.7.100.v20251111-0406.jar
Launcher Type: SUN_STANDARD

[Global flags]
    uintx AdaptiveSizePolicyWeight                 = 90                                        {product} {command line}
     intx CICompilerCount                          = 4                                         {product} {ergonomic}
    uintx GCTimeRatio                              = 4                                         {product} {command line}
     bool HeapDumpOnOutOfMemoryError               = true                                   {manageable} {command line}
    ccstr HeapDumpPath                             = c:\Users\tangw\AppData\Roaming\Code\User\workspaceStorage\43cfbb8d6b8d628d0c8d492a5cc49a36\redhat.java         {manageable} {command line}
   size_t InitialHeapSize                          = 104857600                                 {product} {command line}
   size_t MaxHeapSize                              = 2147483648                                {product} {command line}
   size_t MaxNewSize                               = 715653120                                 {product} {ergonomic}
   size_t MinHeapDeltaBytes                        = 524288                                    {product} {ergonomic}
   size_t MinHeapSize                              = 104857600                                 {product} {command line}
   size_t NewSize                                  = 34603008                                  {product} {ergonomic}
    uintx NonNMethodCodeHeapSize                   = 5839372                                {pd product} {ergonomic}
    uintx NonProfiledCodeHeapSize                  = 122909434                              {pd product} {ergonomic}
   size_t OldSize                                  = 70254592                                  {product} {ergonomic}
    uintx ProfiledCodeHeapSize                     = 122909434                              {pd product} {ergonomic}
    uintx ReservedCodeCacheSize                    = 251658240                              {pd product} {ergonomic}
     bool SegmentedCodeCache                       = true                                      {product} {ergonomic}
   size_t SoftMaxHeapSize                          = 2147483648                             {manageable} {ergonomic}
     bool UseCompressedOops                        = true                           {product lp64_product} {ergonomic}
     bool UseLargePagesIndividualAllocation        = false                                  {pd product} {ergonomic}
     bool UseParallelGC                            = true                                      {product} {command line}

Logging:
Log output configuration:
 #0: stdout all=off uptime,level,tags foldmultilines=false
 #1: stderr all=off uptime,level,tags foldmultilines=false

Release file:
JAVA_VERSION="21.0.9" 
MODULES="java.base java.compiler java.datatransfer java.xml java.prefs java.desktop java.instrument java.logging java.management java.security.sasl java.naming java.rmi java.management.rmi java.net.http java.scripting java.security.jgss java.transaction.xa java.sql java.sql.rowset java.xml.crypto java.se java.smartcardio jdk.accessibility jdk.internal.jvmstat jdk.attach jdk.charsets jdk.internal.opt jdk.zipfs jdk.compiler jdk.crypto.ec jdk.crypto.cryptoki jdk.crypto.mscapi jdk.dynalink jdk.internal.ed jdk.editpad jdk.hotspot.agent jdk.httpserver jdk.internal.le jdk.internal.vm.ci jdk.internal.vm.compiler jdk.internal.vm.compiler.management jdk.jartool jdk.javadoc jdk.jcmd jdk.management jdk.management.agent jdk.jconsole jdk.jdeps jdk.jdwp.agent jdk.jdi jdk.jfr jdk.jshell jdk.jsobject jdk.jstatd jdk.localedata jdk.management.jfr jdk.naming.dns jdk.naming.rmi jdk.net jdk.nio.mapmode jdk.random jdk.sctp jdk.security.auth jdk.security.jgss jdk.unsupported jdk.unsupported.desktop jdk.xml.dom" 

Environment Variables:
PATH=C:\Users\tangw\.pyenv\pyenv-win\bin;C:\Program Files\Common Files\Oracle\Java\javapath;C:\Program Files (x86)\Common Files\Oracle\Java\javapath;C:\Windows\system32;C:\Windows;C:\Windows\System32\Wbem;C:\Windows\System32\WindowsPowerShell\v1.0\;C:\Windows\System32\OpenSSH\;C:\Program Files (x86)\NVIDIA Corporation\PhysX\Common;C:\Program Files\NVIDIA Corporation\NVIDIA NvDLISR;C:\Windows\system32;C:\Windows;C:\Windows\System32\Wbem;C:\Windows\System32\WindowsPowerShell\v1.0\;C:\Windows\System32\OpenSSH\;C:\Program Files\Git\cmd;C:\Users\tangw\AppData\Local\Programs\Python\Python312;C:\Users\tangw\AppData\Local\Programs\Python\Python312\Scripts;C:\ProgramData\chocolatey\bin;C:\Users\tangw\AppData\Roaming\npm;C:\Program Files\Amazon\AWSCLIV2\;C:\Program Files\dotnet\;C:\Program Files (x86)\cloudflared\;C:\Program Files\NVIDIA Corporation\NVIDIA App\NvDLISR;C:\Program Files (x86)\NoteBook FanControl\;C:\Program Files\CMake\bin;C:\Program Files (x86)\Intel\oneAPI\compiler\2025.1\bin;C:\Program Files\Microsoft Visual Studio\2022\Community\Common7\IDE\;C:\Program Files (x86)\Windows Kits\10\Windows Performance Toolkit\;C:\msys64\mingw64\bin;C:\Program Files\Microsoft Visual Studio\2022\Community\VC\Tools\MSVC\14.44.35207\bin\Hostx64\x64;C:\Program Files\HDF_Group\HDF5\1.14.6\bin\;C:\Program Files (x86)\openmc\bin;C:\Program Files (x86)\njoy\bin;C:\swig;C:\swig\vcpkg;C:\Program Files\7-Zip;C:\Program Files\Vim\vim91;C:\Program Files\nodejs20\;C:\Program Files\Docker\Docker\resources\bin;C:\Program Files\GitHub CLI\;C:\Users\tangw\.pyenv\pyenv-win\bin;C:\Users\tangw\.pyenv\pyenv-win\shims;C:\Users\tangw\AppData\Local\Programs\Python\Launcher\;C:\Users\tangw\AppData\Local\Microsoft\WindowsApps;C:\Users\tangw\AppData\Local\Programs\Microsoft VS Code\bin;C:\Program Files (x86)\Nmap;C:\Users\tangw\AppData\Local\Microsoft\WinGet\Links;C:\Users\tangw\AppData\Roaming\npm;C:\Program Files\nodejs20;C:\Users\tangw\AppData\Local\Programs\mongosh\
USERNAME=admin
OS=Windows_NT
PROCESSOR_IDENTIFIER=Intel64 Family 6 Model 165 Stepping 2, GenuineIntel
TMP=C:\Users\tangw\AppData\Local\Temp
TEMP=C:\Users\tangw\AppData\Local\Temp




Periodic native trim disabled

---------------  S Y S T E M  ---------------

OS:
 Windows 10 , 64 bit Build 19041 (10.0.19041.5915)
OS uptime: 0 days 8:42 hours
Hyper-V role detected

CPU: total 8 (initial active 8) (4 cores per cpu, 2 threads per core) family 6 model 165 stepping 2 microcode 0xc8, cx8, cmov, fxsr, ht, mmx, 3dnowpref, sse, sse2, sse3, ssse3, sse4.1, sse4.2, popcnt, lzcnt, tsc, tscinvbit, avx, avx2, aes, erms, clmul, bmi1, bmi2, adx, fma, vzeroupper, clflush, clflushopt, hv, rdtscp, f16c
Processor Information for the first 8 processors :
  Max Mhz: 2496, Current Mhz: 2496, Mhz Limit: 2496

Memory: 4k page, system-wide physical 24412M (554M free)
TotalPageFile size 35739M (AvailPageFile size 8M)
current process WorkingSet (physical memory assigned to process): 215M, peak: 223M
current process commit charge ("private bytes"): 326M, peak: 343M

vm_info: OpenJDK 64-Bit Server VM (21.0.9+10-LTS) for windows-amd64 JRE (21.0.9+10-LTS), built on 2025-10-21T00:00:00Z by "admin" with unknown MS VC++:1942

END.
