#
# There is insufficient memory for the Java Runtime Environment to continue.
# Native memory allocation (mmap) failed to map 65536 bytes. Error detail: Failed to commit metaspace.
# Possible reasons:
#   The system is out of physical RAM or swap space
#   This process is running with CompressedOops enabled, and the Java Heap may be blocking the growth of the native heap
# Possible solutions:
#   Reduce memory load on the system
#   Increase physical memory or swap space
#   Check if swap backing store is full
#   Decrease Java heap size (-Xmx/-Xms)
#   Decrease number of Java threads
#   Decrease Java thread stack sizes (-Xss)
#   Set larger code cache with -XX:ReservedCodeCacheSize=
#   JVM is running with Unscaled Compressed Oops mode in which the Java heap is
#     placed in the first 4GB address space. The Java Heap base address is the
#     maximum limit for the native heap growth. Please use -XX:HeapBaseMinAddress
#     to set the Java Heap base and to place the Java Heap above 4GB virtual address.
# This output file may be truncated or incomplete.
#
#  Out of Memory Error (virtualSpaceNode.cpp:113), pid=13020, tid=127328
#
# JRE version: OpenJDK Runtime Environment Temurin-21.0.9+10 (21.0.9+10) (build 21.0.9+10-LTS)
# Java VM: OpenJDK 64-Bit Server VM Temurin-21.0.9+10 (21.0.9+10-LTS, mixed mode, sharing, tiered, compressed oops, compressed class ptrs, parallel gc, windows-amd64)
# No core dump will be written. Minidumps are not enabled by default on client versions of Windows
#

---------------  S U M M A R Y ------------

Command Line: --add-modules=ALL-SYSTEM --add-opens=java.base/java.util=ALL-UNNAMED --add-opens=java.base/java.lang=ALL-UNNAMED --add-opens=java.base/sun.nio.fs=ALL-UNNAMED -Declipse.application=org.eclipse.jdt.ls.core.id1 -Dosgi.bundles.defaultStartLevel=4 -Declipse.product=org.eclipse.jdt.ls.core.product -Djava.import.generatesMetadataFilesAtProjectRoot=false -DDetectVMInstallationsJob.disabled=true -Dfile.encoding=utf8 -XX:+UseParallelGC -XX:GCTimeRatio=4 -XX:AdaptiveSizePolicyWeight=90 -Dsun.zip.disableMemoryMapping=true -Xmx2G -Xms100m -Xlog:disable -javaagent:c:\Users\tangw\.vscode\extensions\redhat.java-1.52.0-win32-x64\lombok\lombok-1.18.39-4050.jar c:\Users\tangw\.vscode\extensions\redhat.java-1.52.0-win32-x64\server\plugins\org.eclipse.equinox.launcher_1.7.100.v20251111-0406.jar -configuration c:\Users\tangw\AppData\Roaming\Code\User\globalStorage\redhat.java\1.52.0\config_ss_win -data c:\Users\tangw\AppData\Roaming\Code\User\workspaceStorage\43cfbb8d6b8d628d0c8d492a5cc49a36\redhat.java\ss_ws --pipe=\\.\pipe\lsp-22ee62f9c422603a0133ce92fd8fb8e6-sock

Host: Intel(R) Core(TM) i5-10300H CPU @ 2.50GHz, 8 cores, 23G,  Windows 10 , 64 bit Build 19041 (10.0.19041.5915)
Time: Thu Feb 19 19:38:52 2026 SE Asia Standard Time elapsed time: 0.710199 seconds (0d 0h 0m 0s)

---------------  T H R E A D  ---------------

Current thread (0x000001f4f2f052c0):  JavaThread "main"             [_thread_in_vm, id=127328, stack(0x000000d81fd00000,0x000000d81fe00000) (1024K)]

Stack: [0x000000d81fd00000,0x000000d81fe00000]
Native frames: (J=compiled Java code, j=interpreted, Vv=VM code, C=native code)
V  [jvm.dll+0x6d6e29]
V  [jvm.dll+0x8b4b76]
V  [jvm.dll+0x8b712e]
V  [jvm.dll+0x8b7813]
V  [jvm.dll+0x283d86]
V  [jvm.dll+0x8b08be]
V  [jvm.dll+0x678824]
V  [jvm.dll+0x1e80ab]
V  [jvm.dll+0x1e7e6e]
V  [jvm.dll+0x67b122]
V  [jvm.dll+0x67af52]
V  [jvm.dll+0x6791fe]
V  [jvm.dll+0x280c57]
V  [jvm.dll+0x72d13f]
V  [jvm.dll+0x72dc7f]
V  [jvm.dll+0x3cbed1]
V  [jvm.dll+0x3caca7]
V  [jvm.dll+0x3cac48]
V  [jvm.dll+0x47783e]
V  [jvm.dll+0x47f58b]
C  [java.dll+0x13e9]

Java frames: (J=compiled Java code, j=interpreted, Vv=VM code)
j  java.lang.Class.forName0(Ljava/lang/String;ZLjava/lang/ClassLoader;Ljava/lang/Class;)Ljava/lang/Class;+0 java.base@21.0.9
j  java.lang.Class.forName(Ljava/lang/String;Ljava/lang/Class;)Ljava/lang/Class;+19 java.base@21.0.9
j  java.lang.Class.forName(Ljava/lang/String;)Ljava/lang/Class;+6 java.base@21.0.9
j  lombok.core.AgentLauncher.runAgents(Ljava/lang/String;Ljava/lang/instrument/Instrumentation;ZLjava/lang/Class;)V+30
j  java.lang.invoke.LambdaForm$DMH+0x000001f490004800.invokeStatic(Ljava/lang/Object;Ljava/lang/Object;Ljava/lang/Object;ILjava/lang/Object;)V+16 java.base@21.0.9
j  java.lang.invoke.LambdaForm$MH+0x000001f490008c00.invoke(Ljava/lang/Object;Ljava/lang/Object;Ljava/lang/Object;)Ljava/lang/Object;+124 java.base@21.0.9
j  java.lang.invoke.Invokers$Holder.invokeExact_MT(Ljava/lang/Object;Ljava/lang/Object;Ljava/lang/Object;Ljava/lang/Object;)Ljava/lang/Object;+20 java.base@21.0.9
j  jdk.internal.reflect.DirectMethodHandleAccessor.invokeImpl(Ljava/lang/Object;[Ljava/lang/Object;)Ljava/lang/Object;+104 java.base@21.0.9
j  jdk.internal.reflect.DirectMethodHandleAccessor.invoke(Ljava/lang/Object;[Ljava/lang/Object;)Ljava/lang/Object;+23 java.base@21.0.9
j  java.lang.reflect.Method.invoke(Ljava/lang/Object;[Ljava/lang/Object;)Ljava/lang/Object;+102 java.base@21.0.9
j  lombok.launch.Agent.runLauncher(Ljava/lang/String;Ljava/lang/instrument/Instrumentation;Z)V+73
j  lombok.launch.Agent.premain(Ljava/lang/String;Ljava/lang/instrument/Instrumentation;)V+3
j  java.lang.invoke.LambdaForm$DMH+0x000001f490000c00.invokeStatic(Ljava/lang/Object;Ljava/lang/Object;Ljava/lang/Object;)V+11 java.base@21.0.9
j  java.lang.invoke.LambdaForm$MH+0x000001f490002800.invoke(Ljava/lang/Object;Ljava/lang/Object;Ljava/lang/Object;Ljava/lang/Object;)Ljava/lang/Object;+54 java.base@21.0.9
j  java.lang.invoke.LambdaForm$MH+0x000001f490002c00.invokeExact_MT(Ljava/lang/Object;Ljava/lang/Object;Ljava/lang/Object;Ljava/lang/Object;Ljava/lang/Object;)Ljava/lang/Object;+22 java.base@21.0.9
j  jdk.internal.reflect.DirectMethodHandleAccessor.invokeImpl(Ljava/lang/Object;[Ljava/lang/Object;)Ljava/lang/Object;+72 java.base@21.0.9
j  jdk.internal.reflect.DirectMethodHandleAccessor.invoke(Ljava/lang/Object;[Ljava/lang/Object;)Ljava/lang/Object;+23 java.base@21.0.9
j  java.lang.reflect.Method.invoke(Ljava/lang/Object;[Ljava/lang/Object;)Ljava/lang/Object;+102 java.base@21.0.9
j  sun.instrument.InstrumentationImpl.loadClassAndStartAgent(Ljava/lang/String;Ljava/lang/String;Ljava/lang/String;)V+165 java.instrument@21.0.9
j  sun.instrument.InstrumentationImpl.loadClassAndCallPremain(Ljava/lang/String;Ljava/lang/String;)V+6 java.instrument@21.0.9
v  ~StubRoutines::call_stub 0x000001f48753100d

---------------  P R O C E S S  ---------------

Threads class SMR info:
_java_thread_list=0x000001f4fc2d40c0, length=10, elements={
0x000001f4f2f052c0, 0x000001f4f2fce110, 0x000001f4f2e72fb0, 0x000001f4f2e77890,
0x000001f4f2e784e0, 0x000001f4f2e7af40, 0x000001f4f2e7b990, 0x000001f4f2e7c7c0,
0x000001f4fc1806f0, 0x000001f4fc2f6bc0
}

Java Threads: ( => current thread )
=>0x000001f4f2f052c0 JavaThread "main"                              [_thread_in_vm, id=127328, stack(0x000000d81fd00000,0x000000d81fe00000) (1024K)]
  0x000001f4f2fce110 JavaThread "Reference Handler"          daemon [_thread_blocked, id=97764, stack(0x000000d820100000,0x000000d820200000) (1024K)]
  0x000001f4f2e72fb0 JavaThread "Finalizer"                  daemon [_thread_blocked, id=118308, stack(0x000000d820200000,0x000000d820300000) (1024K)]
  0x000001f4f2e77890 JavaThread "Signal Dispatcher"          daemon [_thread_blocked, id=13292, stack(0x000000d820300000,0x000000d820400000) (1024K)]
  0x000001f4f2e784e0 JavaThread "Attach Listener"            daemon [_thread_blocked, id=132896, stack(0x000000d820400000,0x000000d820500000) (1024K)]
  0x000001f4f2e7af40 JavaThread "Service Thread"             daemon [_thread_blocked, id=133092, stack(0x000000d820500000,0x000000d820600000) (1024K)]
  0x000001f4f2e7b990 JavaThread "Monitor Deflation Thread"   daemon [_thread_blocked, id=134124, stack(0x000000d820600000,0x000000d820700000) (1024K)]
  0x000001f4f2e7c7c0 JavaThread "C2 CompilerThread0"         daemon [_thread_blocked, id=134420, stack(0x000000d820700000,0x000000d820800000) (1024K)]
  0x000001f4fc1806f0 JavaThread "C1 CompilerThread0"         daemon [_thread_blocked, id=130956, stack(0x000000d820800000,0x000000d820900000) (1024K)]
  0x000001f4fc2f6bc0 JavaThread "Common-Cleaner"             daemon [_thread_blocked, id=133320, stack(0x000000d820900000,0x000000d820a00000) (1024K)]
Total: 10

Other Threads:
  0x000001f4f2e60bb0 VMThread "VM Thread"                           [id=132640, stack(0x000000d820000000,0x000000d820100000) (1024K)]
  0x000001f4f2f6dec0 WatcherThread "VM Periodic Task Thread"        [id=135604, stack(0x000000d81ff00000,0x000000d820000000) (1024K)]
  0x000001f4f2f22090 WorkerThread "GC Thread#0"                     [id=79524, stack(0x000000d81fe00000,0x000000d81ff00000) (1024K)]
Total: 3

Threads with active compile tasks:
Total: 0

VM state: not at safepoint (normal execution)

VM Mutex/Monitor currently owned by a thread:  ([mutex/lock_event])
[0x00007ffa959db4f0] Metaspace_lock - owner thread: 0x000001f4f2f052c0

Heap address: 0x0000000080000000, size: 2048 MB, Compressed Oops mode: 32-bit

CDS archive(s) mapped at: [0x000001f48f000000-0x000001f48fba0000-0x000001f48fba0000), size 12189696, SharedBaseAddress: 0x000001f48f000000, ArchiveRelocationMode: 1.
Compressed class space mapped at: 0x000001f490000000-0x000001f4d0000000, reserved size: 1073741824
Narrow klass base: 0x000001f48f000000, Narrow klass shift: 0, Narrow klass range: 0x100000000

GC Precious Log:
 CardTable entry size: 512
 CPUs: 8 total, 8 available
 Memory: 24412M
 Large Page Support: Disabled
 NUMA Support: Disabled
 Compressed Oops: Enabled (32-bit)
 Alignments: Space 512K, Generation 512K, Heap 2M
 Heap Min Capacity: 100M
 Heap Initial Capacity: 100M
 Heap Max Capacity: 2G
 Pre-touch: Disabled
 Parallel Workers: 8

Heap:
 PSYoungGen      total 29696K, used 6408K [0x00000000d5580000, 0x00000000d7680000, 0x0000000100000000)
  eden space 25600K, 25% used [0x00000000d5580000,0x00000000d5bc2370,0x00000000d6e80000)
  from space 4096K, 0% used [0x00000000d7280000,0x00000000d7280000,0x00000000d7680000)
  to   space 4096K, 0% used [0x00000000d6e80000,0x00000000d6e80000,0x00000000d7280000)
 ParOldGen       total 68608K, used 0K [0x0000000080000000, 0x0000000084300000, 0x00000000d5580000)
  object space 68608K, 0% used [0x0000000080000000,0x0000000080000000,0x0000000084300000)
 Metaspace       used 851K, committed 960K, reserved 1114112K
  class space    used 70K, committed 128K, reserved 1048576K

Card table byte_map: [0x000001f4f28b0000,0x000001f4f2cc0000] _byte_map_base: 0x000001f4f24b0000

Marking Bits: (ParMarkBitMap*) 0x00007ffa959e2460
 Begin Bits: [0x000001f4f63c0000, 0x000001f4f83c0000)
 End Bits:   [0x000001f4f83c0000, 0x000001f4fa3c0000)

Polling page: 0x000001f4f0d70000

Metaspace:

Usage:
  Non-class:    781.65 KB used.
      Class:     70.34 KB used.
       Both:    851.99 KB used.

Virtual space:
  Non-class space:       64.00 MB reserved,     832.00 KB (  1%) committed,  1 nodes.
      Class space:        1.00 GB reserved,     128.00 KB ( <1%) committed,  1 nodes.
             Both:        1.06 GB reserved,     960.00 KB ( <1%) committed. 

Chunk freelists:
   Non-Class:  11.80 MB
       Class:  15.70 MB
        Both:  27.50 MB

MaxMetaspaceSize: unlimited
CompressedClassSpaceSize: 1.00 GB
Initial GC threshold: 21.00 MB
Current GC threshold: 21.00 MB
CDS: on
 - commit_granule_bytes: 65536.
 - commit_granule_words: 8192.
 - virtual_space_node_default_size: 8388608.
 - enlarge_chunks_in_place: 1.
 - use_allocation_guard: 0.


Internal statistics:

num_allocs_failed_limit: 0.
num_arena_births: 60.
num_arena_deaths: 0.
num_vsnodes_births: 2.
num_vsnodes_deaths: 0.
num_space_committed: 15.
num_space_uncommitted: 0.
num_chunks_returned_to_freelist: 0.
num_chunks_taken_from_freelist: 73.
num_chunk_merges: 0.
num_chunk_splits: 52.
num_chunks_enlarged: 32.
num_inconsistent_stats: 0.

CodeHeap 'non-profiled nmethods': size=120000Kb used=142Kb max_used=142Kb free=119857Kb
 bounds [0x000001f487ad0000, 0x000001f487d40000, 0x000001f48f000000]
CodeHeap 'profiled nmethods': size=120000Kb used=595Kb max_used=595Kb free=119404Kb
 bounds [0x000001f480000000, 0x000001f480270000, 0x000001f487530000]
CodeHeap 'non-nmethods': size=5760Kb used=1146Kb max_used=1162Kb free=4613Kb
 bounds [0x000001f487530000, 0x000001f4877a0000, 0x000001f487ad0000]
CodeCache: size=245760Kb, used=1883Kb, max_used=1899Kb, free=243874Kb
 total_blobs=837, nmethods=443, adapters=301, full_count=0
Compilation: enabled, stopped_count=0, restarted_count=0

Compilation events (20 events):
Event: 0.697 Thread 0x000001f4fc1806f0  435       3       jdk.internal.misc.Blocker::end (71 bytes)
Event: 0.697 Thread 0x000001f4f2e7c7c0 nmethod 427 0x000001f487af1210 code [0x000001f487af13e0, 0x000001f487af1a58]
Event: 0.697 Thread 0x000001f4f2e7c7c0  426       4       java.lang.StringLatin1::indexOf (37 bytes)
Event: 0.697 Thread 0x000001f4fc1806f0 nmethod 435 0x000001f480093810 code [0x000001f480093a00, 0x000001f480093ec0]
Event: 0.697 Thread 0x000001f4fc1806f0  436       3       jdk.internal.misc.Blocker::currentCarrierThread (9 bytes)
Event: 0.697 Thread 0x000001f4fc1806f0 nmethod 436 0x000001f480094090 code [0x000001f480094240, 0x000001f4800943a8]
Event: 0.698 Thread 0x000001f4f2e7c7c0 nmethod 426 0x000001f487af1d10 code [0x000001f487af1ea0, 0x000001f487af20d0]
Event: 0.699 Thread 0x000001f4f2e7c7c0  437       4       java.net.URI::match (56 bytes)
Event: 0.699 Thread 0x000001f4f2e7c7c0 nmethod 437 0x000001f487af2210 code [0x000001f487af23a0, 0x000001f487af24c8]
Event: 0.699 Thread 0x000001f4f2e7c7c0  438       4       java.lang.AbstractStringBuilder::ensureCapacityInternal (39 bytes)
Event: 0.703 Thread 0x000001f4f2e7c7c0 nmethod 438 0x000001f487af2590 code [0x000001f487af2740, 0x000001f487af2c08]
Event: 0.703 Thread 0x000001f4f2e7c7c0  439       4       java.lang.String::indexOf (7 bytes)
Event: 0.703 Thread 0x000001f4fc1806f0  440       3       java.lang.String::startsWith (7 bytes)
Event: 0.704 Thread 0x000001f4fc1806f0 nmethod 440 0x000001f480094490 code [0x000001f480094640, 0x000001f480094780]
Event: 0.704 Thread 0x000001f4f2e7c7c0 nmethod 439 0x000001f487af2d90 code [0x000001f487af2f20, 0x000001f487af3170]
Event: 0.706 Thread 0x000001f4fc1806f0  441       3       java.util.zip.ZipUtils::CENTIM (9 bytes)
Event: 0.706 Thread 0x000001f4fc1806f0 nmethod 441 0x000001f480094810 code [0x000001f4800949c0, 0x000001f480094c98]
Event: 0.707 Thread 0x000001f4f2e7c7c0  442       4       lombok.launch.ClassFileMetaData::readValue (27 bytes)
Event: 0.707 Thread 0x000001f4f2e7c7c0 nmethod 442 0x000001f487af3310 code [0x000001f487af34a0, 0x000001f487af35a8]
Event: 0.707 Thread 0x000001f4f2e7c7c0  443       4       lombok.launch.PackageShader::readValue (21 bytes)

GC Heap History (0 events):
No events

Dll operation events (7 events):
Event: 0.014 Loaded shared library c:\Users\tangw\.vscode\extensions\redhat.java-1.52.0-win32-x64\jre\21.0.9-win32-x86_64\bin\java.dll
Event: 0.342 Loaded shared library c:\Users\tangw\.vscode\extensions\redhat.java-1.52.0-win32-x64\jre\21.0.9-win32-x86_64\bin\zip.dll
Event: 0.376 Loaded shared library C:\Users\tangw\.vscode\extensions\redhat.java-1.52.0-win32-x64\jre\21.0.9-win32-x86_64\bin\instrument.dll
Event: 0.428 Loaded shared library C:\Users\tangw\.vscode\extensions\redhat.java-1.52.0-win32-x64\jre\21.0.9-win32-x86_64\bin\net.dll
Event: 0.462 Loaded shared library C:\Users\tangw\.vscode\extensions\redhat.java-1.52.0-win32-x64\jre\21.0.9-win32-x86_64\bin\nio.dll
Event: 0.468 Loaded shared library C:\Users\tangw\.vscode\extensions\redhat.java-1.52.0-win32-x64\jre\21.0.9-win32-x86_64\bin\zip.dll
Event: 0.505 Loaded shared library C:\Users\tangw\.vscode\extensions\redhat.java-1.52.0-win32-x64\jre\21.0.9-win32-x86_64\bin\jimage.dll

Deoptimization events (16 events):
Event: 0.474 Thread 0x000001f4f2f052c0 Uncommon trap: trap_request=0xffffffde fr.pc=0x000001f487adfc48 relative=0x0000000000000808
Event: 0.474 Thread 0x000001f4f2f052c0 Uncommon trap: reason=class_check action=maybe_recompile pc=0x000001f487adfc48 method=java.util.HashMap.putVal(ILjava/lang/Object;Ljava/lang/Object;ZZ)Ljava/lang/Object; @ 152 c2
Event: 0.474 Thread 0x000001f4f2f052c0 DEOPT PACKING pc=0x000001f487adfc48 sp=0x000000d81fdfea40
Event: 0.474 Thread 0x000001f4f2f052c0 DEOPT UNPACKING pc=0x000001f487583aa2 sp=0x000000d81fdfe9a0 mode 2
Event: 0.475 Thread 0x000001f4f2f052c0 Uncommon trap: trap_request=0xffffffde fr.pc=0x000001f487adfc48 relative=0x0000000000000808
Event: 0.475 Thread 0x000001f4f2f052c0 Uncommon trap: reason=class_check action=maybe_recompile pc=0x000001f487adfc48 method=java.util.HashMap.putVal(ILjava/lang/Object;Ljava/lang/Object;ZZ)Ljava/lang/Object; @ 152 c2
Event: 0.475 Thread 0x000001f4f2f052c0 DEOPT PACKING pc=0x000001f487adfc48 sp=0x000000d81fdfea40
Event: 0.475 Thread 0x000001f4f2f052c0 DEOPT UNPACKING pc=0x000001f487583aa2 sp=0x000000d81fdfe9a0 mode 2
Event: 0.517 Thread 0x000001f4f2f052c0 DEOPT PACKING pc=0x000001f480039b49 sp=0x000000d81fdfe820
Event: 0.517 Thread 0x000001f4f2f052c0 DEOPT UNPACKING pc=0x000001f487584242 sp=0x000000d81fdfdca8 mode 0
Event: 0.518 Thread 0x000001f4f2f052c0 DEOPT PACKING pc=0x000001f480039b49 sp=0x000000d81fdfe820
Event: 0.518 Thread 0x000001f4f2f052c0 DEOPT UNPACKING pc=0x000001f487584242 sp=0x000000d81fdfdca8 mode 0
Event: 0.518 Thread 0x000001f4f2f052c0 DEOPT PACKING pc=0x000001f480039b49 sp=0x000000d81fdfe820
Event: 0.518 Thread 0x000001f4f2f052c0 DEOPT UNPACKING pc=0x000001f487584242 sp=0x000000d81fdfdca8 mode 0
Event: 0.519 Thread 0x000001f4f2f052c0 DEOPT PACKING pc=0x000001f480039b49 sp=0x000000d81fdfe820
Event: 0.519 Thread 0x000001f4f2f052c0 DEOPT UNPACKING pc=0x000001f487584242 sp=0x000000d81fdfdca8 mode 0

Classes loaded (20 events):
Event: 0.526 Loading class sun/net/www/MessageHeader
Event: 0.526 Loading class sun/net/www/MessageHeader done
Event: 0.526 Loading class sun/net/www/protocol/jar/URLJarFile
Event: 0.526 Loading class sun/net/www/protocol/jar/URLJarFile done
Event: 0.529 Loading class sun/net/www/protocol/jar/URLJarFile$URLJarFileEntry
Event: 0.529 Loading class sun/net/www/protocol/jar/URLJarFile$URLJarFileEntry done
Event: 0.529 Loading class sun/net/www/protocol/jar/JarURLConnection$JarURLInputStream
Event: 0.529 Loading class sun/net/www/protocol/jar/JarURLConnection$JarURLInputStream done
Event: 0.530 Loading class java/lang/AssertionError
Event: 0.531 Loading class java/lang/AssertionError done
Event: 0.535 Loading class sun/net/www/protocol/jrt/Handler
Event: 0.535 Loading class sun/net/www/protocol/jrt/Handler done
Event: 0.586 Loading class jdk/internal/foreign/MemorySessionImpl
Event: 0.586 Loading class java/lang/foreign/MemorySegment$Scope
Event: 0.586 Loading class java/lang/foreign/MemorySegment$Scope done
Event: 0.586 Loading class jdk/internal/foreign/MemorySessionImpl done
Event: 0.587 Loading class sun/invoke/util/ValueConversions$1
Event: 0.587 Loading class sun/invoke/util/ValueConversions$1 done
Event: 0.588 Loading class java/lang/invoke/BoundMethodHandle$Species_LI
Event: 0.588 Loading class java/lang/invoke/BoundMethodHandle$Species_LI done

Classes unloaded (0 events):
No events

Classes redefined (0 events):
No events

Internal exceptions (10 events):
Event: 0.264 Thread 0x000001f4f2f052c0 Exception <a 'java/lang/NoSuchMethodError'{0x00000000d57a9608}: 'void java.lang.invoke.DirectMethodHandle$Holder.invokeStatic(java.lang.Object, java.lang.Object, java.lang.Object)'> (0x00000000d57a9608) 
thrown [s\src\hotspot\share\interpreter\linkResolver.cpp, line 773]
Event: 0.486 Thread 0x000001f4f2f052c0 Exception <a 'java/lang/NoSuchMethodError'{0x00000000d5912c08}: 'java.lang.Object java.lang.invoke.Invokers$Holder.invokeExact_MT(java.lang.Object, java.lang.Object, java.lang.Object, java.lang.Object, java.lang.Object)'> (0x00000000d5912c08) 
thrown [s\src\hotspot\share\interpreter\linkResolver.cpp, line 773]
Event: 0.588 Thread 0x000001f4f2f052c0 Exception <a 'java/lang/NoSuchMethodError'{0x00000000d59cc260}: 'int java.lang.invoke.DirectMethodHandle$Holder.invokeSpecial(java.lang.Object, java.lang.Object, java.lang.Object, int)'> (0x00000000d59cc260) 
thrown [s\src\hotspot\share\interpreter\linkResolver.cpp, line 773]
Event: 0.592 Thread 0x000001f4f2f052c0 Exception <a 'java/lang/NoSuchMethodError'{0x00000000d59dec48}: 'java.lang.Object java.lang.invoke.DirectMethodHandle$Holder.invokeStatic(java.lang.Object, java.lang.Object, java.lang.Object, java.lang.Object, int)'> (0x00000000d59dec48) 
thrown [s\src\hotspot\share\interpreter\linkResolver.cpp, line 773]
Event: 0.594 Thread 0x000001f4f2f052c0 Exception <a 'java/lang/NoSuchMethodError'{0x00000000d59ea088}: 'void java.lang.invoke.DelegatingMethodHandle$Holder.reinvoke_L(java.lang.Object, java.lang.Object, java.lang.Object, int, java.lang.Object)'> (0x00000000d59ea088) 
thrown [s\src\hotspot\share\interpreter\linkResolver.cpp, line 773]
Event: 0.601 Thread 0x000001f4f2f052c0 Exception <a 'java/lang/NoSuchMethodError'{0x00000000d59fa9d8}: 'int java.lang.invoke.DirectMethodHandle$Holder.invokeSpecial(java.lang.Object, java.lang.Object, java.lang.Object)'> (0x00000000d59fa9d8) 
thrown [s\src\hotspot\share\interpreter\linkResolver.cpp, line 773]
Event: 0.607 Thread 0x000001f4f2f052c0 Exception <a 'java/lang/NoSuchMethodError'{0x00000000d5a06698}: 'java.lang.Object java.lang.invoke.DirectMethodHandle$Holder.invokeStatic(java.lang.Object, java.lang.Object, int)'> (0x00000000d5a06698) 
thrown [s\src\hotspot\share\interpreter\linkResolver.cpp, line 773]
Event: 0.609 Thread 0x000001f4f2f052c0 Exception <a 'java/lang/NoSuchMethodError'{0x00000000d5a0afe8}: 'void java.lang.invoke.DirectMethodHandle$Holder.invokeStatic(java.lang.Object, java.lang.Object, int, java.lang.Object)'> (0x00000000d5a0afe8) 
thrown [s\src\hotspot\share\interpreter\linkResolver.cpp, line 773]
Event: 0.610 Thread 0x000001f4f2f052c0 Exception <a 'java/lang/NoSuchMethodError'{0x00000000d5a0eb78}: 'void java.lang.invoke.DirectMethodHandle$Holder.invokeSpecial(java.lang.Object, java.lang.Object, java.lang.Object, int, java.lang.Object)'> (0x00000000d5a0eb78) 
thrown [s\src\hotspot\share\interpreter\linkResolver.cpp, line 773]
Event: 0.612 Thread 0x000001f4f2f052c0 Exception <a 'java/lang/NoSuchMethodError'{0x00000000d5a11fe8}: 'void java.lang.invoke.DelegatingMethodHandle$Holder.delegate(java.lang.Object, java.lang.Object, int, java.lang.Object)'> (0x00000000d5a11fe8) 
thrown [s\src\hotspot\share\interpreter\linkResolver.cpp, line 773]

ZGC Phase Switch (0 events):
No events

VM Operations (4 events):
Event: 0.306 Executing VM operation: HandshakeAllThreads (Deoptimize)
Event: 0.306 Executing VM operation: HandshakeAllThreads (Deoptimize) done
Event: 0.526 Executing VM operation: HandshakeAllThreads (Deoptimize)
Event: 0.526 Executing VM operation: HandshakeAllThreads (Deoptimize) done

Memory protections (0 events):
No events

Nmethod flushes (0 events):
No events

Events (10 events):
Event: 0.038 Thread 0x000001f4f2f052c0 Thread added: 0x000001f4f2f052c0
Event: 0.118 Thread 0x000001f4f2f052c0 Thread added: 0x000001f4f2fce110
Event: 0.118 Thread 0x000001f4f2f052c0 Thread added: 0x000001f4f2e72fb0
Event: 0.118 Thread 0x000001f4f2f052c0 Thread added: 0x000001f4f2e77890
Event: 0.119 Thread 0x000001f4f2f052c0 Thread added: 0x000001f4f2e784e0
Event: 0.119 Thread 0x000001f4f2f052c0 Thread added: 0x000001f4f2e7af40
Event: 0.119 Thread 0x000001f4f2f052c0 Thread added: 0x000001f4f2e7b990
Event: 0.119 Thread 0x000001f4f2f052c0 Thread added: 0x000001f4f2e7c7c0
Event: 0.155 Thread 0x000001f4f2f052c0 Thread added: 0x000001f4fc1806f0
Event: 0.382 Thread 0x000001f4f2f052c0 Thread added: 0x000001f4fc2f6bc0


Dynamic libraries:
0x00007ff7a6850000 - 0x00007ff7a685e000 	c:\Users\tangw\.vscode\extensions\redhat.java-1.52.0-win32-x64\jre\21.0.9-win32-x86_64\bin\java.exe
0x00007ffba1510000 - 0x00007ffba1708000 	C:\Windows\SYSTEM32\ntdll.dll
0x00007ffb9f650000 - 0x00007ffb9f712000 	C:\Windows\System32\KERNEL32.DLL
0x00007ffb9f030000 - 0x00007ffb9f326000 	C:\Windows\System32\KERNELBASE.dll
0x00007ffb9ee90000 - 0x00007ffb9ef90000 	C:\Windows\System32\ucrtbase.dll
0x00007ffb6f2b0000 - 0x00007ffb6f2c8000 	c:\Users\tangw\.vscode\extensions\redhat.java-1.52.0-win32-x64\jre\21.0.9-win32-x86_64\bin\jli.dll
0x00007ffba0ee0000 - 0x00007ffba1081000 	C:\Windows\System32\USER32.dll
0x00007ffb5de10000 - 0x00007ffb5de2e000 	c:\Users\tangw\.vscode\extensions\redhat.java-1.52.0-win32-x64\jre\21.0.9-win32-x86_64\bin\VCRUNTIME140.dll
0x00007ffb9f330000 - 0x00007ffb9f352000 	C:\Windows\System32\win32u.dll
0x00007ffb9f530000 - 0x00007ffb9f55b000 	C:\Windows\System32\GDI32.dll
0x00007ffb9f360000 - 0x00007ffb9f479000 	C:\Windows\System32\gdi32full.dll
0x00007ffb9ef90000 - 0x00007ffb9f02d000 	C:\Windows\System32\msvcp_win.dll
0x00007ffb8c520000 - 0x00007ffb8c7bb000 	C:\Windows\WinSxS\amd64_microsoft.windows.common-controls_6595b64144ccf1df_6.0.19041.6456_none_60b8a6cb71f64256\COMCTL32.dll
0x00007ffba05a0000 - 0x00007ffba063e000 	C:\Windows\System32\msvcrt.dll
0x00007ffb9fe90000 - 0x00007ffb9febf000 	C:\Windows\System32\IMM32.DLL
0x00007ffb82140000 - 0x00007ffb8214c000 	c:\Users\tangw\.vscode\extensions\redhat.java-1.52.0-win32-x64\jre\21.0.9-win32-x86_64\bin\vcruntime140_1.dll
0x00007ffb04a90000 - 0x00007ffb04b1d000 	c:\Users\tangw\.vscode\extensions\redhat.java-1.52.0-win32-x64\jre\21.0.9-win32-x86_64\bin\msvcp140.dll
0x00007ffa94d20000 - 0x00007ffa95ac0000 	c:\Users\tangw\.vscode\extensions\redhat.java-1.52.0-win32-x64\jre\21.0.9-win32-x86_64\bin\server\jvm.dll
0x00007ffba0640000 - 0x00007ffba06f1000 	C:\Windows\System32\ADVAPI32.dll
0x00007ffba0c30000 - 0x00007ffba0ccf000 	C:\Windows\System32\sechost.dll
0x00007ffba0dc0000 - 0x00007ffba0ee0000 	C:\Windows\System32\RPCRT4.dll
0x00007ffb9eba0000 - 0x00007ffb9ebc7000 	C:\Windows\System32\bcrypt.dll
0x00007ffba01d0000 - 0x00007ffba023b000 	C:\Windows\System32\WS2_32.dll
0x00007ffb9ea00000 - 0x00007ffb9ea4b000 	C:\Windows\SYSTEM32\POWRPROF.dll
0x00007ffb8cd10000 - 0x00007ffb8cd37000 	C:\Windows\SYSTEM32\WINMM.dll
0x00007ffb994a0000 - 0x00007ffb994aa000 	C:\Windows\SYSTEM32\VERSION.dll
0x00007ffb9e9e0000 - 0x00007ffb9e9f2000 	C:\Windows\SYSTEM32\UMPDC.dll
0x00007ffb9d370000 - 0x00007ffb9d382000 	C:\Windows\SYSTEM32\kernel.appcore.dll
0x00007ffb80770000 - 0x00007ffb8077a000 	c:\Users\tangw\.vscode\extensions\redhat.java-1.52.0-win32-x64\jre\21.0.9-win32-x86_64\bin\jimage.dll
0x00007ffb9c8b0000 - 0x00007ffb9cab1000 	C:\Windows\SYSTEM32\DBGHELP.DLL
0x00007ffb84a20000 - 0x00007ffb84a54000 	C:\Windows\SYSTEM32\dbgcore.DLL
0x00007ffb9ee00000 - 0x00007ffb9ee82000 	C:\Windows\System32\bcryptPrimitives.dll
0x00007ffb7e8e0000 - 0x00007ffb7e8ef000 	c:\Users\tangw\.vscode\extensions\redhat.java-1.52.0-win32-x64\jre\21.0.9-win32-x86_64\bin\instrument.dll
0x00007ffb5ddf0000 - 0x00007ffb5de10000 	c:\Users\tangw\.vscode\extensions\redhat.java-1.52.0-win32-x64\jre\21.0.9-win32-x86_64\bin\java.dll
0x00007ffb9f720000 - 0x00007ffb9fe90000 	C:\Windows\System32\SHELL32.dll
0x00007ffb9cbb0000 - 0x00007ffb9d355000 	C:\Windows\SYSTEM32\windows.storage.dll
0x00007ffba0240000 - 0x00007ffba0594000 	C:\Windows\System32\combase.dll
0x00007ffb9e4f0000 - 0x00007ffb9e51b000 	C:\Windows\SYSTEM32\Wldp.dll
0x00007ffba1370000 - 0x00007ffba143d000 	C:\Windows\System32\OLEAUT32.dll
0x00007ffb9fec0000 - 0x00007ffb9ff6d000 	C:\Windows\System32\SHCORE.dll
0x00007ffba1440000 - 0x00007ffba149b000 	C:\Windows\System32\shlwapi.dll
0x00007ffb9ead0000 - 0x00007ffb9eaf4000 	C:\Windows\SYSTEM32\profapi.dll
0x00007ffb4c3a0000 - 0x00007ffb4c3b8000 	c:\Users\tangw\.vscode\extensions\redhat.java-1.52.0-win32-x64\jre\21.0.9-win32-x86_64\bin\zip.dll
0x00007ffb7a680000 - 0x00007ffb7a690000 	C:\Users\tangw\.vscode\extensions\redhat.java-1.52.0-win32-x64\jre\21.0.9-win32-x86_64\bin\net.dll
0x00007ffb96540000 - 0x00007ffb9664a000 	C:\Windows\SYSTEM32\WINHTTP.dll
0x00007ffb9e250000 - 0x00007ffb9e2ba000 	C:\Windows\system32\mswsock.dll
0x00007ffb43d00000 - 0x00007ffb43d16000 	C:\Users\tangw\.vscode\extensions\redhat.java-1.52.0-win32-x64\jre\21.0.9-win32-x86_64\bin\nio.dll

JVMTI agents:
c:\Users\tangw\.vscode\extensions\redhat.java-1.52.0-win32-x64\lombok\lombok-1.18.39-4050.jar path:c:\Users\tangw\.vscode\extensions\redhat.java-1.52.0-win32-x64\jre\21.0.9-win32-x86_64\bin\instrument.dll, loaded, initialized, instrumentlib options:none

dbghelp: loaded successfully - version: 4.0.5 - missing functions: none
symbol engine: initialized successfully - sym options: 0x614 - pdb path: .;c:\Users\tangw\.vscode\extensions\redhat.java-1.52.0-win32-x64\jre\21.0.9-win32-x86_64\bin;C:\Windows\SYSTEM32;C:\Windows\WinSxS\amd64_microsoft.windows.common-controls_6595b64144ccf1df_6.0.19041.6456_none_60b8a6cb71f64256;c:\Users\tangw\.vscode\extensions\redhat.java-1.52.0-win32-x64\jre\21.0.9-win32-x86_64\bin\server

VM Arguments:
jvm_args: --add-modules=ALL-SYSTEM --add-opens=java.base/java.util=ALL-UNNAMED --add-opens=java.base/java.lang=ALL-UNNAMED --add-opens=java.base/sun.nio.fs=ALL-UNNAMED -Declipse.application=org.eclipse.jdt.ls.core.id1 -Dosgi.bundles.defaultStartLevel=4 -Declipse.product=org.eclipse.jdt.ls.core.product -Djava.import.generatesMetadataFilesAtProjectRoot=false -DDetectVMInstallationsJob.disabled=true -Dfile.encoding=utf8 -XX:+UseParallelGC -XX:GCTimeRatio=4 -XX:AdaptiveSizePolicyWeight=90 -Dsun.zip.disableMemoryMapping=true -Xmx2G -Xms100m -Xlog:disable -javaagent:c:\Users\tangw\.vscode\extensions\redhat.java-1.52.0-win32-x64\lombok\lombok-1.18.39-4050.jar 
java_command: c:\Users\tangw\.vscode\extensions\redhat.java-1.52.0-win32-x64\server\plugins\org.eclipse.equinox.launcher_1.7.100.v20251111-0406.jar -configuration c:\Users\tangw\AppData\Roaming\Code\User\globalStorage\redhat.java\1.52.0\config_ss_win -data c:\Users\tangw\AppData\Roaming\Code\User\workspaceStorage\43cfbb8d6b8d628d0c8d492a5cc49a36\redhat.java\ss_ws --pipe=\\.\pipe\lsp-22ee62f9c422603a0133ce92fd8fb8e6-sock
java_class_path (initial): c:\Users\tangw\.vscode\extensions\redhat.java-1.52.0-win32-x64\server\plugins\org.eclipse.equinox.launcher_1.7.100.v20251111-0406.jar
Launcher Type: SUN_STANDARD

[Global flags]
    uintx AdaptiveSizePolicyWeight                 = 90                                        {product} {command line}
     intx CICompilerCount                          = 4                                         {product} {ergonomic}
    uintx GCTimeRatio                              = 4                                         {product} {command line}
   size_t InitialHeapSize                          = 104857600                                 {product} {command line}
   size_t MaxHeapSize                              = 2147483648                                {product} {command line}
   size_t MaxNewSize                               = 715653120                                 {product} {ergonomic}
   size_t MinHeapDeltaBytes                        = 524288                                    {product} {ergonomic}
   size_t MinHeapSize                              = 104857600                                 {product} {command line}
   size_t NewSize                                  = 34603008                                  {product} {ergonomic}
    uintx NonNMethodCodeHeapSize                   = 5839372                                {pd product} {ergonomic}
    uintx NonProfiledCodeHeapSize                  = 122909434                              {pd product} {ergonomic}
   size_t OldSize                                  = 70254592                                  {product} {ergonomic}
    uintx ProfiledCodeHeapSize                     = 122909434                              {pd product} {ergonomic}
    uintx ReservedCodeCacheSize                    = 251658240                              {pd product} {ergonomic}
     bool SegmentedCodeCache                       = true                                      {product} {ergonomic}
   size_t SoftMaxHeapSize                          = 2147483648                             {manageable} {ergonomic}
     bool UseCompressedOops                        = true                           {product lp64_product} {ergonomic}
     bool UseLargePagesIndividualAllocation        = false                                  {pd product} {ergonomic}
     bool UseParallelGC                            = true                                      {product} {command line}

Logging:
Log output configuration:
 #0: stdout all=off uptime,level,tags foldmultilines=false
 #1: stderr all=off uptime,level,tags foldmultilines=false

Release file:
<release file has not been read>
Environment Variables:
PATH=C:\Users\tangw\.pyenv\pyenv-win\bin;C:\Program Files\Common Files\Oracle\Java\javapath;C:\Program Files (x86)\Common Files\Oracle\Java\javapath;C:\Windows\system32;C:\Windows;C:\Windows\System32\Wbem;C:\Windows\System32\WindowsPowerShell\v1.0\;C:\Windows\System32\OpenSSH\;C:\Program Files (x86)\NVIDIA Corporation\PhysX\Common;C:\Program Files\NVIDIA Corporation\NVIDIA NvDLISR;C:\Windows\system32;C:\Windows;C:\Windows\System32\Wbem;C:\Windows\System32\WindowsPowerShell\v1.0\;C:\Windows\System32\OpenSSH\;C:\Program Files\Git\cmd;C:\Users\tangw\AppData\Local\Programs\Python\Python312;C:\Users\tangw\AppData\Local\Programs\Python\Python312\Scripts;C:\ProgramData\chocolatey\bin;C:\Users\tangw\AppData\Roaming\npm;C:\Program Files\Amazon\AWSCLIV2\;C:\Program Files\dotnet\;C:\Program Files (x86)\cloudflared\;C:\Program Files\NVIDIA Corporation\NVIDIA App\NvDLISR;C:\Program Files (x86)\NoteBook FanControl\;C:\Program Files\CMake\bin;C:\Program Files (x86)\Intel\oneAPI\compiler\2025.1\bin;C:\Program Files\Microsoft Visual Studio\2022\Community\Common7\IDE\;C:\Program Files (x86)\Windows Kits\10\Windows Performance Toolkit\;C:\msys64\mingw64\bin;C:\Program Files\Microsoft Visual Studio\2022\Community\VC\Tools\MSVC\14.44.35207\bin\Hostx64\x64;C:\Program Files\HDF_Group\HDF5\1.14.6\bin\;C:\Program Files (x86)\openmc\bin;C:\Program Files (x86)\njoy\bin;C:\swig;C:\swig\vcpkg;C:\Program Files\7-Zip;C:\Program Files\Vim\vim91;C:\Program Files\nodejs20\;C:\Program Files\Docker\Docker\resources\bin;C:\Program Files\GitHub CLI\;C:\Users\tangw\.pyenv\pyenv-win\bin;C:\Users\tangw\.pyenv\pyenv-win\shims;C:\Users\tangw\AppData\Local\Programs\Python\Launcher\;C:\Users\tangw\AppData\Local\Microsoft\WindowsApps;C:\Users\tangw\AppData\Local\Programs\Microsoft VS Code\bin;C:\Program Files (x86)\Nmap;C:\Users\tangw\AppData\Local\Microsoft\WinGet\Links;C:\Users\tangw\AppData\Roaming\npm;C:\Program Files\nodejs20;C:\Users\tangw\AppData\Local\Programs\mongosh\
USERNAME=admin
OS=Windows_NT
PROCESSOR_IDENTIFIER=Intel64 Family 6 Model 165 Stepping 2, GenuineIntel
TMP=C:\Users\tangw\AppData\Local\Temp
TEMP=C:\Users\tangw\AppData\Local\Temp




Periodic native trim disabled

---------------  S Y S T E M  ---------------

OS:
 Windows 10 , 64 bit Build 19041 (10.0.19041.5915)
OS uptime: 0 days 8:44 hours
Hyper-V role detected

CPU: total 8 (initial active 8) (4 cores per cpu, 2 threads per core) family 6 model 165 stepping 2 microcode 0xc8, cx8, cmov, fxsr, ht, mmx, 3dnowpref, sse, sse2, sse3, ssse3, sse4.1, sse4.2, popcnt, lzcnt, tsc, tscinvbit, avx, avx2, aes, erms, clmul, bmi1, bmi2, adx, fma, vzeroupper, clflush, clflushopt, hv, rdtscp, f16c
Processor Information for the first 8 processors :
  Max Mhz: 2496, Current Mhz: 2496, Mhz Limit: 2496

Memory: 4k page, system-wide physical 24412M (1062M free)
TotalPageFile size 35840M (AvailPageFile size 15M)
current process WorkingSet (physical memory assigned to process): 40M, peak: 40M
current process commit charge ("private bytes"): 223M, peak: 223M

vm_info: OpenJDK 64-Bit Server VM (21.0.9+10-LTS) for windows-amd64 JRE (21.0.9+10-LTS), built on 2025-10-21T00:00:00Z by "admin" with unknown MS VC++:1942

END.
